[0.319s] DEBUG:colcon:Command line arguments: ['/usr/bin/colcon', 'build', '--symlink-install']
[0.319s] DEBUG:colcon:Parsed command line arguments: Namespace(log_base=None, log_level=None, verb_name='build', build_base='build', install_base='install', merge_install=False, symlink_install=True, test_result_base=None, continue_on_error=False, executor='parallel', parallel_workers=8, event_handlers=None, ignore_user_meta=False, metas=['./colcon.meta'], base_paths=['.'], packages_ignore=None, packages_ignore_regex=None, paths=None, packages_up_to=None, packages_up_to_regex=None, packages_above=None, packages_above_and_dependencies=None, packages_above_depth=None, packages_select_by_dep=None, packages_skip_by_dep=None, packages_skip_up_to=None, packages_select_build_failed=False, packages_skip_build_finished=False, packages_select_test_failures=False, packages_skip_test_passed=False, packages_select=None, packages_skip=None, packages_select_regex=None, packages_skip_regex=None, packages_start=None, packages_end=None, allow_overriding=[], cmake_args=None, cmake_target=None, cmake_target_skip_unavailable=False, cmake_clean_cache=False, cmake_clean_first=False, cmake_force_configure=False, ament_cmake_args=None, catkin_cmake_args=None, catkin_skip_building_tests=False, verb_parser=<colcon_defaults.argument_parser.defaults.DefaultArgumentsDecorator object at 0x7fdc38ae8220>, verb_extension=<colcon_core.verb.build.BuildVerb object at 0x7fdc38cd46a0>, main=<bound method BuildVerb.main of <colcon_core.verb.build.BuildVerb object at 0x7fdc38cd46a0>>)
[0.487s] Level 1:colcon.colcon_core.package_discovery:discover_packages(colcon_meta) check parameters
[0.488s] Level 1:colcon.colcon_core.package_discovery:discover_packages(recursive) check parameters
[0.488s] Level 1:colcon.colcon_core.package_discovery:discover_packages(ignore) check parameters
[0.488s] Level 1:colcon.colcon_core.package_discovery:discover_packages(path) check parameters
[0.488s] Level 1:colcon.colcon_core.package_discovery:discover_packages(colcon_meta) discover
[0.488s] Level 1:colcon.colcon_core.package_discovery:discover_packages(recursive) discover
[0.488s] INFO:colcon.colcon_core.package_discovery:Crawling recursively for packages in '/home/aaditya/OWL_Sorting/ros2_ws'
[0.488s] Level 1:colcon.colcon_core.package_identification:_identify(.) by extensions ['ignore', 'ignore_ament_install']
[0.488s] Level 1:colcon.colcon_core.package_identification:_identify(.) by extension 'ignore'
[0.488s] Level 1:colcon.colcon_core.package_identification:_identify(.) by extension 'ignore_ament_install'
[0.488s] Level 1:colcon.colcon_core.package_identification:_identify(.) by extensions ['colcon_pkg']
[0.488s] Level 1:colcon.colcon_core.package_identification:_identify(.) by extension 'colcon_pkg'
[0.488s] Level 1:colcon.colcon_core.package_identification:_identify(.) by extensions ['colcon_meta']
[0.488s] Level 1:colcon.colcon_core.package_identification:_identify(.) by extension 'colcon_meta'
[0.488s] Level 1:colcon.colcon_core.package_identification:_identify(.) by extensions ['ros']
[0.488s] Level 1:colcon.colcon_core.package_identification:_identify(.) by extension 'ros'
[0.499s] Level 1:colcon.colcon_core.package_identification:_identify(.) by extensions ['cmake', 'python']
[0.499s] Level 1:colcon.colcon_core.package_identification:_identify(.) by extension 'cmake'
[0.499s] Level 1:colcon.colcon_core.package_identification:_identify(.) by extension 'python'
[0.500s] Level 1:colcon.colcon_core.package_identification:_identify(.) by extensions ['python_setup_py']
[0.500s] Level 1:colcon.colcon_core.package_identification:_identify(.) by extension 'python_setup_py'
[0.500s] Level 1:colcon.colcon_core.package_identification:_identify(build) by extensions ['ignore', 'ignore_ament_install']
[0.500s] Level 1:colcon.colcon_core.package_identification:_identify(build) by extension 'ignore'
[0.500s] Level 1:colcon.colcon_core.package_identification:_identify(build) ignored
[0.500s] Level 1:colcon.colcon_core.package_identification:_identify(install) by extensions ['ignore', 'ignore_ament_install']
[0.500s] Level 1:colcon.colcon_core.package_identification:_identify(install) by extension 'ignore'
[0.500s] Level 1:colcon.colcon_core.package_identification:_identify(install) ignored
[0.500s] Level 1:colcon.colcon_core.package_identification:_identify(log) by extensions ['ignore', 'ignore_ament_install']
[0.500s] Level 1:colcon.colcon_core.package_identification:_identify(log) by extension 'ignore'
[0.500s] Level 1:colcon.colcon_core.package_identification:_identify(log) ignored
[0.500s] Level 1:colcon.colcon_core.package_identification:_identify(src) by extensions ['ignore', 'ignore_ament_install']
[0.501s] Level 1:colcon.colcon_core.package_identification:_identify(src) by extension 'ignore'
[0.501s] Level 1:colcon.colcon_core.package_identification:_identify(src) by extension 'ignore_ament_install'
[0.501s] Level 1:colcon.colcon_core.package_identification:_identify(src) by extensions ['colcon_pkg']
[0.501s] Level 1:colcon.colcon_core.package_identification:_identify(src) by extension 'colcon_pkg'
[0.501s] Level 1:colcon.colcon_core.package_identification:_identify(src) by extensions ['colcon_meta']
[0.501s] Level 1:colcon.colcon_core.package_identification:_identify(src) by extension 'colcon_meta'
[0.501s] Level 1:colcon.colcon_core.package_identification:_identify(src) by extensions ['ros']
[0.501s] Level 1:colcon.colcon_core.package_identification:_identify(src) by extension 'ros'
[0.501s] Level 1:colcon.colcon_core.package_identification:_identify(src) by extensions ['cmake', 'python']
[0.501s] Level 1:colcon.colcon_core.package_identification:_identify(src) by extension 'cmake'
[0.501s] Level 1:colcon.colcon_core.package_identification:_identify(src) by extension 'python'
[0.501s] Level 1:colcon.colcon_core.package_identification:_identify(src) by extensions ['python_setup_py']
[0.501s] Level 1:colcon.colcon_core.package_identification:_identify(src) by extension 'python_setup_py'
[0.501s] Level 1:colcon.colcon_core.package_identification:_identify(src/owl_description) by extensions ['ignore', 'ignore_ament_install']
[0.501s] Level 1:colcon.colcon_core.package_identification:_identify(src/owl_description) by extension 'ignore'
[0.501s] Level 1:colcon.colcon_core.package_identification:_identify(src/owl_description) by extension 'ignore_ament_install'
[0.501s] Level 1:colcon.colcon_core.package_identification:_identify(src/owl_description) by extensions ['colcon_pkg']
[0.501s] Level 1:colcon.colcon_core.package_identification:_identify(src/owl_description) by extension 'colcon_pkg'
[0.501s] Level 1:colcon.colcon_core.package_identification:_identify(src/owl_description) by extensions ['colcon_meta']
[0.501s] Level 1:colcon.colcon_core.package_identification:_identify(src/owl_description) by extension 'colcon_meta'
[0.501s] Level 1:colcon.colcon_core.package_identification:_identify(src/owl_description) by extensions ['ros']
[0.501s] Level 1:colcon.colcon_core.package_identification:_identify(src/owl_description) by extension 'ros'
[0.506s] DEBUG:colcon.colcon_core.package_identification:Package 'src/owl_description' with type 'ros.ament_python' and name 'owl_description'
[0.506s] Level 1:colcon.colcon_core.package_identification:_identify(src/owl_gazebo) by extensions ['ignore', 'ignore_ament_install']
[0.506s] Level 1:colcon.colcon_core.package_identification:_identify(src/owl_gazebo) by extension 'ignore'
[0.506s] Level 1:colcon.colcon_core.package_identification:_identify(src/owl_gazebo) by extension 'ignore_ament_install'
[0.506s] Level 1:colcon.colcon_core.package_identification:_identify(src/owl_gazebo) by extensions ['colcon_pkg']
[0.506s] Level 1:colcon.colcon_core.package_identification:_identify(src/owl_gazebo) by extension 'colcon_pkg'
[0.506s] Level 1:colcon.colcon_core.package_identification:_identify(src/owl_gazebo) by extensions ['colcon_meta']
[0.506s] Level 1:colcon.colcon_core.package_identification:_identify(src/owl_gazebo) by extension 'colcon_meta'
[0.506s] Level 1:colcon.colcon_core.package_identification:_identify(src/owl_gazebo) by extensions ['ros']
[0.506s] Level 1:colcon.colcon_core.package_identification:_identify(src/owl_gazebo) by extension 'ros'
[0.507s] DEBUG:colcon.colcon_core.package_identification:Package 'src/owl_gazebo' with type 'ros.ament_python' and name 'owl_gazebo'
[0.507s] Level 1:colcon.colcon_core.package_identification:_identify(src/owl_moveit_config) by extensions ['ignore', 'ignore_ament_install']
[0.507s] Level 1:colcon.colcon_core.package_identification:_identify(src/owl_moveit_config) by extension 'ignore'
[0.507s] Level 1:colcon.colcon_core.package_identification:_identify(src/owl_moveit_config) by extension 'ignore_ament_install'
[0.507s] Level 1:colcon.colcon_core.package_identification:_identify(src/owl_moveit_config) by extensions ['colcon_pkg']
[0.507s] Level 1:colcon.colcon_core.package_identification:_identify(src/owl_moveit_config) by extension 'colcon_pkg'
[0.507s] Level 1:colcon.colcon_core.package_identification:_identify(src/owl_moveit_config) by extensions ['colcon_meta']
[0.507s] Level 1:colcon.colcon_core.package_identification:_identify(src/owl_moveit_config) by extension 'colcon_meta'
[0.508s] Level 1:colcon.colcon_core.package_identification:_identify(src/owl_moveit_config) by extensions ['ros']
[0.508s] Level 1:colcon.colcon_core.package_identification:_identify(src/owl_moveit_config) by extension 'ros'
[0.508s] DEBUG:colcon.colcon_core.package_identification:Package 'src/owl_moveit_config' with type 'ros.ament_cmake' and name 'owl_moveit_config'
[0.508s] Level 1:colcon.colcon_core.package_discovery:discover_packages(recursive) using defaults
[0.509s] Level 1:colcon.colcon_core.package_discovery:discover_packages(ignore) discover
[0.509s] Level 1:colcon.colcon_core.package_discovery:discover_packages(ignore) using defaults
[0.509s] Level 1:colcon.colcon_core.package_discovery:discover_packages(path) discover
[0.509s] Level 1:colcon.colcon_core.package_discovery:discover_packages(path) using defaults
[0.528s] Level 1:colcon.colcon_core.package_discovery:discover_packages(prefix_path) check parameters
[0.528s] Level 1:colcon.colcon_core.package_discovery:discover_packages(prefix_path) discover
[0.529s] DEBUG:colcon.colcon_installed_package_information.package_discovery:Found 3 installed packages in /home/aaditya/OWL_Sorting/ros2_ws/install
[0.530s] DEBUG:colcon.colcon_installed_package_information.package_discovery:Found 1 installed packages in /home/aaditya/Intro-to-robotics/ass3/ros2_ws_2/install
[0.530s] DEBUG:colcon.colcon_installed_package_information.package_discovery:Found 1 installed packages in /home/aaditya/Intro-to-robotics/ass1/ros2_ws/install
[0.530s] DEBUG:colcon.colcon_installed_package_information.package_discovery:Found 1 installed packages in /home/aaditya/ros2_ws/install
[0.532s] DEBUG:colcon.colcon_installed_package_information.package_discovery:Found 323 installed packages in /opt/ros/humble
[0.533s] Level 1:colcon.colcon_core.package_discovery:discover_packages(prefix_path) using defaults
[0.584s] Level 5:colcon.colcon_core.verb:set package 'owl_description' build argument 'cmake_args' from command line to 'None'
[0.584s] Level 5:colcon.colcon_core.verb:set package 'owl_description' build argument 'cmake_target' from command line to 'None'
[0.584s] Level 5:colcon.colcon_core.verb:set package 'owl_description' build argument 'cmake_target_skip_unavailable' from command line to 'False'
[0.584s] Level 5:colcon.colcon_core.verb:set package 'owl_description' build argument 'cmake_clean_cache' from command line to 'False'
[0.585s] Level 5:colcon.colcon_core.verb:set package 'owl_description' build argument 'cmake_clean_first' from command line to 'False'
[0.585s] Level 5:colcon.colcon_core.verb:set package 'owl_description' build argument 'cmake_force_configure' from command line to 'False'
[0.585s] Level 5:colcon.colcon_core.verb:set package 'owl_description' build argument 'ament_cmake_args' from command line to 'None'
[0.585s] Level 5:colcon.colcon_core.verb:set package 'owl_description' build argument 'catkin_cmake_args' from command line to 'None'
[0.585s] Level 5:colcon.colcon_core.verb:set package 'owl_description' build argument 'catkin_skip_building_tests' from command line to 'False'
[0.585s] DEBUG:colcon.colcon_core.verb:Building package 'owl_description' with the following arguments: {'ament_cmake_args': None, 'build_base': '/home/aaditya/OWL_Sorting/ros2_ws/build/owl_description', 'catkin_cmake_args': None, 'catkin_skip_building_tests': False, 'cmake_args': None, 'cmake_clean_cache': False, 'cmake_clean_first': False, 'cmake_force_configure': False, 'cmake_target': None, 'cmake_target_skip_unavailable': False, 'install_base': '/home/aaditya/OWL_Sorting/ros2_ws/install/owl_description', 'merge_install': False, 'path': '/home/aaditya/OWL_Sorting/ros2_ws/src/owl_description', 'symlink_install': True, 'test_result_base': None}
[0.586s] Level 5:colcon.colcon_core.verb:set package 'owl_moveit_config' build argument 'cmake_args' from command line to 'None'
[0.586s] Level 5:colcon.colcon_core.verb:set package 'owl_moveit_config' build argument 'cmake_target' from command line to 'None'
[0.586s] Level 5:colcon.colcon_core.verb:set package 'owl_moveit_config' build argument 'cmake_target_skip_unavailable' from command line to 'False'
[0.586s] Level 5:colcon.colcon_core.verb:set package 'owl_moveit_config' build argument 'cmake_clean_cache' from command line to 'False'
[0.586s] Level 5:colcon.colcon_core.verb:set package 'owl_moveit_config' build argument 'cmake_clean_first' from command line to 'False'
[0.586s] Level 5:colcon.colcon_core.verb:set package 'owl_moveit_config' build argument 'cmake_force_configure' from command line to 'False'
[0.586s] Level 5:colcon.colcon_core.verb:set package 'owl_moveit_config' build argument 'ament_cmake_args' from command line to 'None'
[0.586s] Level 5:colcon.colcon_core.verb:set package 'owl_moveit_config' build argument 'catkin_cmake_args' from command line to 'None'
[0.586s] Level 5:colcon.colcon_core.verb:set package 'owl_moveit_config' build argument 'catkin_skip_building_tests' from command line to 'False'
[0.586s] DEBUG:colcon.colcon_core.verb:Building package 'owl_moveit_config' with the following arguments: {'ament_cmake_args': None, 'build_base': '/home/aaditya/OWL_Sorting/ros2_ws/build/owl_moveit_config', 'catkin_cmake_args': None, 'catkin_skip_building_tests': False, 'cmake_args': None, 'cmake_clean_cache': False, 'cmake_clean_first': False, 'cmake_force_configure': False, 'cmake_target': None, 'cmake_target_skip_unavailable': False, 'install_base': '/home/aaditya/OWL_Sorting/ros2_ws/install/owl_moveit_config', 'merge_install': False, 'path': '/home/aaditya/OWL_Sorting/ros2_ws/src/owl_moveit_config', 'symlink_install': True, 'test_result_base': None}
[0.587s] Level 5:colcon.colcon_core.verb:set package 'owl_gazebo' build argument 'cmake_args' from command line to 'None'
[0.587s] Level 5:colcon.colcon_core.verb:set package 'owl_gazebo' build argument 'cmake_target' from command line to 'None'
[0.587s] Level 5:colcon.colcon_core.verb:set package 'owl_gazebo' build argument 'cmake_target_skip_unavailable' from command line to 'False'
[0.587s] Level 5:colcon.colcon_core.verb:set package 'owl_gazebo' build argument 'cmake_clean_cache' from command line to 'False'
[0.587s] Level 5:colcon.colcon_core.verb:set package 'owl_gazebo' build argument 'cmake_clean_first' from command line to 'False'
[0.587s] Level 5:colcon.colcon_core.verb:set package 'owl_gazebo' build argument 'cmake_force_configure' from command line to 'False'
[0.587s] Level 5:colcon.colcon_core.verb:set package 'owl_gazebo' build argument 'ament_cmake_args' from command line to 'None'
[0.587s] Level 5:colcon.colcon_core.verb:set package 'owl_gazebo' build argument 'catkin_cmake_args' from command line to 'None'
[0.587s] Level 5:colcon.colcon_core.verb:set package 'owl_gazebo' build argument 'catkin_skip_building_tests' from command line to 'False'
[0.587s] DEBUG:colcon.colcon_core.verb:Building package 'owl_gazebo' with the following arguments: {'ament_cmake_args': None, 'build_base': '/home/aaditya/OWL_Sorting/ros2_ws/build/owl_gazebo', 'catkin_cmake_args': None, 'catkin_skip_building_tests': False, 'cmake_args': None, 'cmake_clean_cache': False, 'cmake_clean_first': False, 'cmake_force_configure': False, 'cmake_target': None, 'cmake_target_skip_unavailable': False, 'install_base': '/home/aaditya/OWL_Sorting/ros2_ws/install/owl_gazebo', 'merge_install': False, 'path': '/home/aaditya/OWL_Sorting/ros2_ws/src/owl_gazebo', 'symlink_install': True, 'test_result_base': None}
[0.587s] INFO:colcon.colcon_core.executor:Executing jobs using 'parallel' executor
[0.589s] DEBUG:colcon.colcon_parallel_executor.executor.parallel:run_until_complete
[0.590s] INFO:colcon.colcon_ros.task.ament_python.build:Building ROS package in '/home/aaditya/OWL_Sorting/ros2_ws/src/owl_description' with build type 'ament_python'
[0.590s] Level 1:colcon.colcon_core.shell:create_environment_hook('owl_description', 'ament_prefix_path')
[0.593s] INFO:colcon.colcon_core.plugin_system:Skipping extension 'colcon_core.shell.bat': Not used on non-Windows systems
[0.593s] INFO:colcon.colcon_core.shell:Creating environment hook '/home/aaditya/OWL_Sorting/ros2_ws/install/owl_description/share/owl_description/hook/ament_prefix_path.ps1'
[0.595s] INFO:colcon.colcon_core.shell:Creating environment descriptor '/home/aaditya/OWL_Sorting/ros2_ws/install/owl_description/share/owl_description/hook/ament_prefix_path.dsv'
[0.596s] INFO:colcon.colcon_core.shell:Creating environment hook '/home/aaditya/OWL_Sorting/ros2_ws/install/owl_description/share/owl_description/hook/ament_prefix_path.sh'
[0.597s] INFO:colcon.colcon_core.shell:Skip shell extension 'powershell' for command environment: Not usable outside of PowerShell
[0.597s] DEBUG:colcon.colcon_core.shell:Skip shell extension 'dsv' for command environment
[0.883s] INFO:colcon.colcon_core.task.python.build:Building Python package in '/home/aaditya/OWL_Sorting/ros2_ws/src/owl_description'
[0.883s] INFO:colcon.colcon_core.shell:Skip shell extension 'powershell' for command environment: Not usable outside of PowerShell
[0.883s] DEBUG:colcon.colcon_core.shell:Skip shell extension 'dsv' for command environment
[1.366s] DEBUG:colcon.colcon_core.event_handler.log_command:Invoking command in '/home/aaditya/OWL_Sorting/ros2_ws/build/owl_description': PYTHONPATH=/home/aaditya/OWL_Sorting/ros2_ws/build/owl_description/prefix_override:/usr/lib/python3/dist-packages/colcon_core/task/python/colcon_distutils_commands:/home/aaditya/OWL_Sorting/ros2_ws/install/owl_description/lib/python3.10/site-packages:${PYTHONPATH} /usr/bin/python3 -W ignore:setup.py install is deprecated setup.py develop --editable --build-directory /home/aaditya/OWL_Sorting/ros2_ws/build/owl_description/build --no-deps symlink_data
[1.939s] Level 1:colcon.colcon_core.shell:create_environment_hook('owl_description', 'pythonpath_develop')
[1.940s] INFO:colcon.colcon_core.shell:Creating environment hook '/home/aaditya/OWL_Sorting/ros2_ws/build/owl_description/share/owl_description/hook/pythonpath_develop.ps1'
[1.940s] DEBUG:colcon.colcon_core.event_handler.log_command:Invoked command in '/home/aaditya/OWL_Sorting/ros2_ws/build/owl_description' returned '0': PYTHONPATH=/home/aaditya/OWL_Sorting/ros2_ws/build/owl_description/prefix_override:/usr/lib/python3/dist-packages/colcon_core/task/python/colcon_distutils_commands:/home/aaditya/OWL_Sorting/ros2_ws/install/owl_description/lib/python3.10/site-packages:${PYTHONPATH} /usr/bin/python3 -W ignore:setup.py install is deprecated setup.py develop --editable --build-directory /home/aaditya/OWL_Sorting/ros2_ws/build/owl_description/build --no-deps symlink_data
[1.941s] INFO:colcon.colcon_core.shell:Creating environment descriptor '/home/aaditya/OWL_Sorting/ros2_ws/build/owl_description/share/owl_description/hook/pythonpath_develop.dsv'
[1.941s] INFO:colcon.colcon_core.shell:Creating environment hook '/home/aaditya/OWL_Sorting/ros2_ws/build/owl_description/share/owl_description/hook/pythonpath_develop.sh'
[1.944s] Level 1:colcon.colcon_core.environment:checking '/home/aaditya/OWL_Sorting/ros2_ws/install/owl_description' for CMake module files
[1.944s] Level 1:colcon.colcon_core.environment:checking '/home/aaditya/OWL_Sorting/ros2_ws/install/owl_description' for CMake config files
[1.945s] Level 1:colcon.colcon_core.environment:checking '/home/aaditya/OWL_Sorting/ros2_ws/install/owl_description/lib'
[1.945s] Level 1:colcon.colcon_core.environment:checking '/home/aaditya/OWL_Sorting/ros2_ws/install/owl_description/bin'
[1.946s] Level 1:colcon.colcon_core.environment:checking '/home/aaditya/OWL_Sorting/ros2_ws/install/owl_description/lib/pkgconfig/owl_description.pc'
[1.946s] Level 1:colcon.colcon_core.environment:checking '/home/aaditya/OWL_Sorting/ros2_ws/install/owl_description/lib/python3.10/site-packages'
[1.946s] Level 1:colcon.colcon_core.shell:create_environment_hook('owl_description', 'pythonpath')
[1.946s] INFO:colcon.colcon_core.shell:Creating environment hook '/home/aaditya/OWL_Sorting/ros2_ws/install/owl_description/share/owl_description/hook/pythonpath.ps1'
[1.947s] INFO:colcon.colcon_core.shell:Creating environment descriptor '/home/aaditya/OWL_Sorting/ros2_ws/install/owl_description/share/owl_description/hook/pythonpath.dsv'
[1.947s] INFO:colcon.colcon_core.shell:Creating environment hook '/home/aaditya/OWL_Sorting/ros2_ws/install/owl_description/share/owl_description/hook/pythonpath.sh'
[1.947s] Level 1:colcon.colcon_core.environment:checking '/home/aaditya/OWL_Sorting/ros2_ws/install/owl_description/bin'
[1.948s] Level 1:colcon.colcon_core.environment:create_environment_scripts_only(owl_description)
[1.948s] INFO:colcon.colcon_core.shell:Creating package script '/home/aaditya/OWL_Sorting/ros2_ws/install/owl_description/share/owl_description/package.ps1'
[1.949s] INFO:colcon.colcon_core.shell:Creating package descriptor '/home/aaditya/OWL_Sorting/ros2_ws/install/owl_description/share/owl_description/package.dsv'
[1.950s] INFO:colcon.colcon_core.shell:Creating package script '/home/aaditya/OWL_Sorting/ros2_ws/install/owl_description/share/owl_description/package.sh'
[1.950s] INFO:colcon.colcon_core.shell:Creating package script '/home/aaditya/OWL_Sorting/ros2_ws/install/owl_description/share/owl_description/package.bash'
[1.951s] INFO:colcon.colcon_core.shell:Creating package script '/home/aaditya/OWL_Sorting/ros2_ws/install/owl_description/share/owl_description/package.zsh'
[1.952s] Level 1:colcon.colcon_core.environment:create_file_with_runtime_dependencies(/home/aaditya/OWL_Sorting/ros2_ws/install/owl_description/share/colcon-core/packages/owl_description)
[1.952s] INFO:colcon.colcon_ros.task.ament_cmake.build:Building ROS package in '/home/aaditya/OWL_Sorting/ros2_ws/src/owl_moveit_config' with build type 'ament_cmake'
[1.952s] INFO:colcon.colcon_cmake.task.cmake.build:Building CMake package in '/home/aaditya/OWL_Sorting/ros2_ws/src/owl_moveit_config'
[1.953s] INFO:colcon.colcon_core.shell:Skip shell extension 'powershell' for command environment: Not usable outside of PowerShell
[1.953s] DEBUG:colcon.colcon_core.shell:Skip shell extension 'dsv' for command environment
[2.120s] DEBUG:colcon.colcon_core.event_handler.log_command:Invoking command in '/home/aaditya/OWL_Sorting/ros2_ws/build/owl_moveit_config': AMENT_PREFIX_PATH=/home/aaditya/OWL_Sorting/ros2_ws/install/owl_description:/home/aaditya/OWL_Sorting/ros2_ws/install/owl_gazebo:/home/aaditya/Intro-to-robotics/ass1/ros2_ws/install/simmulator:/home/aaditya/ros2_ws/install/my_robot_description:/home/aaditya/Intro-to-robotics/ass3/ros2_ws_2/install/owl:/opt/ros/humble CMAKE_PREFIX_PATH=${CMAKE_PREFIX_PATH}:/home/aaditya/OWL_Sorting/ros2_ws/install/owl_gazebo:/home/aaditya/OWL_Sorting/ros2_ws/install/owl_description:/home/aaditya/Intro-to-robotics/ass1/ros2_ws/install/simmulator:/home/aaditya/Intro-to-robotics/ass3/ros2_ws_2/install/owl:/opt/ros/humble PYTHONPATH=/home/aaditya/OWL_Sorting/ros2_ws/build/owl_description:/home/aaditya/OWL_Sorting/ros2_ws/install/owl_description/lib/python3.10/site-packages:/home/vardan/OWL_Sorting/ros2_ws/build/owl_gazebo:/home/aaditya/OWL_Sorting/ros2_ws/install/owl_gazebo/lib/python3.10/site-packages:/home/vardan/OWL_Sorting/ros2_ws/build/owl_description:/home/aaditya/Intro-to-robotics/ass1/ros2_ws/build/simmulator:/home/aaditya/Intro-to-robotics/ass1/ros2_ws/install/simmulator/lib/python3.10/site-packages:/home/aaditya/Intro-to-robotics/ass3/ros2_ws_2/build/owl:/home/aaditya/Intro-to-robotics/ass3/ros2_ws_2/install/owl/lib/python3.10/site-packages:/opt/ros/humble/lib/python3.10/site-packages:/opt/ros/humble/local/lib/python3.10/dist-packages /usr/bin/cmake --build /home/aaditya/OWL_Sorting/ros2_ws/build/owl_moveit_config -- -j8 -l8
[2.165s] DEBUG:colcon.colcon_core.event_handler.log_command:Invoked command in '/home/aaditya/OWL_Sorting/ros2_ws/build/owl_moveit_config' returned '0': AMENT_PREFIX_PATH=/home/aaditya/OWL_Sorting/ros2_ws/install/owl_description:/home/aaditya/OWL_Sorting/ros2_ws/install/owl_gazebo:/home/aaditya/Intro-to-robotics/ass1/ros2_ws/install/simmulator:/home/aaditya/ros2_ws/install/my_robot_description:/home/aaditya/Intro-to-robotics/ass3/ros2_ws_2/install/owl:/opt/ros/humble CMAKE_PREFIX_PATH=${CMAKE_PREFIX_PATH}:/home/aaditya/OWL_Sorting/ros2_ws/install/owl_gazebo:/home/aaditya/OWL_Sorting/ros2_ws/install/owl_description:/home/aaditya/Intro-to-robotics/ass1/ros2_ws/install/simmulator:/home/aaditya/Intro-to-robotics/ass3/ros2_ws_2/install/owl:/opt/ros/humble PYTHONPATH=/home/aaditya/OWL_Sorting/ros2_ws/build/owl_description:/home/aaditya/OWL_Sorting/ros2_ws/install/owl_description/lib/python3.10/site-packages:/home/vardan/OWL_Sorting/ros2_ws/build/owl_gazebo:/home/aaditya/OWL_Sorting/ros2_ws/install/owl_gazebo/lib/python3.10/site-packages:/home/vardan/OWL_Sorting/ros2_ws/build/owl_description:/home/aaditya/Intro-to-robotics/ass1/ros2_ws/build/simmulator:/home/aaditya/Intro-to-robotics/ass1/ros2_ws/install/simmulator/lib/python3.10/site-packages:/home/aaditya/Intro-to-robotics/ass3/ros2_ws_2/build/owl:/home/aaditya/Intro-to-robotics/ass3/ros2_ws_2/install/owl/lib/python3.10/site-packages:/opt/ros/humble/lib/python3.10/site-packages:/opt/ros/humble/local/lib/python3.10/dist-packages /usr/bin/cmake --build /home/aaditya/OWL_Sorting/ros2_ws/build/owl_moveit_config -- -j8 -l8
[2.202s] DEBUG:colcon.colcon_core.event_handler.log_command:Invoking command in '/home/aaditya/OWL_Sorting/ros2_ws/build/owl_moveit_config': AMENT_PREFIX_PATH=/home/aaditya/OWL_Sorting/ros2_ws/install/owl_description:/home/aaditya/OWL_Sorting/ros2_ws/install/owl_gazebo:/home/aaditya/Intro-to-robotics/ass1/ros2_ws/install/simmulator:/home/aaditya/ros2_ws/install/my_robot_description:/home/aaditya/Intro-to-robotics/ass3/ros2_ws_2/install/owl:/opt/ros/humble CMAKE_PREFIX_PATH=${CMAKE_PREFIX_PATH}:/home/aaditya/OWL_Sorting/ros2_ws/install/owl_gazebo:/home/aaditya/OWL_Sorting/ros2_ws/install/owl_description:/home/aaditya/Intro-to-robotics/ass1/ros2_ws/install/simmulator:/home/aaditya/Intro-to-robotics/ass3/ros2_ws_2/install/owl:/opt/ros/humble PYTHONPATH=/home/aaditya/OWL_Sorting/ros2_ws/build/owl_description:/home/aaditya/OWL_Sorting/ros2_ws/install/owl_description/lib/python3.10/site-packages:/home/vardan/OWL_Sorting/ros2_ws/build/owl_gazebo:/home/aaditya/OWL_Sorting/ros2_ws/install/owl_gazebo/lib/python3.10/site-packages:/home/vardan/OWL_Sorting/ros2_ws/build/owl_description:/home/aaditya/Intro-to-robotics/ass1/ros2_ws/build/simmulator:/home/aaditya/Intro-to-robotics/ass1/ros2_ws/install/simmulator/lib/python3.10/site-packages:/home/aaditya/Intro-to-robotics/ass3/ros2_ws_2/build/owl:/home/aaditya/Intro-to-robotics/ass3/ros2_ws_2/install/owl/lib/python3.10/site-packages:/opt/ros/humble/lib/python3.10/site-packages:/opt/ros/humble/local/lib/python3.10/dist-packages /usr/bin/cmake --install /home/aaditya/OWL_Sorting/ros2_ws/build/owl_moveit_config
[2.228s] Level 1:colcon.colcon_core.environment:create_environment_scripts_only(owl_moveit_config)
[2.229s] Level 1:colcon.colcon_core.environment:checking '/home/aaditya/OWL_Sorting/ros2_ws/install/owl_moveit_config' for CMake module files
[2.229s] DEBUG:colcon.colcon_core.event_handler.log_command:Invoked command in '/home/aaditya/OWL_Sorting/ros2_ws/build/owl_moveit_config' returned '0': AMENT_PREFIX_PATH=/home/aaditya/OWL_Sorting/ros2_ws/install/owl_description:/home/aaditya/OWL_Sorting/ros2_ws/install/owl_gazebo:/home/aaditya/Intro-to-robotics/ass1/ros2_ws/install/simmulator:/home/aaditya/ros2_ws/install/my_robot_description:/home/aaditya/Intro-to-robotics/ass3/ros2_ws_2/install/owl:/opt/ros/humble CMAKE_PREFIX_PATH=${CMAKE_PREFIX_PATH}:/home/aaditya/OWL_Sorting/ros2_ws/install/owl_gazebo:/home/aaditya/OWL_Sorting/ros2_ws/install/owl_description:/home/aaditya/Intro-to-robotics/ass1/ros2_ws/install/simmulator:/home/aaditya/Intro-to-robotics/ass3/ros2_ws_2/install/owl:/opt/ros/humble PYTHONPATH=/home/aaditya/OWL_Sorting/ros2_ws/build/owl_description:/home/aaditya/OWL_Sorting/ros2_ws/install/owl_description/lib/python3.10/site-packages:/home/vardan/OWL_Sorting/ros2_ws/build/owl_gazebo:/home/aaditya/OWL_Sorting/ros2_ws/install/owl_gazebo/lib/python3.10/site-packages:/home/vardan/OWL_Sorting/ros2_ws/build/owl_description:/home/aaditya/Intro-to-robotics/ass1/ros2_ws/build/simmulator:/home/aaditya/Intro-to-robotics/ass1/ros2_ws/install/simmulator/lib/python3.10/site-packages:/home/aaditya/Intro-to-robotics/ass3/ros2_ws_2/build/owl:/home/aaditya/Intro-to-robotics/ass3/ros2_ws_2/install/owl/lib/python3.10/site-packages:/opt/ros/humble/lib/python3.10/site-packages:/opt/ros/humble/local/lib/python3.10/dist-packages /usr/bin/cmake --install /home/aaditya/OWL_Sorting/ros2_ws/build/owl_moveit_config
[2.230s] Level 1:colcon.colcon_core.environment:checking '/home/aaditya/OWL_Sorting/ros2_ws/install/owl_moveit_config' for CMake config files
[2.230s] Level 1:colcon.colcon_core.shell:create_environment_hook('owl_moveit_config', 'cmake_prefix_path')
[2.230s] INFO:colcon.colcon_core.shell:Creating environment hook '/home/aaditya/OWL_Sorting/ros2_ws/install/owl_moveit_config/share/owl_moveit_config/hook/cmake_prefix_path.ps1'
[2.231s] INFO:colcon.colcon_core.shell:Creating environment descriptor '/home/aaditya/OWL_Sorting/ros2_ws/install/owl_moveit_config/share/owl_moveit_config/hook/cmake_prefix_path.dsv'
[2.231s] INFO:colcon.colcon_core.shell:Creating environment hook '/home/aaditya/OWL_Sorting/ros2_ws/install/owl_moveit_config/share/owl_moveit_config/hook/cmake_prefix_path.sh'
[2.232s] Level 1:colcon.colcon_core.environment:checking '/home/aaditya/OWL_Sorting/ros2_ws/install/owl_moveit_config/bin'
[2.232s] Level 1:colcon.colcon_core.environment:checking '/home/aaditya/OWL_Sorting/ros2_ws/install/owl_moveit_config/lib/pkgconfig/owl_moveit_config.pc'
[2.232s] Level 1:colcon.colcon_core.environment:checking '/home/aaditya/OWL_Sorting/ros2_ws/install/owl_moveit_config/lib/python3.10/site-packages'
[2.232s] Level 1:colcon.colcon_core.environment:checking '/home/aaditya/OWL_Sorting/ros2_ws/install/owl_moveit_config/bin'
[2.233s] INFO:colcon.colcon_core.shell:Creating package script '/home/aaditya/OWL_Sorting/ros2_ws/install/owl_moveit_config/share/owl_moveit_config/package.ps1'
[2.233s] INFO:colcon.colcon_core.shell:Creating package descriptor '/home/aaditya/OWL_Sorting/ros2_ws/install/owl_moveit_config/share/owl_moveit_config/package.dsv'
[2.234s] INFO:colcon.colcon_core.shell:Creating package script '/home/aaditya/OWL_Sorting/ros2_ws/install/owl_moveit_config/share/owl_moveit_config/package.sh'
[2.234s] INFO:colcon.colcon_core.shell:Creating package script '/home/aaditya/OWL_Sorting/ros2_ws/install/owl_moveit_config/share/owl_moveit_config/package.bash'
[2.235s] INFO:colcon.colcon_core.shell:Creating package script '/home/aaditya/OWL_Sorting/ros2_ws/install/owl_moveit_config/share/owl_moveit_config/package.zsh'
[2.235s] Level 1:colcon.colcon_core.environment:create_file_with_runtime_dependencies(/home/aaditya/OWL_Sorting/ros2_ws/install/owl_moveit_config/share/colcon-core/packages/owl_moveit_config)
[2.257s] Level 1:colcon.colcon_core.environment:create_environment_scripts_only(owl_moveit_config)
[2.257s] Level 1:colcon.colcon_core.environment:checking '/home/aaditya/OWL_Sorting/ros2_ws/install/owl_moveit_config' for CMake module files
[2.258s] Level 1:colcon.colcon_core.environment:checking '/home/aaditya/OWL_Sorting/ros2_ws/install/owl_moveit_config' for CMake config files
[2.258s] Level 1:colcon.colcon_core.shell:create_environment_hook('owl_moveit_config', 'cmake_prefix_path')
[2.258s] INFO:colcon.colcon_core.shell:Creating environment hook '/home/aaditya/OWL_Sorting/ros2_ws/install/owl_moveit_config/share/owl_moveit_config/hook/cmake_prefix_path.ps1'
[2.259s] INFO:colcon.colcon_core.shell:Creating environment descriptor '/home/aaditya/OWL_Sorting/ros2_ws/install/owl_moveit_config/share/owl_moveit_config/hook/cmake_prefix_path.dsv'
[2.259s] INFO:colcon.colcon_core.shell:Creating environment hook '/home/aaditya/OWL_Sorting/ros2_ws/install/owl_moveit_config/share/owl_moveit_config/hook/cmake_prefix_path.sh'
[2.260s] Level 1:colcon.colcon_core.environment:checking '/home/aaditya/OWL_Sorting/ros2_ws/install/owl_moveit_config/bin'
[2.260s] Level 1:colcon.colcon_core.environment:checking '/home/aaditya/OWL_Sorting/ros2_ws/install/owl_moveit_config/lib/pkgconfig/owl_moveit_config.pc'
[2.260s] Level 1:colcon.colcon_core.environment:checking '/home/aaditya/OWL_Sorting/ros2_ws/install/owl_moveit_config/lib/python3.10/site-packages'
[2.260s] Level 1:colcon.colcon_core.environment:checking '/home/aaditya/OWL_Sorting/ros2_ws/install/owl_moveit_config/bin'
[2.260s] INFO:colcon.colcon_core.shell:Creating package script '/home/aaditya/OWL_Sorting/ros2_ws/install/owl_moveit_config/share/owl_moveit_config/package.ps1'
[2.261s] INFO:colcon.colcon_core.shell:Creating package descriptor '/home/aaditya/OWL_Sorting/ros2_ws/install/owl_moveit_config/share/owl_moveit_config/package.dsv'
[2.261s] INFO:colcon.colcon_core.shell:Creating package script '/home/aaditya/OWL_Sorting/ros2_ws/install/owl_moveit_config/share/owl_moveit_config/package.sh'
[2.262s] INFO:colcon.colcon_core.shell:Creating package script '/home/aaditya/OWL_Sorting/ros2_ws/install/owl_moveit_config/share/owl_moveit_config/package.bash'
[2.262s] INFO:colcon.colcon_core.shell:Creating package script '/home/aaditya/OWL_Sorting/ros2_ws/install/owl_moveit_config/share/owl_moveit_config/package.zsh'
[2.262s] Level 1:colcon.colcon_core.environment:create_file_with_runtime_dependencies(/home/aaditya/OWL_Sorting/ros2_ws/install/owl_moveit_config/share/colcon-core/packages/owl_moveit_config)
[2.263s] INFO:colcon.colcon_ros.task.ament_python.build:Building ROS package in '/home/aaditya/OWL_Sorting/ros2_ws/src/owl_gazebo' with build type 'ament_python'
[2.263s] Level 1:colcon.colcon_core.shell:create_environment_hook('owl_gazebo', 'ament_prefix_path')
[2.264s] INFO:colcon.colcon_core.shell:Creating environment hook '/home/aaditya/OWL_Sorting/ros2_ws/install/owl_gazebo/share/owl_gazebo/hook/ament_prefix_path.ps1'
[2.265s] INFO:colcon.colcon_core.shell:Creating environment descriptor '/home/aaditya/OWL_Sorting/ros2_ws/install/owl_gazebo/share/owl_gazebo/hook/ament_prefix_path.dsv'
[2.265s] INFO:colcon.colcon_core.shell:Creating environment hook '/home/aaditya/OWL_Sorting/ros2_ws/install/owl_gazebo/share/owl_gazebo/hook/ament_prefix_path.sh'
[2.266s] INFO:colcon.colcon_core.shell:Skip shell extension 'powershell' for command environment: Not usable outside of PowerShell
[2.266s] DEBUG:colcon.colcon_core.shell:Skip shell extension 'dsv' for command environment
[2.694s] INFO:colcon.colcon_core.task.python.build:Building Python package in '/home/aaditya/OWL_Sorting/ros2_ws/src/owl_gazebo'
[2.695s] INFO:colcon.colcon_core.shell:Skip shell extension 'powershell' for command environment: Not usable outside of PowerShell
[2.695s] DEBUG:colcon.colcon_core.shell:Skip shell extension 'dsv' for command environment
[3.313s] DEBUG:colcon.colcon_core.event_handler.log_command:Invoking command in '/home/aaditya/OWL_Sorting/ros2_ws/build/owl_gazebo': AMENT_PREFIX_PATH=/home/aaditya/OWL_Sorting/ros2_ws/install/owl_moveit_config:/home/aaditya/OWL_Sorting/ros2_ws/install/owl_description:/home/aaditya/OWL_Sorting/ros2_ws/install/owl_gazebo:/home/aaditya/Intro-to-robotics/ass1/ros2_ws/install/simmulator:/home/aaditya/ros2_ws/install/my_robot_description:/home/aaditya/Intro-to-robotics/ass3/ros2_ws_2/install/owl:/opt/ros/humble PYTHONPATH=/home/aaditya/OWL_Sorting/ros2_ws/build/owl_gazebo/prefix_override:/usr/lib/python3/dist-packages/colcon_core/task/python/colcon_distutils_commands:/home/aaditya/OWL_Sorting/ros2_ws/install/owl_gazebo/lib/python3.10/site-packages:/home/aaditya/OWL_Sorting/ros2_ws/build/owl_description:/home/aaditya/OWL_Sorting/ros2_ws/install/owl_description/lib/python3.10/site-packages:/home/vardan/OWL_Sorting/ros2_ws/build/owl_gazebo:/home/aaditya/OWL_Sorting/ros2_ws/install/owl_gazebo/lib/python3.10/site-packages:/home/vardan/OWL_Sorting/ros2_ws/build/owl_description:/home/aaditya/Intro-to-robotics/ass1/ros2_ws/build/simmulator:/home/aaditya/Intro-to-robotics/ass1/ros2_ws/install/simmulator/lib/python3.10/site-packages:/home/aaditya/Intro-to-robotics/ass3/ros2_ws_2/build/owl:/home/aaditya/Intro-to-robotics/ass3/ros2_ws_2/install/owl/lib/python3.10/site-packages:/opt/ros/humble/lib/python3.10/site-packages:/opt/ros/humble/local/lib/python3.10/dist-packages /usr/bin/python3 -W ignore:setup.py install is deprecated setup.py develop --editable --build-directory /home/aaditya/OWL_Sorting/ros2_ws/build/owl_gazebo/build --no-deps symlink_data
[3.793s] Level 1:colcon.colcon_core.shell:create_environment_hook('owl_gazebo', 'pythonpath_develop')
[3.793s] INFO:colcon.colcon_core.shell:Creating environment hook '/home/aaditya/OWL_Sorting/ros2_ws/build/owl_gazebo/share/owl_gazebo/hook/pythonpath_develop.ps1'
[3.794s] DEBUG:colcon.colcon_core.event_handler.log_command:Invoked command in '/home/aaditya/OWL_Sorting/ros2_ws/build/owl_gazebo' returned '0': AMENT_PREFIX_PATH=/home/aaditya/OWL_Sorting/ros2_ws/install/owl_moveit_config:/home/aaditya/OWL_Sorting/ros2_ws/install/owl_description:/home/aaditya/OWL_Sorting/ros2_ws/install/owl_gazebo:/home/aaditya/Intro-to-robotics/ass1/ros2_ws/install/simmulator:/home/aaditya/ros2_ws/install/my_robot_description:/home/aaditya/Intro-to-robotics/ass3/ros2_ws_2/install/owl:/opt/ros/humble PYTHONPATH=/home/aaditya/OWL_Sorting/ros2_ws/build/owl_gazebo/prefix_override:/usr/lib/python3/dist-packages/colcon_core/task/python/colcon_distutils_commands:/home/aaditya/OWL_Sorting/ros2_ws/install/owl_gazebo/lib/python3.10/site-packages:/home/aaditya/OWL_Sorting/ros2_ws/build/owl_description:/home/aaditya/OWL_Sorting/ros2_ws/install/owl_description/lib/python3.10/site-packages:/home/vardan/OWL_Sorting/ros2_ws/build/owl_gazebo:/home/aaditya/OWL_Sorting/ros2_ws/install/owl_gazebo/lib/python3.10/site-packages:/home/vardan/OWL_Sorting/ros2_ws/build/owl_description:/home/aaditya/Intro-to-robotics/ass1/ros2_ws/build/simmulator:/home/aaditya/Intro-to-robotics/ass1/ros2_ws/install/simmulator/lib/python3.10/site-packages:/home/aaditya/Intro-to-robotics/ass3/ros2_ws_2/build/owl:/home/aaditya/Intro-to-robotics/ass3/ros2_ws_2/install/owl/lib/python3.10/site-packages:/opt/ros/humble/lib/python3.10/site-packages:/opt/ros/humble/local/lib/python3.10/dist-packages /usr/bin/python3 -W ignore:setup.py install is deprecated setup.py develop --editable --build-directory /home/aaditya/OWL_Sorting/ros2_ws/build/owl_gazebo/build --no-deps symlink_data
[3.795s] INFO:colcon.colcon_core.shell:Creating environment descriptor '/home/aaditya/OWL_Sorting/ros2_ws/build/owl_gazebo/share/owl_gazebo/hook/pythonpath_develop.dsv'
[3.796s] INFO:colcon.colcon_core.shell:Creating environment hook '/home/aaditya/OWL_Sorting/ros2_ws/build/owl_gazebo/share/owl_gazebo/hook/pythonpath_develop.sh'
[3.797s] Level 1:colcon.colcon_core.environment:checking '/home/aaditya/OWL_Sorting/ros2_ws/install/owl_gazebo' for CMake module files
[3.797s] Level 1:colcon.colcon_core.environment:checking '/home/aaditya/OWL_Sorting/ros2_ws/install/owl_gazebo' for CMake config files
[3.798s] Level 1:colcon.colcon_core.environment:checking '/home/aaditya/OWL_Sorting/ros2_ws/install/owl_gazebo/lib'
[3.798s] Level 1:colcon.colcon_core.environment:checking '/home/aaditya/OWL_Sorting/ros2_ws/install/owl_gazebo/bin'
[3.798s] Level 1:colcon.colcon_core.environment:checking '/home/aaditya/OWL_Sorting/ros2_ws/install/owl_gazebo/lib/pkgconfig/owl_gazebo.pc'
[3.798s] Level 1:colcon.colcon_core.environment:checking '/home/aaditya/OWL_Sorting/ros2_ws/install/owl_gazebo/lib/python3.10/site-packages'
[3.798s] Level 1:colcon.colcon_core.shell:create_environment_hook('owl_gazebo', 'pythonpath')
[3.798s] INFO:colcon.colcon_core.shell:Creating environment hook '/home/aaditya/OWL_Sorting/ros2_ws/install/owl_gazebo/share/owl_gazebo/hook/pythonpath.ps1'
[3.799s] INFO:colcon.colcon_core.shell:Creating environment descriptor '/home/aaditya/OWL_Sorting/ros2_ws/install/owl_gazebo/share/owl_gazebo/hook/pythonpath.dsv'
[3.799s] INFO:colcon.colcon_core.shell:Creating environment hook '/home/aaditya/OWL_Sorting/ros2_ws/install/owl_gazebo/share/owl_gazebo/hook/pythonpath.sh'
[3.800s] Level 1:colcon.colcon_core.environment:checking '/home/aaditya/OWL_Sorting/ros2_ws/install/owl_gazebo/bin'
[3.800s] Level 1:colcon.colcon_core.environment:create_environment_scripts_only(owl_gazebo)
[3.800s] INFO:colcon.colcon_core.shell:Creating package script '/home/aaditya/OWL_Sorting/ros2_ws/install/owl_gazebo/share/owl_gazebo/package.ps1'
[3.801s] INFO:colcon.colcon_core.shell:Creating package descriptor '/home/aaditya/OWL_Sorting/ros2_ws/install/owl_gazebo/share/owl_gazebo/package.dsv'
[3.801s] INFO:colcon.colcon_core.shell:Creating package script '/home/aaditya/OWL_Sorting/ros2_ws/install/owl_gazebo/share/owl_gazebo/package.sh'
[3.802s] INFO:colcon.colcon_core.shell:Creating package script '/home/aaditya/OWL_Sorting/ros2_ws/install/owl_gazebo/share/owl_gazebo/package.bash'
[3.802s] INFO:colcon.colcon_core.shell:Creating package script '/home/aaditya/OWL_Sorting/ros2_ws/install/owl_gazebo/share/owl_gazebo/package.zsh'
[3.802s] Level 1:colcon.colcon_core.environment:create_file_with_runtime_dependencies(/home/aaditya/OWL_Sorting/ros2_ws/install/owl_gazebo/share/colcon-core/packages/owl_gazebo)
[3.803s] DEBUG:colcon.colcon_parallel_executor.executor.parallel:closing loop
[3.803s] DEBUG:colcon.colcon_parallel_executor.executor.parallel:loop closed
[3.804s] DEBUG:colcon.colcon_parallel_executor.executor.parallel:run_until_complete finished with '0'
[3.804s] DEBUG:colcon.colcon_core.event_reactor:joining thread
[3.891s] INFO:colcon.colcon_core.plugin_system:Skipping extension 'colcon_notification.desktop_notification.notify_send': Could not find 'notify-send'
[3.891s] INFO:colcon.colcon_core.plugin_system:Skipping extension 'colcon_notification.desktop_notification.terminal_notifier': Not used on non-Darwin systems
[3.891s] INFO:colcon.colcon_core.plugin_system:Skipping extension 'colcon_notification.desktop_notification.win32': Not used on non-Windows systems
[3.891s] INFO:colcon.colcon_notification.desktop_notification:Sending desktop notification using 'notify2'
[3.893s] DEBUG:colcon.colcon_notification.desktop_notification.notify2:Failed to initialize notify2: org.freedesktop.DBus.Error.ServiceUnknown: The name org.freedesktop.Notifications was not provided by any .service files
[3.893s] DEBUG:colcon.colcon_core.event_reactor:joined thread
[3.894s] INFO:colcon.colcon_core.shell:Creating prefix script '/home/aaditya/OWL_Sorting/ros2_ws/install/local_setup.ps1'
[3.895s] INFO:colcon.colcon_core.shell:Creating prefix util module '/home/aaditya/OWL_Sorting/ros2_ws/install/_local_setup_util_ps1.py'
[3.897s] INFO:colcon.colcon_core.shell:Creating prefix chain script '/home/aaditya/OWL_Sorting/ros2_ws/install/setup.ps1'
[3.898s] INFO:colcon.colcon_core.shell:Creating prefix script '/home/aaditya/OWL_Sorting/ros2_ws/install/local_setup.sh'
[3.899s] INFO:colcon.colcon_core.shell:Creating prefix util module '/home/aaditya/OWL_Sorting/ros2_ws/install/_local_setup_util_sh.py'
[3.899s] INFO:colcon.colcon_core.shell:Creating prefix chain script '/home/aaditya/OWL_Sorting/ros2_ws/install/setup.sh'
[3.901s] INFO:colcon.colcon_core.shell:Creating prefix script '/home/aaditya/OWL_Sorting/ros2_ws/install/local_setup.bash'
[3.901s] INFO:colcon.colcon_core.shell:Creating prefix chain script '/home/aaditya/OWL_Sorting/ros2_ws/install/setup.bash'
[3.902s] INFO:colcon.colcon_core.shell:Creating prefix script '/home/aaditya/OWL_Sorting/ros2_ws/install/local_setup.zsh'
[3.903s] INFO:colcon.colcon_core.shell:Creating prefix chain script '/home/aaditya/OWL_Sorting/ros2_ws/install/setup.zsh'
