[0.980s] Invoking command in '/home/aaditya/OWL_Sorting/ros2_ws/build/owl_description': PYTHONPATH=/home/aaditya/OWL_Sorting/ros2_ws/build/owl_description/prefix_override:/usr/lib/python3/dist-packages/colcon_core/task/python/colcon_distutils_commands:/home/aaditya/OWL_Sorting/ros2_ws/install/owl_description/lib/python3.10/site-packages:${PYTHONPATH} /usr/bin/python3 -W ignore:setup.py install is deprecated setup.py develop --editable --build-directory /home/aaditya/OWL_Sorting/ros2_ws/build/owl_description/build --no-deps symlink_data
[1.422s] running develop
[1.424s] /usr/lib/python3/dist-packages/setuptools/command/easy_install.py:158: EasyInstallDeprecationWarning: easy_install command is deprecated. Use build and pip and other standards-based tools.
[1.424s]   warnings.warn(
[1.614s] running egg_info
[1.615s] creating owl_description.egg-info
[1.615s] writing owl_description.egg-info/PKG-INFO
[1.617s] writing dependency_links to owl_description.egg-info/dependency_links.txt
[1.617s] writing entry points to owl_description.egg-info/entry_points.txt
[1.617s] writing requirements to owl_description.egg-info/requires.txt
[1.617s] writing top-level names to owl_description.egg-info/top_level.txt
[1.618s] writing manifest file 'owl_description.egg-info/SOURCES.txt'
[1.621s] reading manifest file 'owl_description.egg-info/SOURCES.txt'
[1.623s] writing manifest file 'owl_description.egg-info/SOURCES.txt'
[1.626s] running build_ext
[1.627s] Creating /home/aaditya/OWL_Sorting/ros2_ws/install/owl_description/lib/python3.10/site-packages/owl-description.egg-link (link to .)
[1.628s] 
[1.628s] Installed /home/aaditya/OWL_Sorting/ros2_ws/build/owl_description
[1.629s] running symlink_data
[1.629s] creating /home/aaditya/OWL_Sorting/ros2_ws/install/owl_description/share/ament_index
[1.630s] creating /home/aaditya/OWL_Sorting/ros2_ws/install/owl_description/share/ament_index/resource_index
[1.630s] creating /home/aaditya/OWL_Sorting/ros2_ws/install/owl_description/share/ament_index/resource_index/packages
[1.630s] symbolically linking /home/aaditya/OWL_Sorting/ros2_ws/build/owl_description/resource/owl_description -> /home/aaditya/OWL_Sorting/ros2_ws/install/owl_description/share/ament_index/resource_index/packages
[1.630s] symbolically linking /home/aaditya/OWL_Sorting/ros2_ws/build/owl_description/package.xml -> /home/aaditya/OWL_Sorting/ros2_ws/install/owl_description/share/owl_description
[1.630s] creating /home/aaditya/OWL_Sorting/ros2_ws/install/owl_description/share/owl_description/urdf
[1.630s] symbolically linking /home/aaditya/OWL_Sorting/ros2_ws/build/owl_description/urdf/owl.xacro -> /home/aaditya/OWL_Sorting/ros2_ws/install/owl_description/share/owl_description/urdf
[1.631s] symbolically linking /home/aaditya/OWL_Sorting/ros2_ws/build/owl_description/urdf/robot.xacro -> /home/aaditya/OWL_Sorting/ros2_ws/install/owl_description/share/owl_description/urdf
[1.631s] symbolically linking /home/aaditya/OWL_Sorting/ros2_ws/build/owl_description/urdf/robot.urdf -> /home/aaditya/OWL_Sorting/ros2_ws/install/owl_description/share/owl_description/urdf
[1.632s] creating /home/aaditya/OWL_Sorting/ros2_ws/install/owl_description/share/owl_description/meshes
[1.632s] symbolically linking /home/aaditya/OWL_Sorting/ros2_ws/build/owl_description/meshes/end_effector_link.STL -> /home/aaditya/OWL_Sorting/ros2_ws/install/owl_description/share/owl_description/meshes
[1.632s] symbolically linking /home/aaditya/OWL_Sorting/ros2_ws/build/owl_description/meshes/shoulder_link.STL -> /home/aaditya/OWL_Sorting/ros2_ws/install/owl_description/share/owl_description/meshes
[1.633s] symbolically linking /home/aaditya/OWL_Sorting/ros2_ws/build/owl_description/meshes/link1.STL -> /home/aaditya/OWL_Sorting/ros2_ws/install/owl_description/share/owl_description/meshes
[1.633s] symbolically linking /home/aaditya/OWL_Sorting/ros2_ws/build/owl_description/meshes/w2w3_link.STL -> /home/aaditya/OWL_Sorting/ros2_ws/install/owl_description/share/owl_description/meshes
[1.634s] symbolically linking /home/aaditya/OWL_Sorting/ros2_ws/build/owl_description/meshes/base_link.STL -> /home/aaditya/OWL_Sorting/ros2_ws/install/owl_description/share/owl_description/meshes
[1.634s] symbolically linking /home/aaditya/OWL_Sorting/ros2_ws/build/owl_description/meshes/elbow_link.STL -> /home/aaditya/OWL_Sorting/ros2_ws/install/owl_description/share/owl_description/meshes
[1.634s] symbolically linking /home/aaditya/OWL_Sorting/ros2_ws/build/owl_description/meshes/link2.STL -> /home/aaditya/OWL_Sorting/ros2_ws/install/owl_description/share/owl_description/meshes
[1.635s] creating /home/aaditya/OWL_Sorting/ros2_ws/install/owl_description/share/owl_description/launch
[1.635s] symbolically linking /home/aaditya/OWL_Sorting/ros2_ws/build/owl_description/launch/rviz.launch.py -> /home/aaditya/OWL_Sorting/ros2_ws/install/owl_description/share/owl_description/launch
[1.636s] symbolically linking /home/aaditya/OWL_Sorting/ros2_ws/build/owl_description/launch/sim.launch.py -> /home/aaditya/OWL_Sorting/ros2_ws/install/owl_description/share/owl_description/launch
[1.694s] Invoked command in '/home/aaditya/OWL_Sorting/ros2_ws/build/owl_description' returned '0': PYTHONPATH=/home/aaditya/OWL_Sorting/ros2_ws/build/owl_description/prefix_override:/usr/lib/python3/dist-packages/colcon_core/task/python/colcon_distutils_commands:/home/aaditya/OWL_Sorting/ros2_ws/install/owl_description/lib/python3.10/site-packages:${PYTHONPATH} /usr/bin/python3 -W ignore:setup.py install is deprecated setup.py develop --editable --build-directory /home/aaditya/OWL_Sorting/ros2_ws/build/owl_description/build --no-deps symlink_data
