[0.157s] Invoking command in '/home/aaditya/OWL_Sorting/ros2_ws/build/owl_moveit_config': AMENT_PREFIX_PATH=/home/aaditya/OWL_Sorting/ros2_ws/install/owl_description:/home/aaditya/OWL_Sorting/ros2_ws/install/owl_gazebo:/home/aaditya/Intro-to-robotics/ass1/ros2_ws/install/simmulator:/home/aaditya/ros2_ws/install/my_robot_description:/home/aaditya/Intro-to-robotics/ass3/ros2_ws_2/install/owl:/opt/ros/humble CMAKE_PREFIX_PATH=${CMAKE_PREFIX_PATH}:/home/aaditya/OWL_Sorting/ros2_ws/install/owl_gazebo:/home/aaditya/OWL_Sorting/ros2_ws/install/owl_description:/home/aaditya/Intro-to-robotics/ass1/ros2_ws/install/simmulator:/home/aaditya/Intro-to-robotics/ass3/ros2_ws_2/install/owl:/opt/ros/humble PYTHONPATH=/home/aaditya/OWL_Sorting/ros2_ws/build/owl_description:/home/aaditya/OWL_Sorting/ros2_ws/install/owl_description/lib/python3.10/site-packages:/home/vardan/OWL_Sorting/ros2_ws/build/owl_gazebo:/home/aaditya/OWL_Sorting/ros2_ws/install/owl_gazebo/lib/python3.10/site-packages:/home/vardan/OWL_Sorting/ros2_ws/build/owl_description:/home/aaditya/Intro-to-robotics/ass1/ros2_ws/build/simmulator:/home/aaditya/Intro-to-robotics/ass1/ros2_ws/install/simmulator/lib/python3.10/site-packages:/home/aaditya/Intro-to-robotics/ass3/ros2_ws_2/build/owl:/home/aaditya/Intro-to-robotics/ass3/ros2_ws_2/install/owl/lib/python3.10/site-packages:/opt/ros/humble/lib/python3.10/site-packages:/opt/ros/humble/local/lib/python3.10/dist-packages /usr/bin/cmake /home/aaditya/OWL_Sorting/ros2_ws/src/owl_moveit_config -DAMENT_CMAKE_SYMLINK_INSTALL=1 -DCMAKE_INSTALL_PREFIX=/home/aaditya/OWL_Sorting/ros2_ws/install/owl_moveit_config
[0.310s] -- The C compiler identification is GNU 11.4.0
[0.666s] -- The CXX compiler identification is GNU 11.4.0
[0.868s] -- Detecting C compiler ABI info
[1.114s] -- Detecting C compiler ABI info - done
[1.126s] -- Check for working C compiler: /usr/bin/cc - skipped
[1.127s] -- Detecting C compile features
[1.127s] -- Detecting C compile features - done
[1.133s] -- Detecting CXX compiler ABI info
[1.314s] -- Detecting CXX compiler ABI info - done
[1.324s] -- Check for working CXX compiler: /usr/bin/c++ - skipped
[1.324s] -- Detecting CXX compile features
[1.324s] -- Detecting CXX compile features - done
[1.328s] -- Found ament_cmake: 1.3.9 (/opt/ros/humble/share/ament_cmake/cmake)
[1.511s] -- Found Python3: /usr/bin/python3 (found version "3.10.12") found components: Interpreter 
[1.609s] -- Override CMake install command with custom implementation using symlinks instead of copying resources
[1.723s] -- Configuring done
[1.726s] -- Generating done
[1.727s] -- Build files have been written to: /home/aaditya/OWL_Sorting/ros2_ws/build/owl_moveit_config
[1.731s] Invoked command in '/home/aaditya/OWL_Sorting/ros2_ws/build/owl_moveit_config' returned '0': AMENT_PREFIX_PATH=/home/aaditya/OWL_Sorting/ros2_ws/install/owl_description:/home/aaditya/OWL_Sorting/ros2_ws/install/owl_gazebo:/home/aaditya/Intro-to-robotics/ass1/ros2_ws/install/simmulator:/home/aaditya/ros2_ws/install/my_robot_description:/home/aaditya/Intro-to-robotics/ass3/ros2_ws_2/install/owl:/opt/ros/humble CMAKE_PREFIX_PATH=${CMAKE_PREFIX_PATH}:/home/aaditya/OWL_Sorting/ros2_ws/install/owl_gazebo:/home/aaditya/OWL_Sorting/ros2_ws/install/owl_description:/home/aaditya/Intro-to-robotics/ass1/ros2_ws/install/simmulator:/home/aaditya/Intro-to-robotics/ass3/ros2_ws_2/install/owl:/opt/ros/humble PYTHONPATH=/home/aaditya/OWL_Sorting/ros2_ws/build/owl_description:/home/aaditya/OWL_Sorting/ros2_ws/install/owl_description/lib/python3.10/site-packages:/home/vardan/OWL_Sorting/ros2_ws/build/owl_gazebo:/home/aaditya/OWL_Sorting/ros2_ws/install/owl_gazebo/lib/python3.10/site-packages:/home/vardan/OWL_Sorting/ros2_ws/build/owl_description:/home/aaditya/Intro-to-robotics/ass1/ros2_ws/build/simmulator:/home/aaditya/Intro-to-robotics/ass1/ros2_ws/install/simmulator/lib/python3.10/site-packages:/home/aaditya/Intro-to-robotics/ass3/ros2_ws_2/build/owl:/home/aaditya/Intro-to-robotics/ass3/ros2_ws_2/install/owl/lib/python3.10/site-packages:/opt/ros/humble/lib/python3.10/site-packages:/opt/ros/humble/local/lib/python3.10/dist-packages /usr/bin/cmake /home/aaditya/OWL_Sorting/ros2_ws/src/owl_moveit_config -DAMENT_CMAKE_SYMLINK_INSTALL=1 -DCMAKE_INSTALL_PREFIX=/home/aaditya/OWL_Sorting/ros2_ws/install/owl_moveit_config
[1.732s] Invoking command in '/home/aaditya/OWL_Sorting/ros2_ws/build/owl_moveit_config': AMENT_PREFIX_PATH=/home/aaditya/OWL_Sorting/ros2_ws/install/owl_description:/home/aaditya/OWL_Sorting/ros2_ws/install/owl_gazebo:/home/aaditya/Intro-to-robotics/ass1/ros2_ws/install/simmulator:/home/aaditya/ros2_ws/install/my_robot_description:/home/aaditya/Intro-to-robotics/ass3/ros2_ws_2/install/owl:/opt/ros/humble CMAKE_PREFIX_PATH=${CMAKE_PREFIX_PATH}:/home/aaditya/OWL_Sorting/ros2_ws/install/owl_gazebo:/home/aaditya/OWL_Sorting/ros2_ws/install/owl_description:/home/aaditya/Intro-to-robotics/ass1/ros2_ws/install/simmulator:/home/aaditya/Intro-to-robotics/ass3/ros2_ws_2/install/owl:/opt/ros/humble PYTHONPATH=/home/aaditya/OWL_Sorting/ros2_ws/build/owl_description:/home/aaditya/OWL_Sorting/ros2_ws/install/owl_description/lib/python3.10/site-packages:/home/vardan/OWL_Sorting/ros2_ws/build/owl_gazebo:/home/aaditya/OWL_Sorting/ros2_ws/install/owl_gazebo/lib/python3.10/site-packages:/home/vardan/OWL_Sorting/ros2_ws/build/owl_description:/home/aaditya/Intro-to-robotics/ass1/ros2_ws/build/simmulator:/home/aaditya/Intro-to-robotics/ass1/ros2_ws/install/simmulator/lib/python3.10/site-packages:/home/aaditya/Intro-to-robotics/ass3/ros2_ws_2/build/owl:/home/aaditya/Intro-to-robotics/ass3/ros2_ws_2/install/owl/lib/python3.10/site-packages:/opt/ros/humble/lib/python3.10/site-packages:/opt/ros/humble/local/lib/python3.10/dist-packages /usr/bin/cmake --build /home/aaditya/OWL_Sorting/ros2_ws/build/owl_moveit_config -- -j8 -l8
[1.767s] Invoked command in '/home/aaditya/OWL_Sorting/ros2_ws/build/owl_moveit_config' returned '0': AMENT_PREFIX_PATH=/home/aaditya/OWL_Sorting/ros2_ws/install/owl_description:/home/aaditya/OWL_Sorting/ros2_ws/install/owl_gazebo:/home/aaditya/Intro-to-robotics/ass1/ros2_ws/install/simmulator:/home/aaditya/ros2_ws/install/my_robot_description:/home/aaditya/Intro-to-robotics/ass3/ros2_ws_2/install/owl:/opt/ros/humble CMAKE_PREFIX_PATH=${CMAKE_PREFIX_PATH}:/home/aaditya/OWL_Sorting/ros2_ws/install/owl_gazebo:/home/aaditya/OWL_Sorting/ros2_ws/install/owl_description:/home/aaditya/Intro-to-robotics/ass1/ros2_ws/install/simmulator:/home/aaditya/Intro-to-robotics/ass3/ros2_ws_2/install/owl:/opt/ros/humble PYTHONPATH=/home/aaditya/OWL_Sorting/ros2_ws/build/owl_description:/home/aaditya/OWL_Sorting/ros2_ws/install/owl_description/lib/python3.10/site-packages:/home/vardan/OWL_Sorting/ros2_ws/build/owl_gazebo:/home/aaditya/OWL_Sorting/ros2_ws/install/owl_gazebo/lib/python3.10/site-packages:/home/vardan/OWL_Sorting/ros2_ws/build/owl_description:/home/aaditya/Intro-to-robotics/ass1/ros2_ws/build/simmulator:/home/aaditya/Intro-to-robotics/ass1/ros2_ws/install/simmulator/lib/python3.10/site-packages:/home/aaditya/Intro-to-robotics/ass3/ros2_ws_2/build/owl:/home/aaditya/Intro-to-robotics/ass3/ros2_ws_2/install/owl/lib/python3.10/site-packages:/opt/ros/humble/lib/python3.10/site-packages:/opt/ros/humble/local/lib/python3.10/dist-packages /usr/bin/cmake --build /home/aaditya/OWL_Sorting/ros2_ws/build/owl_moveit_config -- -j8 -l8
[1.805s] Invoking command in '/home/aaditya/OWL_Sorting/ros2_ws/build/owl_moveit_config': AMENT_PREFIX_PATH=/home/aaditya/OWL_Sorting/ros2_ws/install/owl_description:/home/aaditya/OWL_Sorting/ros2_ws/install/owl_gazebo:/home/aaditya/Intro-to-robotics/ass1/ros2_ws/install/simmulator:/home/aaditya/ros2_ws/install/my_robot_description:/home/aaditya/Intro-to-robotics/ass3/ros2_ws_2/install/owl:/opt/ros/humble CMAKE_PREFIX_PATH=${CMAKE_PREFIX_PATH}:/home/aaditya/OWL_Sorting/ros2_ws/install/owl_gazebo:/home/aaditya/OWL_Sorting/ros2_ws/install/owl_description:/home/aaditya/Intro-to-robotics/ass1/ros2_ws/install/simmulator:/home/aaditya/Intro-to-robotics/ass3/ros2_ws_2/install/owl:/opt/ros/humble PYTHONPATH=/home/aaditya/OWL_Sorting/ros2_ws/build/owl_description:/home/aaditya/OWL_Sorting/ros2_ws/install/owl_description/lib/python3.10/site-packages:/home/vardan/OWL_Sorting/ros2_ws/build/owl_gazebo:/home/aaditya/OWL_Sorting/ros2_ws/install/owl_gazebo/lib/python3.10/site-packages:/home/vardan/OWL_Sorting/ros2_ws/build/owl_description:/home/aaditya/Intro-to-robotics/ass1/ros2_ws/build/simmulator:/home/aaditya/Intro-to-robotics/ass1/ros2_ws/install/simmulator/lib/python3.10/site-packages:/home/aaditya/Intro-to-robotics/ass3/ros2_ws_2/build/owl:/home/aaditya/Intro-to-robotics/ass3/ros2_ws_2/install/owl/lib/python3.10/site-packages:/opt/ros/humble/lib/python3.10/site-packages:/opt/ros/humble/local/lib/python3.10/dist-packages /usr/bin/cmake --install /home/aaditya/OWL_Sorting/ros2_ws/build/owl_moveit_config
[1.811s] -- Install configuration: ""
[1.811s] -- Execute custom install script
[1.812s] -- Symlinking: /home/aaditya/OWL_Sorting/ros2_ws/install/owl_moveit_config/share/ament_index/resource_index/package_run_dependencies/owl_moveit_config
[1.822s] -- Symlinking: /home/aaditya/OWL_Sorting/ros2_ws/install/owl_moveit_config/share/ament_index/resource_index/parent_prefix_path/owl_moveit_config
[1.830s] -- Symlinking: /home/aaditya/OWL_Sorting/ros2_ws/install/owl_moveit_config/share/owl_moveit_config/environment/ament_prefix_path.sh
[1.838s] -- Symlinking: /home/aaditya/OWL_Sorting/ros2_ws/install/owl_moveit_config/share/owl_moveit_config/environment/ament_prefix_path.dsv
[1.846s] -- Symlinking: /home/aaditya/OWL_Sorting/ros2_ws/install/owl_moveit_config/share/owl_moveit_config/environment/path.sh
[1.854s] -- Symlinking: /home/aaditya/OWL_Sorting/ros2_ws/install/owl_moveit_config/share/owl_moveit_config/environment/path.dsv
[1.865s] -- Symlinking: /home/aaditya/OWL_Sorting/ros2_ws/install/owl_moveit_config/share/owl_moveit_config/local_setup.bash
[1.874s] -- Symlinking: /home/aaditya/OWL_Sorting/ros2_ws/install/owl_moveit_config/share/owl_moveit_config/local_setup.sh
[1.885s] -- Symlinking: /home/aaditya/OWL_Sorting/ros2_ws/install/owl_moveit_config/share/owl_moveit_config/local_setup.zsh
[1.895s] -- Symlinking: /home/aaditya/OWL_Sorting/ros2_ws/install/owl_moveit_config/share/owl_moveit_config/local_setup.dsv
[1.906s] -- Symlinking: /home/aaditya/OWL_Sorting/ros2_ws/install/owl_moveit_config/share/owl_moveit_config/package.dsv
[1.915s] -- Symlinking: /home/aaditya/OWL_Sorting/ros2_ws/install/owl_moveit_config/share/ament_index/resource_index/packages/owl_moveit_config
[1.924s] -- Symlinking: /home/aaditya/OWL_Sorting/ros2_ws/install/owl_moveit_config/share/owl_moveit_config/cmake/owl_moveit_configConfig.cmake
[1.932s] -- Symlinking: /home/aaditya/OWL_Sorting/ros2_ws/install/owl_moveit_config/share/owl_moveit_config/cmake/owl_moveit_configConfig-version.cmake
[1.940s] -- Symlinking: /home/aaditya/OWL_Sorting/ros2_ws/install/owl_moveit_config/share/owl_moveit_config/package.xml
[1.952s] -- Symlinking: /home/aaditya/OWL_Sorting/ros2_ws/install/owl_moveit_config/share/owl_moveit_config/launch/demo.launch.py
[1.963s] -- Symlinking: /home/aaditya/OWL_Sorting/ros2_ws/install/owl_moveit_config/share/owl_moveit_config/launch/move_group.launch.py
[1.971s] -- Symlinking: /home/aaditya/OWL_Sorting/ros2_ws/install/owl_moveit_config/share/owl_moveit_config/launch/moveit_rviz.launch.py
[1.981s] -- Symlinking: /home/aaditya/OWL_Sorting/ros2_ws/install/owl_moveit_config/share/owl_moveit_config/launch/rsp.launch.py
[1.989s] -- Symlinking: /home/aaditya/OWL_Sorting/ros2_ws/install/owl_moveit_config/share/owl_moveit_config/launch/setup_assistant.launch.py
[2.002s] -- Symlinking: /home/aaditya/OWL_Sorting/ros2_ws/install/owl_moveit_config/share/owl_moveit_config/launch/spawn_controllers.launch.py
[2.010s] -- Symlinking: /home/aaditya/OWL_Sorting/ros2_ws/install/owl_moveit_config/share/owl_moveit_config/launch/static_virtual_joint_tfs.launch.py
[2.017s] -- Symlinking: /home/aaditya/OWL_Sorting/ros2_ws/install/owl_moveit_config/share/owl_moveit_config/launch/warehouse_db.launch.py
[2.026s] -- Symlinking: /home/aaditya/OWL_Sorting/ros2_ws/install/owl_moveit_config/share/owl_moveit_config/config/initial_positions.yaml
[2.035s] -- Symlinking: /home/aaditya/OWL_Sorting/ros2_ws/install/owl_moveit_config/share/owl_moveit_config/config/joint_limits.yaml
[2.046s] -- Symlinking: /home/aaditya/OWL_Sorting/ros2_ws/install/owl_moveit_config/share/owl_moveit_config/config/kinematics.yaml
[2.055s] -- Symlinking: /home/aaditya/OWL_Sorting/ros2_ws/install/owl_moveit_config/share/owl_moveit_config/config/moveit.rviz
[2.066s] -- Symlinking: /home/aaditya/OWL_Sorting/ros2_ws/install/owl_moveit_config/share/owl_moveit_config/config/moveit_controllers.yaml
[2.077s] -- Symlinking: /home/aaditya/OWL_Sorting/ros2_ws/install/owl_moveit_config/share/owl_moveit_config/config/owl_description.ros2_control.xacro
[2.085s] -- Symlinking: /home/aaditya/OWL_Sorting/ros2_ws/install/owl_moveit_config/share/owl_moveit_config/config/owl_description.srdf
[2.095s] -- Symlinking: /home/aaditya/OWL_Sorting/ros2_ws/install/owl_moveit_config/share/owl_moveit_config/config/owl_description.urdf.xacro
[2.104s] -- Symlinking: /home/aaditya/OWL_Sorting/ros2_ws/install/owl_moveit_config/share/owl_moveit_config/config/pilz_cartesian_limits.yaml
[2.113s] -- Symlinking: /home/aaditya/OWL_Sorting/ros2_ws/install/owl_moveit_config/share/owl_moveit_config/config/ros2_controllers.yaml
[2.123s] -- Symlinking: /home/aaditya/OWL_Sorting/ros2_ws/install/owl_moveit_config/share/owl_moveit_config/config/sensors_3d.yaml
[2.133s] -- Symlinking: /home/aaditya/OWL_Sorting/ros2_ws/install/owl_moveit_config/share/owl_moveit_config/.setup_assistant
[2.144s] Invoked command in '/home/aaditya/OWL_Sorting/ros2_ws/build/owl_moveit_config' returned '0': AMENT_PREFIX_PATH=/home/aaditya/OWL_Sorting/ros2_ws/install/owl_description:/home/aaditya/OWL_Sorting/ros2_ws/install/owl_gazebo:/home/aaditya/Intro-to-robotics/ass1/ros2_ws/install/simmulator:/home/aaditya/ros2_ws/install/my_robot_description:/home/aaditya/Intro-to-robotics/ass3/ros2_ws_2/install/owl:/opt/ros/humble CMAKE_PREFIX_PATH=${CMAKE_PREFIX_PATH}:/home/aaditya/OWL_Sorting/ros2_ws/install/owl_gazebo:/home/aaditya/OWL_Sorting/ros2_ws/install/owl_description:/home/aaditya/Intro-to-robotics/ass1/ros2_ws/install/simmulator:/home/aaditya/Intro-to-robotics/ass3/ros2_ws_2/install/owl:/opt/ros/humble PYTHONPATH=/home/aaditya/OWL_Sorting/ros2_ws/build/owl_description:/home/aaditya/OWL_Sorting/ros2_ws/install/owl_description/lib/python3.10/site-packages:/home/vardan/OWL_Sorting/ros2_ws/build/owl_gazebo:/home/aaditya/OWL_Sorting/ros2_ws/install/owl_gazebo/lib/python3.10/site-packages:/home/vardan/OWL_Sorting/ros2_ws/build/owl_description:/home/aaditya/Intro-to-robotics/ass1/ros2_ws/build/simmulator:/home/aaditya/Intro-to-robotics/ass1/ros2_ws/install/simmulator/lib/python3.10/site-packages:/home/aaditya/Intro-to-robotics/ass3/ros2_ws_2/build/owl:/home/aaditya/Intro-to-robotics/ass3/ros2_ws_2/install/owl/lib/python3.10/site-packages:/opt/ros/humble/lib/python3.10/site-packages:/opt/ros/humble/local/lib/python3.10/dist-packages /usr/bin/cmake --install /home/aaditya/OWL_Sorting/ros2_ws/build/owl_moveit_config
