[0.528s] Invoking command in '/home/aaditya/OWL_Sorting/ros2_ws/build/owl_moveit_config': AMENT_PREFIX_PATH=/home/aaditya/OWL_Sorting/ros2_ws/install/owl_description:/home/aaditya/OWL_Sorting/ros2_ws/install/owl_gazebo:/home/aaditya/Intro-to-robotics/ass1/ros2_ws/install/simmulator:/home/aaditya/ros2_ws/install/my_robot_description:/home/aaditya/Intro-to-robotics/ass3/ros2_ws_2/install/owl:/opt/ros/humble CMAKE_PREFIX_PATH=${CMAKE_PREFIX_PATH}:/home/aaditya/OWL_Sorting/ros2_ws/install/owl_gazebo:/home/aaditya/OWL_Sorting/ros2_ws/install/owl_description:/home/aaditya/Intro-to-robotics/ass1/ros2_ws/install/simmulator:/home/aaditya/Intro-to-robotics/ass3/ros2_ws_2/install/owl:/opt/ros/humble PYTHONPATH=/home/aaditya/OWL_Sorting/ros2_ws/build/owl_description:/home/aaditya/OWL_Sorting/ros2_ws/install/owl_description/lib/python3.10/site-packages:/home/vardan/OWL_Sorting/ros2_ws/build/owl_gazebo:/home/aaditya/OWL_Sorting/ros2_ws/install/owl_gazebo/lib/python3.10/site-packages:/home/vardan/OWL_Sorting/ros2_ws/build/owl_description:/home/aaditya/Intro-to-robotics/ass1/ros2_ws/build/simmulator:/home/aaditya/Intro-to-robotics/ass1/ros2_ws/install/simmulator/lib/python3.10/site-packages:/home/aaditya/Intro-to-robotics/ass3/ros2_ws_2/build/owl:/home/aaditya/Intro-to-robotics/ass3/ros2_ws_2/install/owl/lib/python3.10/site-packages:/opt/ros/humble/lib/python3.10/site-packages:/opt/ros/humble/local/lib/python3.10/dist-packages /usr/bin/cmake /home/aaditya/OWL_Sorting/ros2_ws/src/owl_moveit_config -DAMENT_CMAKE_SYMLINK_INSTALL=1 -DCMAKE_INSTALL_PREFIX=/home/aaditya/OWL_Sorting/ros2_ws/install/owl_moveit_config
[0.840s] -- The C compiler identification is GNU 11.4.0
[1.272s] -- The CXX compiler identification is GNU 11.4.0
[1.639s] -- Detecting C compiler ABI info
[1.918s] -- Detecting C compiler ABI info - done
[1.931s] -- Check for working C compiler: /usr/bin/cc - skipped
[1.931s] -- Detecting C compile features
[1.932s] -- Detecting C compile features - done
[1.938s] -- Detecting CXX compiler ABI info
[2.156s] -- Detecting CXX compiler ABI info - done
[2.168s] -- Check for working CXX compiler: /usr/bin/c++ - skipped
[2.168s] -- Detecting CXX compile features
[2.169s] -- Detecting CXX compile features - done
[2.178s] -- Found ament_cmake: 1.3.9 (/opt/ros/humble/share/ament_cmake/cmake)
[2.460s] -- Found Python3: /usr/bin/python3 (found version "3.10.12") found components: Interpreter 
[2.564s] -- Override CMake install command with custom implementation using symlinks instead of copying resources
[2.713s] -- Configuring done
[2.724s] -- Generating done
[2.726s] -- Build files have been written to: /home/aaditya/OWL_Sorting/ros2_ws/build/owl_moveit_config
[2.740s] Invoked command in '/home/aaditya/OWL_Sorting/ros2_ws/build/owl_moveit_config' returned '0': AMENT_PREFIX_PATH=/home/aaditya/OWL_Sorting/ros2_ws/install/owl_description:/home/aaditya/OWL_Sorting/ros2_ws/install/owl_gazebo:/home/aaditya/Intro-to-robotics/ass1/ros2_ws/install/simmulator:/home/aaditya/ros2_ws/install/my_robot_description:/home/aaditya/Intro-to-robotics/ass3/ros2_ws_2/install/owl:/opt/ros/humble CMAKE_PREFIX_PATH=${CMAKE_PREFIX_PATH}:/home/aaditya/OWL_Sorting/ros2_ws/install/owl_gazebo:/home/aaditya/OWL_Sorting/ros2_ws/install/owl_description:/home/aaditya/Intro-to-robotics/ass1/ros2_ws/install/simmulator:/home/aaditya/Intro-to-robotics/ass3/ros2_ws_2/install/owl:/opt/ros/humble PYTHONPATH=/home/aaditya/OWL_Sorting/ros2_ws/build/owl_description:/home/aaditya/OWL_Sorting/ros2_ws/install/owl_description/lib/python3.10/site-packages:/home/vardan/OWL_Sorting/ros2_ws/build/owl_gazebo:/home/aaditya/OWL_Sorting/ros2_ws/install/owl_gazebo/lib/python3.10/site-packages:/home/vardan/OWL_Sorting/ros2_ws/build/owl_description:/home/aaditya/Intro-to-robotics/ass1/ros2_ws/build/simmulator:/home/aaditya/Intro-to-robotics/ass1/ros2_ws/install/simmulator/lib/python3.10/site-packages:/home/aaditya/Intro-to-robotics/ass3/ros2_ws_2/build/owl:/home/aaditya/Intro-to-robotics/ass3/ros2_ws_2/install/owl/lib/python3.10/site-packages:/opt/ros/humble/lib/python3.10/site-packages:/opt/ros/humble/local/lib/python3.10/dist-packages /usr/bin/cmake /home/aaditya/OWL_Sorting/ros2_ws/src/owl_moveit_config -DAMENT_CMAKE_SYMLINK_INSTALL=1 -DCMAKE_INSTALL_PREFIX=/home/aaditya/OWL_Sorting/ros2_ws/install/owl_moveit_config
[2.745s] Invoking command in '/home/aaditya/OWL_Sorting/ros2_ws/build/owl_moveit_config': AMENT_PREFIX_PATH=/home/aaditya/OWL_Sorting/ros2_ws/install/owl_description:/home/aaditya/OWL_Sorting/ros2_ws/install/owl_gazebo:/home/aaditya/Intro-to-robotics/ass1/ros2_ws/install/simmulator:/home/aaditya/ros2_ws/install/my_robot_description:/home/aaditya/Intro-to-robotics/ass3/ros2_ws_2/install/owl:/opt/ros/humble CMAKE_PREFIX_PATH=${CMAKE_PREFIX_PATH}:/home/aaditya/OWL_Sorting/ros2_ws/install/owl_gazebo:/home/aaditya/OWL_Sorting/ros2_ws/install/owl_description:/home/aaditya/Intro-to-robotics/ass1/ros2_ws/install/simmulator:/home/aaditya/Intro-to-robotics/ass3/ros2_ws_2/install/owl:/opt/ros/humble PYTHONPATH=/home/aaditya/OWL_Sorting/ros2_ws/build/owl_description:/home/aaditya/OWL_Sorting/ros2_ws/install/owl_description/lib/python3.10/site-packages:/home/vardan/OWL_Sorting/ros2_ws/build/owl_gazebo:/home/aaditya/OWL_Sorting/ros2_ws/install/owl_gazebo/lib/python3.10/site-packages:/home/vardan/OWL_Sorting/ros2_ws/build/owl_description:/home/aaditya/Intro-to-robotics/ass1/ros2_ws/build/simmulator:/home/aaditya/Intro-to-robotics/ass1/ros2_ws/install/simmulator/lib/python3.10/site-packages:/home/aaditya/Intro-to-robotics/ass3/ros2_ws_2/build/owl:/home/aaditya/Intro-to-robotics/ass3/ros2_ws_2/install/owl/lib/python3.10/site-packages:/opt/ros/humble/lib/python3.10/site-packages:/opt/ros/humble/local/lib/python3.10/dist-packages /usr/bin/cmake --build /home/aaditya/OWL_Sorting/ros2_ws/build/owl_moveit_config -- -j8 -l8
[2.798s] Invoked command in '/home/aaditya/OWL_Sorting/ros2_ws/build/owl_moveit_config' returned '0': AMENT_PREFIX_PATH=/home/aaditya/OWL_Sorting/ros2_ws/install/owl_description:/home/aaditya/OWL_Sorting/ros2_ws/install/owl_gazebo:/home/aaditya/Intro-to-robotics/ass1/ros2_ws/install/simmulator:/home/aaditya/ros2_ws/install/my_robot_description:/home/aaditya/Intro-to-robotics/ass3/ros2_ws_2/install/owl:/opt/ros/humble CMAKE_PREFIX_PATH=${CMAKE_PREFIX_PATH}:/home/aaditya/OWL_Sorting/ros2_ws/install/owl_gazebo:/home/aaditya/OWL_Sorting/ros2_ws/install/owl_description:/home/aaditya/Intro-to-robotics/ass1/ros2_ws/install/simmulator:/home/aaditya/Intro-to-robotics/ass3/ros2_ws_2/install/owl:/opt/ros/humble PYTHONPATH=/home/aaditya/OWL_Sorting/ros2_ws/build/owl_description:/home/aaditya/OWL_Sorting/ros2_ws/install/owl_description/lib/python3.10/site-packages:/home/vardan/OWL_Sorting/ros2_ws/build/owl_gazebo:/home/aaditya/OWL_Sorting/ros2_ws/install/owl_gazebo/lib/python3.10/site-packages:/home/vardan/OWL_Sorting/ros2_ws/build/owl_description:/home/aaditya/Intro-to-robotics/ass1/ros2_ws/build/simmulator:/home/aaditya/Intro-to-robotics/ass1/ros2_ws/install/simmulator/lib/python3.10/site-packages:/home/aaditya/Intro-to-robotics/ass3/ros2_ws_2/build/owl:/home/aaditya/Intro-to-robotics/ass3/ros2_ws_2/install/owl/lib/python3.10/site-packages:/opt/ros/humble/lib/python3.10/site-packages:/opt/ros/humble/local/lib/python3.10/dist-packages /usr/bin/cmake --build /home/aaditya/OWL_Sorting/ros2_ws/build/owl_moveit_config -- -j8 -l8
[2.843s] Invoking command in '/home/aaditya/OWL_Sorting/ros2_ws/build/owl_moveit_config': AMENT_PREFIX_PATH=/home/aaditya/OWL_Sorting/ros2_ws/install/owl_description:/home/aaditya/OWL_Sorting/ros2_ws/install/owl_gazebo:/home/aaditya/Intro-to-robotics/ass1/ros2_ws/install/simmulator:/home/aaditya/ros2_ws/install/my_robot_description:/home/aaditya/Intro-to-robotics/ass3/ros2_ws_2/install/owl:/opt/ros/humble CMAKE_PREFIX_PATH=${CMAKE_PREFIX_PATH}:/home/aaditya/OWL_Sorting/ros2_ws/install/owl_gazebo:/home/aaditya/OWL_Sorting/ros2_ws/install/owl_description:/home/aaditya/Intro-to-robotics/ass1/ros2_ws/install/simmulator:/home/aaditya/Intro-to-robotics/ass3/ros2_ws_2/install/owl:/opt/ros/humble PYTHONPATH=/home/aaditya/OWL_Sorting/ros2_ws/build/owl_description:/home/aaditya/OWL_Sorting/ros2_ws/install/owl_description/lib/python3.10/site-packages:/home/vardan/OWL_Sorting/ros2_ws/build/owl_gazebo:/home/aaditya/OWL_Sorting/ros2_ws/install/owl_gazebo/lib/python3.10/site-packages:/home/vardan/OWL_Sorting/ros2_ws/build/owl_description:/home/aaditya/Intro-to-robotics/ass1/ros2_ws/build/simmulator:/home/aaditya/Intro-to-robotics/ass1/ros2_ws/install/simmulator/lib/python3.10/site-packages:/home/aaditya/Intro-to-robotics/ass3/ros2_ws_2/build/owl:/home/aaditya/Intro-to-robotics/ass3/ros2_ws_2/install/owl/lib/python3.10/site-packages:/opt/ros/humble/lib/python3.10/site-packages:/opt/ros/humble/local/lib/python3.10/dist-packages /usr/bin/cmake --install /home/aaditya/OWL_Sorting/ros2_ws/build/owl_moveit_config
[2.852s] -- Install configuration: ""
[2.853s] -- Execute custom install script
[2.854s] -- Symlinking: /home/aaditya/OWL_Sorting/ros2_ws/install/owl_moveit_config/share/ament_index/resource_index/package_run_dependencies/owl_moveit_config
[2.865s] -- Symlinking: /home/aaditya/OWL_Sorting/ros2_ws/install/owl_moveit_config/share/ament_index/resource_index/parent_prefix_path/owl_moveit_config
[2.880s] -- Symlinking: /home/aaditya/OWL_Sorting/ros2_ws/install/owl_moveit_config/share/owl_moveit_config/environment/ament_prefix_path.sh
[2.889s] -- Symlinking: /home/aaditya/OWL_Sorting/ros2_ws/install/owl_moveit_config/share/owl_moveit_config/environment/ament_prefix_path.dsv
[2.899s] -- Symlinking: /home/aaditya/OWL_Sorting/ros2_ws/install/owl_moveit_config/share/owl_moveit_config/environment/path.sh
[2.909s] -- Symlinking: /home/aaditya/OWL_Sorting/ros2_ws/install/owl_moveit_config/share/owl_moveit_config/environment/path.dsv
[2.921s] -- Symlinking: /home/aaditya/OWL_Sorting/ros2_ws/install/owl_moveit_config/share/owl_moveit_config/local_setup.bash
[2.931s] -- Symlinking: /home/aaditya/OWL_Sorting/ros2_ws/install/owl_moveit_config/share/owl_moveit_config/local_setup.sh
[2.943s] -- Symlinking: /home/aaditya/OWL_Sorting/ros2_ws/install/owl_moveit_config/share/owl_moveit_config/local_setup.zsh
[2.953s] -- Symlinking: /home/aaditya/OWL_Sorting/ros2_ws/install/owl_moveit_config/share/owl_moveit_config/local_setup.dsv
[2.965s] -- Symlinking: /home/aaditya/OWL_Sorting/ros2_ws/install/owl_moveit_config/share/owl_moveit_config/package.dsv
[2.980s] -- Symlinking: /home/aaditya/OWL_Sorting/ros2_ws/install/owl_moveit_config/share/ament_index/resource_index/packages/owl_moveit_config
[2.994s] -- Symlinking: /home/aaditya/OWL_Sorting/ros2_ws/install/owl_moveit_config/share/owl_moveit_config/cmake/owl_moveit_configConfig.cmake
[3.007s] -- Symlinking: /home/aaditya/OWL_Sorting/ros2_ws/install/owl_moveit_config/share/owl_moveit_config/cmake/owl_moveit_configConfig-version.cmake
[3.019s] -- Symlinking: /home/aaditya/OWL_Sorting/ros2_ws/install/owl_moveit_config/share/owl_moveit_config/package.xml
[3.036s] -- Symlinking: /home/aaditya/OWL_Sorting/ros2_ws/install/owl_moveit_config/share/owl_moveit_config/launch/demo.launch.py
[3.050s] -- Symlinking: /home/aaditya/OWL_Sorting/ros2_ws/install/owl_moveit_config/share/owl_moveit_config/launch/move_group.launch.py
[3.065s] -- Symlinking: /home/aaditya/OWL_Sorting/ros2_ws/install/owl_moveit_config/share/owl_moveit_config/launch/moveit_rviz.launch.py
[3.076s] -- Symlinking: /home/aaditya/OWL_Sorting/ros2_ws/install/owl_moveit_config/share/owl_moveit_config/launch/rsp.launch.py
[3.091s] -- Symlinking: /home/aaditya/OWL_Sorting/ros2_ws/install/owl_moveit_config/share/owl_moveit_config/launch/setup_assistant.launch.py
[3.105s] -- Symlinking: /home/aaditya/OWL_Sorting/ros2_ws/install/owl_moveit_config/share/owl_moveit_config/launch/spawn_controllers.launch.py
[3.119s] -- Symlinking: /home/aaditya/OWL_Sorting/ros2_ws/install/owl_moveit_config/share/owl_moveit_config/launch/static_virtual_joint_tfs.launch.py
[3.136s] -- Symlinking: /home/aaditya/OWL_Sorting/ros2_ws/install/owl_moveit_config/share/owl_moveit_config/launch/warehouse_db.launch.py
[3.150s] -- Symlinking: /home/aaditya/OWL_Sorting/ros2_ws/install/owl_moveit_config/share/owl_moveit_config/config/initial_positions.yaml
[3.162s] -- Symlinking: /home/aaditya/OWL_Sorting/ros2_ws/install/owl_moveit_config/share/owl_moveit_config/config/joint_limits.yaml
[3.178s] -- Symlinking: /home/aaditya/OWL_Sorting/ros2_ws/install/owl_moveit_config/share/owl_moveit_config/config/kinematics.yaml
[3.190s] -- Symlinking: /home/aaditya/OWL_Sorting/ros2_ws/install/owl_moveit_config/share/owl_moveit_config/config/moveit.rviz
[3.200s] -- Symlinking: /home/aaditya/OWL_Sorting/ros2_ws/install/owl_moveit_config/share/owl_moveit_config/config/moveit_controllers.yaml
[3.214s] -- Symlinking: /home/aaditya/OWL_Sorting/ros2_ws/install/owl_moveit_config/share/owl_moveit_config/config/owl_description.ros2_control.xacro
[3.227s] -- Symlinking: /home/aaditya/OWL_Sorting/ros2_ws/install/owl_moveit_config/share/owl_moveit_config/config/owl_description.srdf
[3.241s] -- Symlinking: /home/aaditya/OWL_Sorting/ros2_ws/install/owl_moveit_config/share/owl_moveit_config/config/owl_description.urdf.xacro
[3.258s] -- Symlinking: /home/aaditya/OWL_Sorting/ros2_ws/install/owl_moveit_config/share/owl_moveit_config/config/pilz_cartesian_limits.yaml
[3.272s] -- Symlinking: /home/aaditya/OWL_Sorting/ros2_ws/install/owl_moveit_config/share/owl_moveit_config/config/ros2_controllers.yaml
[3.285s] -- Symlinking: /home/aaditya/OWL_Sorting/ros2_ws/install/owl_moveit_config/share/owl_moveit_config/config/sensors_3d.yaml
[3.296s] -- Symlinking: /home/aaditya/OWL_Sorting/ros2_ws/install/owl_moveit_config/share/owl_moveit_config/.setup_assistant
[3.311s] Invoked command in '/home/aaditya/OWL_Sorting/ros2_ws/build/owl_moveit_config' returned '0': AMENT_PREFIX_PATH=/home/aaditya/OWL_Sorting/ros2_ws/install/owl_description:/home/aaditya/OWL_Sorting/ros2_ws/install/owl_gazebo:/home/aaditya/Intro-to-robotics/ass1/ros2_ws/install/simmulator:/home/aaditya/ros2_ws/install/my_robot_description:/home/aaditya/Intro-to-robotics/ass3/ros2_ws_2/install/owl:/opt/ros/humble CMAKE_PREFIX_PATH=${CMAKE_PREFIX_PATH}:/home/aaditya/OWL_Sorting/ros2_ws/install/owl_gazebo:/home/aaditya/OWL_Sorting/ros2_ws/install/owl_description:/home/aaditya/Intro-to-robotics/ass1/ros2_ws/install/simmulator:/home/aaditya/Intro-to-robotics/ass3/ros2_ws_2/install/owl:/opt/ros/humble PYTHONPATH=/home/aaditya/OWL_Sorting/ros2_ws/build/owl_description:/home/aaditya/OWL_Sorting/ros2_ws/install/owl_description/lib/python3.10/site-packages:/home/vardan/OWL_Sorting/ros2_ws/build/owl_gazebo:/home/aaditya/OWL_Sorting/ros2_ws/install/owl_gazebo/lib/python3.10/site-packages:/home/vardan/OWL_Sorting/ros2_ws/build/owl_description:/home/aaditya/Intro-to-robotics/ass1/ros2_ws/build/simmulator:/home/aaditya/Intro-to-robotics/ass1/ros2_ws/install/simmulator/lib/python3.10/site-packages:/home/aaditya/Intro-to-robotics/ass3/ros2_ws_2/build/owl:/home/aaditya/Intro-to-robotics/ass3/ros2_ws_2/install/owl/lib/python3.10/site-packages:/opt/ros/humble/lib/python3.10/site-packages:/opt/ros/humble/local/lib/python3.10/dist-packages /usr/bin/cmake --install /home/aaditya/OWL_Sorting/ros2_ws/build/owl_moveit_config
