[1.488s] Invoking command in '/home/aaditya/OWL_Sorting/ros2_ws/build/owl_gazebo': AMENT_PREFIX_PATH=/home/aaditya/OWL_Sorting/ros2_ws/install/owl_moveit_config:/home/aaditya/OWL_Sorting/ros2_ws/install/owl_description:/home/aaditya/OWL_Sorting/ros2_ws/install/owl_gazebo:/home/aaditya/Intro-to-robotics/ass1/ros2_ws/install/simmulator:/home/aaditya/ros2_ws/install/my_robot_description:/home/aaditya/Intro-to-robotics/ass3/ros2_ws_2/install/owl:/opt/ros/humble PYTHONPATH=/home/aaditya/OWL_Sorting/ros2_ws/build/owl_gazebo/prefix_override:/usr/lib/python3/dist-packages/colcon_core/task/python/colcon_distutils_commands:/home/aaditya/OWL_Sorting/ros2_ws/install/owl_gazebo/lib/python3.10/site-packages:/home/aaditya/OWL_Sorting/ros2_ws/build/owl_description:/home/aaditya/OWL_Sorting/ros2_ws/install/owl_description/lib/python3.10/site-packages:/home/vardan/OWL_Sorting/ros2_ws/build/owl_gazebo:/home/aaditya/OWL_Sorting/ros2_ws/install/owl_gazebo/lib/python3.10/site-packages:/home/vardan/OWL_Sorting/ros2_ws/build/owl_description:/home/aaditya/Intro-to-robotics/ass1/ros2_ws/build/simmulator:/home/aaditya/Intro-to-robotics/ass1/ros2_ws/install/simmulator/lib/python3.10/site-packages:/home/aaditya/Intro-to-robotics/ass3/ros2_ws_2/build/owl:/home/aaditya/Intro-to-robotics/ass3/ros2_ws_2/install/owl/lib/python3.10/site-packages:/opt/ros/humble/lib/python3.10/site-packages:/opt/ros/humble/local/lib/python3.10/dist-packages /usr/bin/python3 -W ignore:setup.py install is deprecated setup.py develop --editable --build-directory /home/aaditya/OWL_Sorting/ros2_ws/build/owl_gazebo/build --no-deps symlink_data
[1.811s] running develop
[1.811s] /usr/lib/python3/dist-packages/setuptools/command/easy_install.py:158: EasyInstallDeprecationWarning: easy_install command is deprecated. Use build and pip and other standards-based tools.
[1.811s]   warnings.warn(
[1.992s] running egg_info
[1.992s] creating owl_gazebo.egg-info
[1.992s] writing owl_gazebo.egg-info/PKG-INFO
[1.993s] writing dependency_links to owl_gazebo.egg-info/dependency_links.txt
[1.993s] writing entry points to owl_gazebo.egg-info/entry_points.txt
[1.993s] writing requirements to owl_gazebo.egg-info/requires.txt
[1.993s] writing top-level names to owl_gazebo.egg-info/top_level.txt
[1.994s] writing manifest file 'owl_gazebo.egg-info/SOURCES.txt'
[1.997s] reading manifest file 'owl_gazebo.egg-info/SOURCES.txt'
[1.998s] writing manifest file 'owl_gazebo.egg-info/SOURCES.txt'
[2.001s] running build_ext
[2.002s] Creating /home/aaditya/OWL_Sorting/ros2_ws/install/owl_gazebo/lib/python3.10/site-packages/owl-gazebo.egg-link (link to .)
[2.003s] 
[2.004s] Installed /home/aaditya/OWL_Sorting/ros2_ws/build/owl_gazebo
[2.004s] running symlink_data
[2.004s] creating /home/aaditya/OWL_Sorting/ros2_ws/install/owl_gazebo/share/ament_index
[2.004s] creating /home/aaditya/OWL_Sorting/ros2_ws/install/owl_gazebo/share/ament_index/resource_index
[2.005s] creating /home/aaditya/OWL_Sorting/ros2_ws/install/owl_gazebo/share/ament_index/resource_index/packages
[2.005s] symbolically linking /home/aaditya/OWL_Sorting/ros2_ws/build/owl_gazebo/resource/owl_gazebo -> /home/aaditya/OWL_Sorting/ros2_ws/install/owl_gazebo/share/ament_index/resource_index/packages
[2.006s] symbolically linking /home/aaditya/OWL_Sorting/ros2_ws/build/owl_gazebo/package.xml -> /home/aaditya/OWL_Sorting/ros2_ws/install/owl_gazebo/share/owl_gazebo
[2.006s] creating /home/aaditya/OWL_Sorting/ros2_ws/install/owl_gazebo/share/owl_gazebo/urdf
[2.006s] symbolically linking /home/aaditya/OWL_Sorting/ros2_ws/build/owl_gazebo/urdf/gazebo_plugins.xacro -> /home/aaditya/OWL_Sorting/ros2_ws/install/owl_gazebo/share/owl_gazebo/urdf
[2.007s] symbolically linking /home/aaditya/OWL_Sorting/ros2_ws/build/owl_gazebo/urdf/sim_gazebo.xacro -> /home/aaditya/OWL_Sorting/ros2_ws/install/owl_gazebo/share/owl_gazebo/urdf
[2.007s] creating /home/aaditya/OWL_Sorting/ros2_ws/install/owl_gazebo/share/owl_gazebo/launch
[2.007s] symbolically linking /home/aaditya/OWL_Sorting/ros2_ws/build/owl_gazebo/launch/sim.launch.py -> /home/aaditya/OWL_Sorting/ros2_ws/install/owl_gazebo/share/owl_gazebo/launch
[2.008s] creating /home/aaditya/OWL_Sorting/ros2_ws/install/owl_gazebo/share/owl_gazebo/world
[2.008s] symbolically linking /home/aaditya/OWL_Sorting/ros2_ws/build/owl_gazebo/world/empty.world -> /home/aaditya/OWL_Sorting/ros2_ws/install/owl_gazebo/share/owl_gazebo/world
[2.008s] symbolically linking /home/aaditya/OWL_Sorting/ros2_ws/build/owl_gazebo/world/table.world -> /home/aaditya/OWL_Sorting/ros2_ws/install/owl_gazebo/share/owl_gazebo/world
[2.009s] creating /home/aaditya/OWL_Sorting/ros2_ws/install/owl_gazebo/share/owl_gazebo/models
[2.009s] symbolically linking /home/aaditya/OWL_Sorting/ros2_ws/build/owl_gazebo/models/model-1_2.sdf -> /home/aaditya/OWL_Sorting/ros2_ws/install/owl_gazebo/share/owl_gazebo/models
[2.009s] symbolically linking /home/aaditya/OWL_Sorting/ros2_ws/build/owl_gazebo/models/model-1_4.sdf -> /home/aaditya/OWL_Sorting/ros2_ws/install/owl_gazebo/share/owl_gazebo/models
[2.009s] symbolically linking /home/aaditya/OWL_Sorting/ros2_ws/build/owl_gazebo/models/model-1_3.sdf -> /home/aaditya/OWL_Sorting/ros2_ws/install/owl_gazebo/share/owl_gazebo/models
[2.009s] symbolically linking /home/aaditya/OWL_Sorting/ros2_ws/build/owl_gazebo/models/model.sdf -> /home/aaditya/OWL_Sorting/ros2_ws/install/owl_gazebo/share/owl_gazebo/models
[2.010s] symbolically linking /home/aaditya/OWL_Sorting/ros2_ws/build/owl_gazebo/models/model.config -> /home/aaditya/OWL_Sorting/ros2_ws/install/owl_gazebo/share/owl_gazebo/models
[2.055s] Invoked command in '/home/aaditya/OWL_Sorting/ros2_ws/build/owl_gazebo' returned '0': AMENT_PREFIX_PATH=/home/aaditya/OWL_Sorting/ros2_ws/install/owl_moveit_config:/home/aaditya/OWL_Sorting/ros2_ws/install/owl_description:/home/aaditya/OWL_Sorting/ros2_ws/install/owl_gazebo:/home/aaditya/Intro-to-robotics/ass1/ros2_ws/install/simmulator:/home/aaditya/ros2_ws/install/my_robot_description:/home/aaditya/Intro-to-robotics/ass3/ros2_ws_2/install/owl:/opt/ros/humble PYTHONPATH=/home/aaditya/OWL_Sorting/ros2_ws/build/owl_gazebo/prefix_override:/usr/lib/python3/dist-packages/colcon_core/task/python/colcon_distutils_commands:/home/aaditya/OWL_Sorting/ros2_ws/install/owl_gazebo/lib/python3.10/site-packages:/home/aaditya/OWL_Sorting/ros2_ws/build/owl_description:/home/aaditya/OWL_Sorting/ros2_ws/install/owl_description/lib/python3.10/site-packages:/home/vardan/OWL_Sorting/ros2_ws/build/owl_gazebo:/home/aaditya/OWL_Sorting/ros2_ws/install/owl_gazebo/lib/python3.10/site-packages:/home/vardan/OWL_Sorting/ros2_ws/build/owl_description:/home/aaditya/Intro-to-robotics/ass1/ros2_ws/build/simmulator:/home/aaditya/Intro-to-robotics/ass1/ros2_ws/install/simmulator/lib/python3.10/site-packages:/home/aaditya/Intro-to-robotics/ass3/ros2_ws_2/build/owl:/home/aaditya/Intro-to-robotics/ass3/ros2_ws_2/install/owl/lib/python3.10/site-packages:/opt/ros/humble/lib/python3.10/site-packages:/opt/ros/humble/local/lib/python3.10/dist-packages /usr/bin/python3 -W ignore:setup.py install is deprecated setup.py develop --editable --build-directory /home/aaditya/OWL_Sorting/ros2_ws/build/owl_gazebo/build --no-deps symlink_data
