[1.266s] Invoking command in '/home/aaditya/OWL_Sorting/ros2_ws/build/owl_gazebo': AMENT_PREFIX_PATH=/home/aaditya/OWL_Sorting/ros2_ws/install/owl_description:/home/aaditya/OWL_Sorting/ros2_ws/install/owl_gazebo:/home/aaditya/Intro-to-robotics/ass1/ros2_ws/install/simmulator:/home/aaditya/ros2_ws/install/my_robot_description:/home/aaditya/Intro-to-robotics/ass3/ros2_ws_2/install/owl:/opt/ros/humble PYTHONPATH=/home/aaditya/OWL_Sorting/ros2_ws/build/owl_gazebo/prefix_override:/usr/lib/python3/dist-packages/colcon_core/task/python/colcon_distutils_commands:/home/aaditya/OWL_Sorting/ros2_ws/install/owl_gazebo/lib/python3.10/site-packages:/home/aaditya/OWL_Sorting/ros2_ws/build/owl_description:/home/aaditya/OWL_Sorting/ros2_ws/install/owl_description/lib/python3.10/site-packages:/home/vardan/OWL_Sorting/ros2_ws/build/owl_gazebo:/home/aaditya/OWL_Sorting/ros2_ws/install/owl_gazebo/lib/python3.10/site-packages:/home/vardan/OWL_Sorting/ros2_ws/build/owl_description:/home/aaditya/Intro-to-robotics/ass1/ros2_ws/build/simmulator:/home/aaditya/Intro-to-robotics/ass1/ros2_ws/install/simmulator/lib/python3.10/site-packages:/home/aaditya/Intro-to-robotics/ass3/ros2_ws_2/build/owl:/home/aaditya/Intro-to-robotics/ass3/ros2_ws_2/install/owl/lib/python3.10/site-packages:/opt/ros/humble/lib/python3.10/site-packages:/opt/ros/humble/local/lib/python3.10/dist-packages /usr/bin/python3 -W ignore:setup.py install is deprecated setup.py develop --editable --build-directory /home/aaditya/OWL_Sorting/ros2_ws/build/owl_gazebo/build --no-deps symlink_data
[1.634s] running develop
[1.634s] /usr/lib/python3/dist-packages/setuptools/command/easy_install.py:158: EasyInstallDeprecationWarning: easy_install command is deprecated. Use build and pip and other standards-based tools.
[1.634s]   warnings.warn(
[1.835s] running egg_info
[1.835s] creating owl_gazebo.egg-info
[1.836s] writing owl_gazebo.egg-info/PKG-INFO
[1.837s] writing dependency_links to owl_gazebo.egg-info/dependency_links.txt
[1.837s] writing entry points to owl_gazebo.egg-info/entry_points.txt
[1.837s] writing requirements to owl_gazebo.egg-info/requires.txt
[1.837s] writing top-level names to owl_gazebo.egg-info/top_level.txt
[1.838s] writing manifest file 'owl_gazebo.egg-info/SOURCES.txt'
[1.839s] reading manifest file 'owl_gazebo.egg-info/SOURCES.txt'
[1.840s] writing manifest file 'owl_gazebo.egg-info/SOURCES.txt'
[1.842s] running build_ext
[1.842s] Creating /home/aaditya/OWL_Sorting/ros2_ws/install/owl_gazebo/lib/python3.10/site-packages/owl-gazebo.egg-link (link to .)
[1.844s] 
[1.845s] Installed /home/aaditya/OWL_Sorting/ros2_ws/build/owl_gazebo
[1.845s] running symlink_data
[1.845s] creating /home/aaditya/OWL_Sorting/ros2_ws/install/owl_gazebo/share/ament_index
[1.845s] creating /home/aaditya/OWL_Sorting/ros2_ws/install/owl_gazebo/share/ament_index/resource_index
[1.846s] creating /home/aaditya/OWL_Sorting/ros2_ws/install/owl_gazebo/share/ament_index/resource_index/packages
[1.846s] symbolically linking /home/aaditya/OWL_Sorting/ros2_ws/build/owl_gazebo/resource/owl_gazebo -> /home/aaditya/OWL_Sorting/ros2_ws/install/owl_gazebo/share/ament_index/resource_index/packages
[1.846s] symbolically linking /home/aaditya/OWL_Sorting/ros2_ws/build/owl_gazebo/package.xml -> /home/aaditya/OWL_Sorting/ros2_ws/install/owl_gazebo/share/owl_gazebo
[1.847s] creating /home/aaditya/OWL_Sorting/ros2_ws/install/owl_gazebo/share/owl_gazebo/urdf
[1.847s] symbolically linking /home/aaditya/OWL_Sorting/ros2_ws/build/owl_gazebo/urdf/gazebo_plugins.xacro -> /home/aaditya/OWL_Sorting/ros2_ws/install/owl_gazebo/share/owl_gazebo/urdf
[1.847s] symbolically linking /home/aaditya/OWL_Sorting/ros2_ws/build/owl_gazebo/urdf/sim_gazebo.xacro -> /home/aaditya/OWL_Sorting/ros2_ws/install/owl_gazebo/share/owl_gazebo/urdf
[1.847s] creating /home/aaditya/OWL_Sorting/ros2_ws/install/owl_gazebo/share/owl_gazebo/launch
[1.848s] symbolically linking /home/aaditya/OWL_Sorting/ros2_ws/build/owl_gazebo/launch/sim.launch.py -> /home/aaditya/OWL_Sorting/ros2_ws/install/owl_gazebo/share/owl_gazebo/launch
[1.848s] creating /home/aaditya/OWL_Sorting/ros2_ws/install/owl_gazebo/share/owl_gazebo/world
[1.848s] symbolically linking /home/aaditya/OWL_Sorting/ros2_ws/build/owl_gazebo/world/empty.world -> /home/aaditya/OWL_Sorting/ros2_ws/install/owl_gazebo/share/owl_gazebo/world
[1.848s] symbolically linking /home/aaditya/OWL_Sorting/ros2_ws/build/owl_gazebo/world/table.world -> /home/aaditya/OWL_Sorting/ros2_ws/install/owl_gazebo/share/owl_gazebo/world
[1.848s] creating /home/aaditya/OWL_Sorting/ros2_ws/install/owl_gazebo/share/owl_gazebo/models
[1.849s] symbolically linking /home/aaditya/OWL_Sorting/ros2_ws/build/owl_gazebo/models/model-1_2.sdf -> /home/aaditya/OWL_Sorting/ros2_ws/install/owl_gazebo/share/owl_gazebo/models
[1.849s] symbolically linking /home/aaditya/OWL_Sorting/ros2_ws/build/owl_gazebo/models/model-1_4.sdf -> /home/aaditya/OWL_Sorting/ros2_ws/install/owl_gazebo/share/owl_gazebo/models
[1.849s] symbolically linking /home/aaditya/OWL_Sorting/ros2_ws/build/owl_gazebo/models/model-1_3.sdf -> /home/aaditya/OWL_Sorting/ros2_ws/install/owl_gazebo/share/owl_gazebo/models
[1.849s] symbolically linking /home/aaditya/OWL_Sorting/ros2_ws/build/owl_gazebo/models/model.sdf -> /home/aaditya/OWL_Sorting/ros2_ws/install/owl_gazebo/share/owl_gazebo/models
[1.849s] symbolically linking /home/aaditya/OWL_Sorting/ros2_ws/build/owl_gazebo/models/model.config -> /home/aaditya/OWL_Sorting/ros2_ws/install/owl_gazebo/share/owl_gazebo/models
[1.890s] Invoked command in '/home/aaditya/OWL_Sorting/ros2_ws/build/owl_gazebo' returned '0': AMENT_PREFIX_PATH=/home/aaditya/OWL_Sorting/ros2_ws/install/owl_description:/home/aaditya/OWL_Sorting/ros2_ws/install/owl_gazebo:/home/aaditya/Intro-to-robotics/ass1/ros2_ws/install/simmulator:/home/aaditya/ros2_ws/install/my_robot_description:/home/aaditya/Intro-to-robotics/ass3/ros2_ws_2/install/owl:/opt/ros/humble PYTHONPATH=/home/aaditya/OWL_Sorting/ros2_ws/build/owl_gazebo/prefix_override:/usr/lib/python3/dist-packages/colcon_core/task/python/colcon_distutils_commands:/home/aaditya/OWL_Sorting/ros2_ws/install/owl_gazebo/lib/python3.10/site-packages:/home/aaditya/OWL_Sorting/ros2_ws/build/owl_description:/home/aaditya/OWL_Sorting/ros2_ws/install/owl_description/lib/python3.10/site-packages:/home/vardan/OWL_Sorting/ros2_ws/build/owl_gazebo:/home/aaditya/OWL_Sorting/ros2_ws/install/owl_gazebo/lib/python3.10/site-packages:/home/vardan/OWL_Sorting/ros2_ws/build/owl_description:/home/aaditya/Intro-to-robotics/ass1/ros2_ws/build/simmulator:/home/aaditya/Intro-to-robotics/ass1/ros2_ws/install/simmulator/lib/python3.10/site-packages:/home/aaditya/Intro-to-robotics/ass3/ros2_ws_2/build/owl:/home/aaditya/Intro-to-robotics/ass3/ros2_ws_2/install/owl/lib/python3.10/site-packages:/opt/ros/humble/lib/python3.10/site-packages:/opt/ros/humble/local/lib/python3.10/dist-packages /usr/bin/python3 -W ignore:setup.py install is deprecated setup.py develop --editable --build-directory /home/aaditya/OWL_Sorting/ros2_ws/build/owl_gazebo/build --no-deps symlink_data
