[0.595s] DEBUG:colcon:Command line arguments: ['/usr/bin/colcon', 'build', '--symlink-install']
[0.595s] DEBUG:colcon:Parsed command line arguments: Namespace(log_base=None, log_level=None, verb_name='build', build_base='build', install_base='install', merge_install=False, symlink_install=True, test_result_base=None, continue_on_error=False, executor='parallel', parallel_workers=8, event_handlers=None, ignore_user_meta=False, metas=['./colcon.meta'], base_paths=['.'], packages_ignore=None, packages_ignore_regex=None, paths=None, packages_up_to=None, packages_up_to_regex=None, packages_above=None, packages_above_and_dependencies=None, packages_above_depth=None, packages_select_by_dep=None, packages_skip_by_dep=None, packages_skip_up_to=None, packages_select_build_failed=False, packages_skip_build_finished=False, packages_select_test_failures=False, packages_skip_test_passed=False, packages_select=None, packages_skip=None, packages_select_regex=None, packages_skip_regex=None, packages_start=None, packages_end=None, allow_overriding=[], cmake_args=None, cmake_target=None, cmake_target_skip_unavailable=False, cmake_clean_cache=False, cmake_clean_first=False, cmake_force_configure=False, ament_cmake_args=None, catkin_cmake_args=None, catkin_skip_building_tests=False, verb_parser=<colcon_defaults.argument_parser.defaults.DefaultArgumentsDecorator object at 0x7fae84c1c3d0>, verb_extension=<colcon_core.verb.build.BuildVerb object at 0x7fae84e08820>, main=<bound method BuildVerb.main of <colcon_core.verb.build.BuildVerb object at 0x7fae84e08820>>)
[1.340s] Level 1:colcon.colcon_core.package_discovery:discover_packages(colcon_meta) check parameters
[1.340s] Level 1:colcon.colcon_core.package_discovery:discover_packages(recursive) check parameters
[1.340s] Level 1:colcon.colcon_core.package_discovery:discover_packages(ignore) check parameters
[1.340s] Level 1:colcon.colcon_core.package_discovery:discover_packages(path) check parameters
[1.340s] Level 1:colcon.colcon_core.package_discovery:discover_packages(colcon_meta) discover
[1.341s] Level 1:colcon.colcon_core.package_discovery:discover_packages(recursive) discover
[1.341s] INFO:colcon.colcon_core.package_discovery:Crawling recursively for packages in '/home/aaditya/OWL_Sorting/ros2_ws'
[1.341s] Level 1:colcon.colcon_core.package_identification:_identify(.) by extensions ['ignore', 'ignore_ament_install']
[1.341s] Level 1:colcon.colcon_core.package_identification:_identify(.) by extension 'ignore'
[1.341s] Level 1:colcon.colcon_core.package_identification:_identify(.) by extension 'ignore_ament_install'
[1.341s] Level 1:colcon.colcon_core.package_identification:_identify(.) by extensions ['colcon_pkg']
[1.341s] Level 1:colcon.colcon_core.package_identification:_identify(.) by extension 'colcon_pkg'
[1.341s] Level 1:colcon.colcon_core.package_identification:_identify(.) by extensions ['colcon_meta']
[1.341s] Level 1:colcon.colcon_core.package_identification:_identify(.) by extension 'colcon_meta'
[1.341s] Level 1:colcon.colcon_core.package_identification:_identify(.) by extensions ['ros']
[1.341s] Level 1:colcon.colcon_core.package_identification:_identify(.) by extension 'ros'
[1.375s] Level 1:colcon.colcon_core.package_identification:_identify(.) by extensions ['cmake', 'python']
[1.375s] Level 1:colcon.colcon_core.package_identification:_identify(.) by extension 'cmake'
[1.376s] Level 1:colcon.colcon_core.package_identification:_identify(.) by extension 'python'
[1.376s] Level 1:colcon.colcon_core.package_identification:_identify(.) by extensions ['python_setup_py']
[1.376s] Level 1:colcon.colcon_core.package_identification:_identify(.) by extension 'python_setup_py'
[1.376s] Level 1:colcon.colcon_core.package_identification:_identify(build) by extensions ['ignore', 'ignore_ament_install']
[1.376s] Level 1:colcon.colcon_core.package_identification:_identify(build) by extension 'ignore'
[1.376s] Level 1:colcon.colcon_core.package_identification:_identify(build) ignored
[1.377s] Level 1:colcon.colcon_core.package_identification:_identify(install) by extensions ['ignore', 'ignore_ament_install']
[1.377s] Level 1:colcon.colcon_core.package_identification:_identify(install) by extension 'ignore'
[1.377s] Level 1:colcon.colcon_core.package_identification:_identify(install) ignored
[1.377s] Level 1:colcon.colcon_core.package_identification:_identify(log) by extensions ['ignore', 'ignore_ament_install']
[1.377s] Level 1:colcon.colcon_core.package_identification:_identify(log) by extension 'ignore'
[1.377s] Level 1:colcon.colcon_core.package_identification:_identify(log) ignored
[1.377s] Level 1:colcon.colcon_core.package_identification:_identify(src) by extensions ['ignore', 'ignore_ament_install']
[1.377s] Level 1:colcon.colcon_core.package_identification:_identify(src) by extension 'ignore'
[1.377s] Level 1:colcon.colcon_core.package_identification:_identify(src) by extension 'ignore_ament_install'
[1.377s] Level 1:colcon.colcon_core.package_identification:_identify(src) by extensions ['colcon_pkg']
[1.377s] Level 1:colcon.colcon_core.package_identification:_identify(src) by extension 'colcon_pkg'
[1.377s] Level 1:colcon.colcon_core.package_identification:_identify(src) by extensions ['colcon_meta']
[1.377s] Level 1:colcon.colcon_core.package_identification:_identify(src) by extension 'colcon_meta'
[1.377s] Level 1:colcon.colcon_core.package_identification:_identify(src) by extensions ['ros']
[1.377s] Level 1:colcon.colcon_core.package_identification:_identify(src) by extension 'ros'
[1.377s] Level 1:colcon.colcon_core.package_identification:_identify(src) by extensions ['cmake', 'python']
[1.377s] Level 1:colcon.colcon_core.package_identification:_identify(src) by extension 'cmake'
[1.378s] Level 1:colcon.colcon_core.package_identification:_identify(src) by extension 'python'
[1.378s] Level 1:colcon.colcon_core.package_identification:_identify(src) by extensions ['python_setup_py']
[1.378s] Level 1:colcon.colcon_core.package_identification:_identify(src) by extension 'python_setup_py'
[1.378s] Level 1:colcon.colcon_core.package_identification:_identify(src/owl_description) by extensions ['ignore', 'ignore_ament_install']
[1.378s] Level 1:colcon.colcon_core.package_identification:_identify(src/owl_description) by extension 'ignore'
[1.378s] Level 1:colcon.colcon_core.package_identification:_identify(src/owl_description) by extension 'ignore_ament_install'
[1.378s] Level 1:colcon.colcon_core.package_identification:_identify(src/owl_description) by extensions ['colcon_pkg']
[1.378s] Level 1:colcon.colcon_core.package_identification:_identify(src/owl_description) by extension 'colcon_pkg'
[1.378s] Level 1:colcon.colcon_core.package_identification:_identify(src/owl_description) by extensions ['colcon_meta']
[1.378s] Level 1:colcon.colcon_core.package_identification:_identify(src/owl_description) by extension 'colcon_meta'
[1.378s] Level 1:colcon.colcon_core.package_identification:_identify(src/owl_description) by extensions ['ros']
[1.378s] Level 1:colcon.colcon_core.package_identification:_identify(src/owl_description) by extension 'ros'
[1.388s] DEBUG:colcon.colcon_core.package_identification:Package 'src/owl_description' with type 'ros.ament_python' and name 'owl_description'
[1.388s] Level 1:colcon.colcon_core.package_identification:_identify(src/owl_gazebo) by extensions ['ignore', 'ignore_ament_install']
[1.389s] Level 1:colcon.colcon_core.package_identification:_identify(src/owl_gazebo) by extension 'ignore'
[1.389s] Level 1:colcon.colcon_core.package_identification:_identify(src/owl_gazebo) by extension 'ignore_ament_install'
[1.389s] Level 1:colcon.colcon_core.package_identification:_identify(src/owl_gazebo) by extensions ['colcon_pkg']
[1.389s] Level 1:colcon.colcon_core.package_identification:_identify(src/owl_gazebo) by extension 'colcon_pkg'
[1.389s] Level 1:colcon.colcon_core.package_identification:_identify(src/owl_gazebo) by extensions ['colcon_meta']
[1.389s] Level 1:colcon.colcon_core.package_identification:_identify(src/owl_gazebo) by extension 'colcon_meta'
[1.389s] Level 1:colcon.colcon_core.package_identification:_identify(src/owl_gazebo) by extensions ['ros']
[1.389s] Level 1:colcon.colcon_core.package_identification:_identify(src/owl_gazebo) by extension 'ros'
[1.390s] DEBUG:colcon.colcon_core.package_identification:Package 'src/owl_gazebo' with type 'ros.ament_python' and name 'owl_gazebo'
[1.390s] Level 1:colcon.colcon_core.package_identification:_identify(src/owl_moveit_config) by extensions ['ignore', 'ignore_ament_install']
[1.391s] Level 1:colcon.colcon_core.package_identification:_identify(src/owl_moveit_config) by extension 'ignore'
[1.391s] Level 1:colcon.colcon_core.package_identification:_identify(src/owl_moveit_config) by extension 'ignore_ament_install'
[1.391s] Level 1:colcon.colcon_core.package_identification:_identify(src/owl_moveit_config) by extensions ['colcon_pkg']
[1.391s] Level 1:colcon.colcon_core.package_identification:_identify(src/owl_moveit_config) by extension 'colcon_pkg'
[1.391s] Level 1:colcon.colcon_core.package_identification:_identify(src/owl_moveit_config) by extensions ['colcon_meta']
[1.391s] Level 1:colcon.colcon_core.package_identification:_identify(src/owl_moveit_config) by extension 'colcon_meta'
[1.391s] Level 1:colcon.colcon_core.package_identification:_identify(src/owl_moveit_config) by extensions ['ros']
[1.391s] Level 1:colcon.colcon_core.package_identification:_identify(src/owl_moveit_config) by extension 'ros'
[1.391s] Level 1:colcon.colcon_core.package_identification:_identify(src/owl_moveit_config) by extensions ['cmake', 'python']
[1.391s] Level 1:colcon.colcon_core.package_identification:_identify(src/owl_moveit_config) by extension 'cmake'
[1.391s] Level 1:colcon.colcon_core.package_identification:_identify(src/owl_moveit_config) by extension 'python'
[1.391s] Level 1:colcon.colcon_core.package_identification:_identify(src/owl_moveit_config) by extensions ['python_setup_py']
[1.391s] Level 1:colcon.colcon_core.package_identification:_identify(src/owl_moveit_config) by extension 'python_setup_py'
[1.392s] Level 1:colcon.colcon_core.package_identification:_identify(src/owl_moveit_config/CMakeFiles) by extensions ['ignore', 'ignore_ament_install']
[1.392s] Level 1:colcon.colcon_core.package_identification:_identify(src/owl_moveit_config/CMakeFiles) by extension 'ignore'
[1.392s] Level 1:colcon.colcon_core.package_identification:_identify(src/owl_moveit_config/CMakeFiles) by extension 'ignore_ament_install'
[1.392s] Level 1:colcon.colcon_core.package_identification:_identify(src/owl_moveit_config/CMakeFiles) by extensions ['colcon_pkg']
[1.392s] Level 1:colcon.colcon_core.package_identification:_identify(src/owl_moveit_config/CMakeFiles) by extension 'colcon_pkg'
[1.392s] Level 1:colcon.colcon_core.package_identification:_identify(src/owl_moveit_config/CMakeFiles) by extensions ['colcon_meta']
[1.392s] Level 1:colcon.colcon_core.package_identification:_identify(src/owl_moveit_config/CMakeFiles) by extension 'colcon_meta'
[1.392s] Level 1:colcon.colcon_core.package_identification:_identify(src/owl_moveit_config/CMakeFiles) by extensions ['ros']
[1.392s] Level 1:colcon.colcon_core.package_identification:_identify(src/owl_moveit_config/CMakeFiles) by extension 'ros'
[1.392s] Level 1:colcon.colcon_core.package_identification:_identify(src/owl_moveit_config/CMakeFiles) by extensions ['cmake', 'python']
[1.392s] Level 1:colcon.colcon_core.package_identification:_identify(src/owl_moveit_config/CMakeFiles) by extension 'cmake'
[1.392s] Level 1:colcon.colcon_core.package_identification:_identify(src/owl_moveit_config/CMakeFiles) by extension 'python'
[1.392s] Level 1:colcon.colcon_core.package_identification:_identify(src/owl_moveit_config/CMakeFiles) by extensions ['python_setup_py']
[1.392s] Level 1:colcon.colcon_core.package_identification:_identify(src/owl_moveit_config/CMakeFiles) by extension 'python_setup_py'
[1.393s] Level 1:colcon.colcon_core.package_identification:_identify(src/owl_moveit_config/CMakeFiles/3.22.1) by extensions ['ignore', 'ignore_ament_install']
[1.393s] Level 1:colcon.colcon_core.package_identification:_identify(src/owl_moveit_config/CMakeFiles/3.22.1) by extension 'ignore'
[1.393s] Level 1:colcon.colcon_core.package_identification:_identify(src/owl_moveit_config/CMakeFiles/3.22.1) by extension 'ignore_ament_install'
[1.393s] Level 1:colcon.colcon_core.package_identification:_identify(src/owl_moveit_config/CMakeFiles/3.22.1) by extensions ['colcon_pkg']
[1.393s] Level 1:colcon.colcon_core.package_identification:_identify(src/owl_moveit_config/CMakeFiles/3.22.1) by extension 'colcon_pkg'
[1.393s] Level 1:colcon.colcon_core.package_identification:_identify(src/owl_moveit_config/CMakeFiles/3.22.1) by extensions ['colcon_meta']
[1.393s] Level 1:colcon.colcon_core.package_identification:_identify(src/owl_moveit_config/CMakeFiles/3.22.1) by extension 'colcon_meta'
[1.393s] Level 1:colcon.colcon_core.package_identification:_identify(src/owl_moveit_config/CMakeFiles/3.22.1) by extensions ['ros']
[1.393s] Level 1:colcon.colcon_core.package_identification:_identify(src/owl_moveit_config/CMakeFiles/3.22.1) by extension 'ros'
[1.393s] Level 1:colcon.colcon_core.package_identification:_identify(src/owl_moveit_config/CMakeFiles/3.22.1) by extensions ['cmake', 'python']
[1.393s] Level 1:colcon.colcon_core.package_identification:_identify(src/owl_moveit_config/CMakeFiles/3.22.1) by extension 'cmake'
[1.393s] Level 1:colcon.colcon_core.package_identification:_identify(src/owl_moveit_config/CMakeFiles/3.22.1) by extension 'python'
[1.393s] Level 1:colcon.colcon_core.package_identification:_identify(src/owl_moveit_config/CMakeFiles/3.22.1) by extensions ['python_setup_py']
[1.393s] Level 1:colcon.colcon_core.package_identification:_identify(src/owl_moveit_config/CMakeFiles/3.22.1) by extension 'python_setup_py'
[1.393s] Level 1:colcon.colcon_core.package_identification:_identify(src/owl_moveit_config/CMakeFiles/3.22.1/CompilerIdC) by extensions ['ignore', 'ignore_ament_install']
[1.393s] Level 1:colcon.colcon_core.package_identification:_identify(src/owl_moveit_config/CMakeFiles/3.22.1/CompilerIdC) by extension 'ignore'
[1.394s] Level 1:colcon.colcon_core.package_identification:_identify(src/owl_moveit_config/CMakeFiles/3.22.1/CompilerIdC) by extension 'ignore_ament_install'
[1.394s] Level 1:colcon.colcon_core.package_identification:_identify(src/owl_moveit_config/CMakeFiles/3.22.1/CompilerIdC) by extensions ['colcon_pkg']
[1.394s] Level 1:colcon.colcon_core.package_identification:_identify(src/owl_moveit_config/CMakeFiles/3.22.1/CompilerIdC) by extension 'colcon_pkg'
[1.394s] Level 1:colcon.colcon_core.package_identification:_identify(src/owl_moveit_config/CMakeFiles/3.22.1/CompilerIdC) by extensions ['colcon_meta']
[1.394s] Level 1:colcon.colcon_core.package_identification:_identify(src/owl_moveit_config/CMakeFiles/3.22.1/CompilerIdC) by extension 'colcon_meta'
[1.394s] Level 1:colcon.colcon_core.package_identification:_identify(src/owl_moveit_config/CMakeFiles/3.22.1/CompilerIdC) by extensions ['ros']
[1.394s] Level 1:colcon.colcon_core.package_identification:_identify(src/owl_moveit_config/CMakeFiles/3.22.1/CompilerIdC) by extension 'ros'
[1.394s] Level 1:colcon.colcon_core.package_identification:_identify(src/owl_moveit_config/CMakeFiles/3.22.1/CompilerIdC) by extensions ['cmake', 'python']
[1.394s] Level 1:colcon.colcon_core.package_identification:_identify(src/owl_moveit_config/CMakeFiles/3.22.1/CompilerIdC) by extension 'cmake'
[1.394s] Level 1:colcon.colcon_core.package_identification:_identify(src/owl_moveit_config/CMakeFiles/3.22.1/CompilerIdC) by extension 'python'
[1.394s] Level 1:colcon.colcon_core.package_identification:_identify(src/owl_moveit_config/CMakeFiles/3.22.1/CompilerIdC) by extensions ['python_setup_py']
[1.394s] Level 1:colcon.colcon_core.package_identification:_identify(src/owl_moveit_config/CMakeFiles/3.22.1/CompilerIdC) by extension 'python_setup_py'
[1.394s] Level 1:colcon.colcon_core.package_identification:_identify(src/owl_moveit_config/CMakeFiles/3.22.1/CompilerIdC/tmp) by extensions ['ignore', 'ignore_ament_install']
[1.394s] Level 1:colcon.colcon_core.package_identification:_identify(src/owl_moveit_config/CMakeFiles/3.22.1/CompilerIdC/tmp) by extension 'ignore'
[1.394s] Level 1:colcon.colcon_core.package_identification:_identify(src/owl_moveit_config/CMakeFiles/3.22.1/CompilerIdC/tmp) by extension 'ignore_ament_install'
[1.394s] Level 1:colcon.colcon_core.package_identification:_identify(src/owl_moveit_config/CMakeFiles/3.22.1/CompilerIdC/tmp) by extensions ['colcon_pkg']
[1.394s] Level 1:colcon.colcon_core.package_identification:_identify(src/owl_moveit_config/CMakeFiles/3.22.1/CompilerIdC/tmp) by extension 'colcon_pkg'
[1.394s] Level 1:colcon.colcon_core.package_identification:_identify(src/owl_moveit_config/CMakeFiles/3.22.1/CompilerIdC/tmp) by extensions ['colcon_meta']
[1.394s] Level 1:colcon.colcon_core.package_identification:_identify(src/owl_moveit_config/CMakeFiles/3.22.1/CompilerIdC/tmp) by extension 'colcon_meta'
[1.394s] Level 1:colcon.colcon_core.package_identification:_identify(src/owl_moveit_config/CMakeFiles/3.22.1/CompilerIdC/tmp) by extensions ['ros']
[1.394s] Level 1:colcon.colcon_core.package_identification:_identify(src/owl_moveit_config/CMakeFiles/3.22.1/CompilerIdC/tmp) by extension 'ros'
[1.395s] Level 1:colcon.colcon_core.package_identification:_identify(src/owl_moveit_config/CMakeFiles/3.22.1/CompilerIdC/tmp) by extensions ['cmake', 'python']
[1.395s] Level 1:colcon.colcon_core.package_identification:_identify(src/owl_moveit_config/CMakeFiles/3.22.1/CompilerIdC/tmp) by extension 'cmake'
[1.395s] Level 1:colcon.colcon_core.package_identification:_identify(src/owl_moveit_config/CMakeFiles/3.22.1/CompilerIdC/tmp) by extension 'python'
[1.395s] Level 1:colcon.colcon_core.package_identification:_identify(src/owl_moveit_config/CMakeFiles/3.22.1/CompilerIdC/tmp) by extensions ['python_setup_py']
[1.395s] Level 1:colcon.colcon_core.package_identification:_identify(src/owl_moveit_config/CMakeFiles/3.22.1/CompilerIdC/tmp) by extension 'python_setup_py'
[1.395s] Level 1:colcon.colcon_core.package_identification:_identify(src/owl_moveit_config/CMakeFiles/3.22.1/CompilerIdCXX) by extensions ['ignore', 'ignore_ament_install']
[1.395s] Level 1:colcon.colcon_core.package_identification:_identify(src/owl_moveit_config/CMakeFiles/3.22.1/CompilerIdCXX) by extension 'ignore'
[1.395s] Level 1:colcon.colcon_core.package_identification:_identify(src/owl_moveit_config/CMakeFiles/3.22.1/CompilerIdCXX) by extension 'ignore_ament_install'
[1.395s] Level 1:colcon.colcon_core.package_identification:_identify(src/owl_moveit_config/CMakeFiles/3.22.1/CompilerIdCXX) by extensions ['colcon_pkg']
[1.395s] Level 1:colcon.colcon_core.package_identification:_identify(src/owl_moveit_config/CMakeFiles/3.22.1/CompilerIdCXX) by extension 'colcon_pkg'
[1.395s] Level 1:colcon.colcon_core.package_identification:_identify(src/owl_moveit_config/CMakeFiles/3.22.1/CompilerIdCXX) by extensions ['colcon_meta']
[1.395s] Level 1:colcon.colcon_core.package_identification:_identify(src/owl_moveit_config/CMakeFiles/3.22.1/CompilerIdCXX) by extension 'colcon_meta'
[1.395s] Level 1:colcon.colcon_core.package_identification:_identify(src/owl_moveit_config/CMakeFiles/3.22.1/CompilerIdCXX) by extensions ['ros']
[1.395s] Level 1:colcon.colcon_core.package_identification:_identify(src/owl_moveit_config/CMakeFiles/3.22.1/CompilerIdCXX) by extension 'ros'
[1.395s] Level 1:colcon.colcon_core.package_identification:_identify(src/owl_moveit_config/CMakeFiles/3.22.1/CompilerIdCXX) by extensions ['cmake', 'python']
[1.395s] Level 1:colcon.colcon_core.package_identification:_identify(src/owl_moveit_config/CMakeFiles/3.22.1/CompilerIdCXX) by extension 'cmake'
[1.395s] Level 1:colcon.colcon_core.package_identification:_identify(src/owl_moveit_config/CMakeFiles/3.22.1/CompilerIdCXX) by extension 'python'
[1.395s] Level 1:colcon.colcon_core.package_identification:_identify(src/owl_moveit_config/CMakeFiles/3.22.1/CompilerIdCXX) by extensions ['python_setup_py']
[1.395s] Level 1:colcon.colcon_core.package_identification:_identify(src/owl_moveit_config/CMakeFiles/3.22.1/CompilerIdCXX) by extension 'python_setup_py'
[1.395s] Level 1:colcon.colcon_core.package_identification:_identify(src/owl_moveit_config/CMakeFiles/3.22.1/CompilerIdCXX/tmp) by extensions ['ignore', 'ignore_ament_install']
[1.396s] Level 1:colcon.colcon_core.package_identification:_identify(src/owl_moveit_config/CMakeFiles/3.22.1/CompilerIdCXX/tmp) by extension 'ignore'
[1.396s] Level 1:colcon.colcon_core.package_identification:_identify(src/owl_moveit_config/CMakeFiles/3.22.1/CompilerIdCXX/tmp) by extension 'ignore_ament_install'
[1.396s] Level 1:colcon.colcon_core.package_identification:_identify(src/owl_moveit_config/CMakeFiles/3.22.1/CompilerIdCXX/tmp) by extensions ['colcon_pkg']
[1.396s] Level 1:colcon.colcon_core.package_identification:_identify(src/owl_moveit_config/CMakeFiles/3.22.1/CompilerIdCXX/tmp) by extension 'colcon_pkg'
[1.396s] Level 1:colcon.colcon_core.package_identification:_identify(src/owl_moveit_config/CMakeFiles/3.22.1/CompilerIdCXX/tmp) by extensions ['colcon_meta']
[1.396s] Level 1:colcon.colcon_core.package_identification:_identify(src/owl_moveit_config/CMakeFiles/3.22.1/CompilerIdCXX/tmp) by extension 'colcon_meta'
[1.396s] Level 1:colcon.colcon_core.package_identification:_identify(src/owl_moveit_config/CMakeFiles/3.22.1/CompilerIdCXX/tmp) by extensions ['ros']
[1.396s] Level 1:colcon.colcon_core.package_identification:_identify(src/owl_moveit_config/CMakeFiles/3.22.1/CompilerIdCXX/tmp) by extension 'ros'
[1.396s] Level 1:colcon.colcon_core.package_identification:_identify(src/owl_moveit_config/CMakeFiles/3.22.1/CompilerIdCXX/tmp) by extensions ['cmake', 'python']
[1.396s] Level 1:colcon.colcon_core.package_identification:_identify(src/owl_moveit_config/CMakeFiles/3.22.1/CompilerIdCXX/tmp) by extension 'cmake'
[1.396s] Level 1:colcon.colcon_core.package_identification:_identify(src/owl_moveit_config/CMakeFiles/3.22.1/CompilerIdCXX/tmp) by extension 'python'
[1.396s] Level 1:colcon.colcon_core.package_identification:_identify(src/owl_moveit_config/CMakeFiles/3.22.1/CompilerIdCXX/tmp) by extensions ['python_setup_py']
[1.396s] Level 1:colcon.colcon_core.package_identification:_identify(src/owl_moveit_config/CMakeFiles/3.22.1/CompilerIdCXX/tmp) by extension 'python_setup_py'
[1.396s] Level 1:colcon.colcon_core.package_identification:_identify(src/owl_moveit_config/CMakeFiles/CMakeTmp) by extensions ['ignore', 'ignore_ament_install']
[1.396s] Level 1:colcon.colcon_core.package_identification:_identify(src/owl_moveit_config/CMakeFiles/CMakeTmp) by extension 'ignore'
[1.397s] Level 1:colcon.colcon_core.package_identification:_identify(src/owl_moveit_config/CMakeFiles/CMakeTmp) by extension 'ignore_ament_install'
[1.397s] Level 1:colcon.colcon_core.package_identification:_identify(src/owl_moveit_config/CMakeFiles/CMakeTmp) by extensions ['colcon_pkg']
[1.397s] Level 1:colcon.colcon_core.package_identification:_identify(src/owl_moveit_config/CMakeFiles/CMakeTmp) by extension 'colcon_pkg'
[1.397s] Level 1:colcon.colcon_core.package_identification:_identify(src/owl_moveit_config/CMakeFiles/CMakeTmp) by extensions ['colcon_meta']
[1.397s] Level 1:colcon.colcon_core.package_identification:_identify(src/owl_moveit_config/CMakeFiles/CMakeTmp) by extension 'colcon_meta'
[1.397s] Level 1:colcon.colcon_core.package_identification:_identify(src/owl_moveit_config/CMakeFiles/CMakeTmp) by extensions ['ros']
[1.397s] Level 1:colcon.colcon_core.package_identification:_identify(src/owl_moveit_config/CMakeFiles/CMakeTmp) by extension 'ros'
[1.397s] Level 1:colcon.colcon_core.package_identification:_identify(src/owl_moveit_config/CMakeFiles/CMakeTmp) by extensions ['cmake', 'python']
[1.397s] Level 1:colcon.colcon_core.package_identification:_identify(src/owl_moveit_config/CMakeFiles/CMakeTmp) by extension 'cmake'
[1.397s] Level 1:colcon.colcon_core.package_identification:_identify(src/owl_moveit_config/CMakeFiles/CMakeTmp) by extension 'python'
[1.397s] Level 1:colcon.colcon_core.package_identification:_identify(src/owl_moveit_config/CMakeFiles/CMakeTmp) by extensions ['python_setup_py']
[1.397s] Level 1:colcon.colcon_core.package_identification:_identify(src/owl_moveit_config/CMakeFiles/CMakeTmp) by extension 'python_setup_py'
[1.397s] Level 1:colcon.colcon_core.package_identification:_identify(src/owl_moveit_config/CMakeFiles/owl_moveit_config_uninstall.dir) by extensions ['ignore', 'ignore_ament_install']
[1.397s] Level 1:colcon.colcon_core.package_identification:_identify(src/owl_moveit_config/CMakeFiles/owl_moveit_config_uninstall.dir) by extension 'ignore'
[1.397s] Level 1:colcon.colcon_core.package_identification:_identify(src/owl_moveit_config/CMakeFiles/owl_moveit_config_uninstall.dir) by extension 'ignore_ament_install'
[1.397s] Level 1:colcon.colcon_core.package_identification:_identify(src/owl_moveit_config/CMakeFiles/owl_moveit_config_uninstall.dir) by extensions ['colcon_pkg']
[1.397s] Level 1:colcon.colcon_core.package_identification:_identify(src/owl_moveit_config/CMakeFiles/owl_moveit_config_uninstall.dir) by extension 'colcon_pkg'
[1.397s] Level 1:colcon.colcon_core.package_identification:_identify(src/owl_moveit_config/CMakeFiles/owl_moveit_config_uninstall.dir) by extensions ['colcon_meta']
[1.397s] Level 1:colcon.colcon_core.package_identification:_identify(src/owl_moveit_config/CMakeFiles/owl_moveit_config_uninstall.dir) by extension 'colcon_meta'
[1.397s] Level 1:colcon.colcon_core.package_identification:_identify(src/owl_moveit_config/CMakeFiles/owl_moveit_config_uninstall.dir) by extensions ['ros']
[1.397s] Level 1:colcon.colcon_core.package_identification:_identify(src/owl_moveit_config/CMakeFiles/owl_moveit_config_uninstall.dir) by extension 'ros'
[1.397s] Level 1:colcon.colcon_core.package_identification:_identify(src/owl_moveit_config/CMakeFiles/owl_moveit_config_uninstall.dir) by extensions ['cmake', 'python']
[1.397s] Level 1:colcon.colcon_core.package_identification:_identify(src/owl_moveit_config/CMakeFiles/owl_moveit_config_uninstall.dir) by extension 'cmake'
[1.398s] Level 1:colcon.colcon_core.package_identification:_identify(src/owl_moveit_config/CMakeFiles/owl_moveit_config_uninstall.dir) by extension 'python'
[1.398s] Level 1:colcon.colcon_core.package_identification:_identify(src/owl_moveit_config/CMakeFiles/owl_moveit_config_uninstall.dir) by extensions ['python_setup_py']
[1.398s] Level 1:colcon.colcon_core.package_identification:_identify(src/owl_moveit_config/CMakeFiles/owl_moveit_config_uninstall.dir) by extension 'python_setup_py'
[1.398s] Level 1:colcon.colcon_core.package_identification:_identify(src/owl_moveit_config/CMakeFiles/uninstall.dir) by extensions ['ignore', 'ignore_ament_install']
[1.398s] Level 1:colcon.colcon_core.package_identification:_identify(src/owl_moveit_config/CMakeFiles/uninstall.dir) by extension 'ignore'
[1.398s] Level 1:colcon.colcon_core.package_identification:_identify(src/owl_moveit_config/CMakeFiles/uninstall.dir) by extension 'ignore_ament_install'
[1.398s] Level 1:colcon.colcon_core.package_identification:_identify(src/owl_moveit_config/CMakeFiles/uninstall.dir) by extensions ['colcon_pkg']
[1.398s] Level 1:colcon.colcon_core.package_identification:_identify(src/owl_moveit_config/CMakeFiles/uninstall.dir) by extension 'colcon_pkg'
[1.398s] Level 1:colcon.colcon_core.package_identification:_identify(src/owl_moveit_config/CMakeFiles/uninstall.dir) by extensions ['colcon_meta']
[1.398s] Level 1:colcon.colcon_core.package_identification:_identify(src/owl_moveit_config/CMakeFiles/uninstall.dir) by extension 'colcon_meta'
[1.398s] Level 1:colcon.colcon_core.package_identification:_identify(src/owl_moveit_config/CMakeFiles/uninstall.dir) by extensions ['ros']
[1.398s] Level 1:colcon.colcon_core.package_identification:_identify(src/owl_moveit_config/CMakeFiles/uninstall.dir) by extension 'ros'
[1.398s] Level 1:colcon.colcon_core.package_identification:_identify(src/owl_moveit_config/CMakeFiles/uninstall.dir) by extensions ['cmake', 'python']
[1.398s] Level 1:colcon.colcon_core.package_identification:_identify(src/owl_moveit_config/CMakeFiles/uninstall.dir) by extension 'cmake'
[1.398s] Level 1:colcon.colcon_core.package_identification:_identify(src/owl_moveit_config/CMakeFiles/uninstall.dir) by extension 'python'
[1.398s] Level 1:colcon.colcon_core.package_identification:_identify(src/owl_moveit_config/CMakeFiles/uninstall.dir) by extensions ['python_setup_py']
[1.398s] Level 1:colcon.colcon_core.package_identification:_identify(src/owl_moveit_config/CMakeFiles/uninstall.dir) by extension 'python_setup_py'
[1.398s] Level 1:colcon.colcon_core.package_identification:_identify(src/owl_moveit_config/ament_cmake_core) by extensions ['ignore', 'ignore_ament_install']
[1.398s] Level 1:colcon.colcon_core.package_identification:_identify(src/owl_moveit_config/ament_cmake_core) by extension 'ignore'
[1.398s] Level 1:colcon.colcon_core.package_identification:_identify(src/owl_moveit_config/ament_cmake_core) by extension 'ignore_ament_install'
[1.398s] Level 1:colcon.colcon_core.package_identification:_identify(src/owl_moveit_config/ament_cmake_core) by extensions ['colcon_pkg']
[1.398s] Level 1:colcon.colcon_core.package_identification:_identify(src/owl_moveit_config/ament_cmake_core) by extension 'colcon_pkg'
[1.398s] Level 1:colcon.colcon_core.package_identification:_identify(src/owl_moveit_config/ament_cmake_core) by extensions ['colcon_meta']
[1.398s] Level 1:colcon.colcon_core.package_identification:_identify(src/owl_moveit_config/ament_cmake_core) by extension 'colcon_meta'
[1.398s] Level 1:colcon.colcon_core.package_identification:_identify(src/owl_moveit_config/ament_cmake_core) by extensions ['ros']
[1.398s] Level 1:colcon.colcon_core.package_identification:_identify(src/owl_moveit_config/ament_cmake_core) by extension 'ros'
[1.398s] Level 1:colcon.colcon_core.package_identification:_identify(src/owl_moveit_config/ament_cmake_core) by extensions ['cmake', 'python']
[1.398s] Level 1:colcon.colcon_core.package_identification:_identify(src/owl_moveit_config/ament_cmake_core) by extension 'cmake'
[1.398s] Level 1:colcon.colcon_core.package_identification:_identify(src/owl_moveit_config/ament_cmake_core) by extension 'python'
[1.398s] Level 1:colcon.colcon_core.package_identification:_identify(src/owl_moveit_config/ament_cmake_core) by extensions ['python_setup_py']
[1.398s] Level 1:colcon.colcon_core.package_identification:_identify(src/owl_moveit_config/ament_cmake_core) by extension 'python_setup_py'
[1.399s] Level 1:colcon.colcon_core.package_identification:_identify(src/owl_moveit_config/ament_cmake_core/stamps) by extensions ['ignore', 'ignore_ament_install']
[1.399s] Level 1:colcon.colcon_core.package_identification:_identify(src/owl_moveit_config/ament_cmake_core/stamps) by extension 'ignore'
[1.399s] Level 1:colcon.colcon_core.package_identification:_identify(src/owl_moveit_config/ament_cmake_core/stamps) by extension 'ignore_ament_install'
[1.399s] Level 1:colcon.colcon_core.package_identification:_identify(src/owl_moveit_config/ament_cmake_core/stamps) by extensions ['colcon_pkg']
[1.399s] Level 1:colcon.colcon_core.package_identification:_identify(src/owl_moveit_config/ament_cmake_core/stamps) by extension 'colcon_pkg'
[1.399s] Level 1:colcon.colcon_core.package_identification:_identify(src/owl_moveit_config/ament_cmake_core/stamps) by extensions ['colcon_meta']
[1.399s] Level 1:colcon.colcon_core.package_identification:_identify(src/owl_moveit_config/ament_cmake_core/stamps) by extension 'colcon_meta'
[1.399s] Level 1:colcon.colcon_core.package_identification:_identify(src/owl_moveit_config/ament_cmake_core/stamps) by extensions ['ros']
[1.399s] Level 1:colcon.colcon_core.package_identification:_identify(src/owl_moveit_config/ament_cmake_core/stamps) by extension 'ros'
[1.399s] Level 1:colcon.colcon_core.package_identification:_identify(src/owl_moveit_config/ament_cmake_core/stamps) by extensions ['cmake', 'python']
[1.399s] Level 1:colcon.colcon_core.package_identification:_identify(src/owl_moveit_config/ament_cmake_core/stamps) by extension 'cmake'
[1.399s] Level 1:colcon.colcon_core.package_identification:_identify(src/owl_moveit_config/ament_cmake_core/stamps) by extension 'python'
[1.399s] Level 1:colcon.colcon_core.package_identification:_identify(src/owl_moveit_config/ament_cmake_core/stamps) by extensions ['python_setup_py']
[1.399s] Level 1:colcon.colcon_core.package_identification:_identify(src/owl_moveit_config/ament_cmake_core/stamps) by extension 'python_setup_py'
[1.399s] Level 1:colcon.colcon_core.package_identification:_identify(src/owl_moveit_config/ament_cmake_environment_hooks) by extensions ['ignore', 'ignore_ament_install']
[1.399s] Level 1:colcon.colcon_core.package_identification:_identify(src/owl_moveit_config/ament_cmake_environment_hooks) by extension 'ignore'
[1.399s] Level 1:colcon.colcon_core.package_identification:_identify(src/owl_moveit_config/ament_cmake_environment_hooks) by extension 'ignore_ament_install'
[1.399s] Level 1:colcon.colcon_core.package_identification:_identify(src/owl_moveit_config/ament_cmake_environment_hooks) by extensions ['colcon_pkg']
[1.399s] Level 1:colcon.colcon_core.package_identification:_identify(src/owl_moveit_config/ament_cmake_environment_hooks) by extension 'colcon_pkg'
[1.399s] Level 1:colcon.colcon_core.package_identification:_identify(src/owl_moveit_config/ament_cmake_environment_hooks) by extensions ['colcon_meta']
[1.399s] Level 1:colcon.colcon_core.package_identification:_identify(src/owl_moveit_config/ament_cmake_environment_hooks) by extension 'colcon_meta'
[1.399s] Level 1:colcon.colcon_core.package_identification:_identify(src/owl_moveit_config/ament_cmake_environment_hooks) by extensions ['ros']
[1.399s] Level 1:colcon.colcon_core.package_identification:_identify(src/owl_moveit_config/ament_cmake_environment_hooks) by extension 'ros'
[1.399s] Level 1:colcon.colcon_core.package_identification:_identify(src/owl_moveit_config/ament_cmake_environment_hooks) by extensions ['cmake', 'python']
[1.399s] Level 1:colcon.colcon_core.package_identification:_identify(src/owl_moveit_config/ament_cmake_environment_hooks) by extension 'cmake'
[1.399s] Level 1:colcon.colcon_core.package_identification:_identify(src/owl_moveit_config/ament_cmake_environment_hooks) by extension 'python'
[1.399s] Level 1:colcon.colcon_core.package_identification:_identify(src/owl_moveit_config/ament_cmake_environment_hooks) by extensions ['python_setup_py']
[1.400s] Level 1:colcon.colcon_core.package_identification:_identify(src/owl_moveit_config/ament_cmake_environment_hooks) by extension 'python_setup_py'
[1.400s] Level 1:colcon.colcon_core.package_identification:_identify(src/owl_moveit_config/ament_cmake_index) by extensions ['ignore', 'ignore_ament_install']
[1.400s] Level 1:colcon.colcon_core.package_identification:_identify(src/owl_moveit_config/ament_cmake_index) by extension 'ignore'
[1.400s] Level 1:colcon.colcon_core.package_identification:_identify(src/owl_moveit_config/ament_cmake_index) by extension 'ignore_ament_install'
[1.400s] Level 1:colcon.colcon_core.package_identification:_identify(src/owl_moveit_config/ament_cmake_index) by extensions ['colcon_pkg']
[1.400s] Level 1:colcon.colcon_core.package_identification:_identify(src/owl_moveit_config/ament_cmake_index) by extension 'colcon_pkg'
[1.400s] Level 1:colcon.colcon_core.package_identification:_identify(src/owl_moveit_config/ament_cmake_index) by extensions ['colcon_meta']
[1.400s] Level 1:colcon.colcon_core.package_identification:_identify(src/owl_moveit_config/ament_cmake_index) by extension 'colcon_meta'
[1.400s] Level 1:colcon.colcon_core.package_identification:_identify(src/owl_moveit_config/ament_cmake_index) by extensions ['ros']
[1.400s] Level 1:colcon.colcon_core.package_identification:_identify(src/owl_moveit_config/ament_cmake_index) by extension 'ros'
[1.400s] Level 1:colcon.colcon_core.package_identification:_identify(src/owl_moveit_config/ament_cmake_index) by extensions ['cmake', 'python']
[1.400s] Level 1:colcon.colcon_core.package_identification:_identify(src/owl_moveit_config/ament_cmake_index) by extension 'cmake'
[1.400s] Level 1:colcon.colcon_core.package_identification:_identify(src/owl_moveit_config/ament_cmake_index) by extension 'python'
[1.400s] Level 1:colcon.colcon_core.package_identification:_identify(src/owl_moveit_config/ament_cmake_index) by extensions ['python_setup_py']
[1.400s] Level 1:colcon.colcon_core.package_identification:_identify(src/owl_moveit_config/ament_cmake_index) by extension 'python_setup_py'
[1.401s] Level 1:colcon.colcon_core.package_identification:_identify(src/owl_moveit_config/ament_cmake_index/share) by extensions ['ignore', 'ignore_ament_install']
[1.401s] Level 1:colcon.colcon_core.package_identification:_identify(src/owl_moveit_config/ament_cmake_index/share) by extension 'ignore'
[1.401s] Level 1:colcon.colcon_core.package_identification:_identify(src/owl_moveit_config/ament_cmake_index/share) by extension 'ignore_ament_install'
[1.401s] Level 1:colcon.colcon_core.package_identification:_identify(src/owl_moveit_config/ament_cmake_index/share) by extensions ['colcon_pkg']
[1.401s] Level 1:colcon.colcon_core.package_identification:_identify(src/owl_moveit_config/ament_cmake_index/share) by extension 'colcon_pkg'
[1.401s] Level 1:colcon.colcon_core.package_identification:_identify(src/owl_moveit_config/ament_cmake_index/share) by extensions ['colcon_meta']
[1.401s] Level 1:colcon.colcon_core.package_identification:_identify(src/owl_moveit_config/ament_cmake_index/share) by extension 'colcon_meta'
[1.401s] Level 1:colcon.colcon_core.package_identification:_identify(src/owl_moveit_config/ament_cmake_index/share) by extensions ['ros']
[1.401s] Level 1:colcon.colcon_core.package_identification:_identify(src/owl_moveit_config/ament_cmake_index/share) by extension 'ros'
[1.401s] Level 1:colcon.colcon_core.package_identification:_identify(src/owl_moveit_config/ament_cmake_index/share) by extensions ['cmake', 'python']
[1.401s] Level 1:colcon.colcon_core.package_identification:_identify(src/owl_moveit_config/ament_cmake_index/share) by extension 'cmake'
[1.401s] Level 1:colcon.colcon_core.package_identification:_identify(src/owl_moveit_config/ament_cmake_index/share) by extension 'python'
[1.401s] Level 1:colcon.colcon_core.package_identification:_identify(src/owl_moveit_config/ament_cmake_index/share) by extensions ['python_setup_py']
[1.401s] Level 1:colcon.colcon_core.package_identification:_identify(src/owl_moveit_config/ament_cmake_index/share) by extension 'python_setup_py'
[1.402s] Level 1:colcon.colcon_core.package_identification:_identify(src/owl_moveit_config/ament_cmake_index/share/ament_index) by extensions ['ignore', 'ignore_ament_install']
[1.402s] Level 1:colcon.colcon_core.package_identification:_identify(src/owl_moveit_config/ament_cmake_index/share/ament_index) by extension 'ignore'
[1.402s] Level 1:colcon.colcon_core.package_identification:_identify(src/owl_moveit_config/ament_cmake_index/share/ament_index) by extension 'ignore_ament_install'
[1.402s] Level 1:colcon.colcon_core.package_identification:_identify(src/owl_moveit_config/ament_cmake_index/share/ament_index) by extensions ['colcon_pkg']
[1.402s] Level 1:colcon.colcon_core.package_identification:_identify(src/owl_moveit_config/ament_cmake_index/share/ament_index) by extension 'colcon_pkg'
[1.402s] Level 1:colcon.colcon_core.package_identification:_identify(src/owl_moveit_config/ament_cmake_index/share/ament_index) by extensions ['colcon_meta']
[1.402s] Level 1:colcon.colcon_core.package_identification:_identify(src/owl_moveit_config/ament_cmake_index/share/ament_index) by extension 'colcon_meta'
[1.402s] Level 1:colcon.colcon_core.package_identification:_identify(src/owl_moveit_config/ament_cmake_index/share/ament_index) by extensions ['ros']
[1.402s] Level 1:colcon.colcon_core.package_identification:_identify(src/owl_moveit_config/ament_cmake_index/share/ament_index) by extension 'ros'
[1.402s] Level 1:colcon.colcon_core.package_identification:_identify(src/owl_moveit_config/ament_cmake_index/share/ament_index) by extensions ['cmake', 'python']
[1.402s] Level 1:colcon.colcon_core.package_identification:_identify(src/owl_moveit_config/ament_cmake_index/share/ament_index) by extension 'cmake'
[1.402s] Level 1:colcon.colcon_core.package_identification:_identify(src/owl_moveit_config/ament_cmake_index/share/ament_index) by extension 'python'
[1.402s] Level 1:colcon.colcon_core.package_identification:_identify(src/owl_moveit_config/ament_cmake_index/share/ament_index) by extensions ['python_setup_py']
[1.402s] Level 1:colcon.colcon_core.package_identification:_identify(src/owl_moveit_config/ament_cmake_index/share/ament_index) by extension 'python_setup_py'
[1.403s] Level 1:colcon.colcon_core.package_identification:_identify(src/owl_moveit_config/ament_cmake_index/share/ament_index/resource_index) by extensions ['ignore', 'ignore_ament_install']
[1.403s] Level 1:colcon.colcon_core.package_identification:_identify(src/owl_moveit_config/ament_cmake_index/share/ament_index/resource_index) by extension 'ignore'
[1.403s] Level 1:colcon.colcon_core.package_identification:_identify(src/owl_moveit_config/ament_cmake_index/share/ament_index/resource_index) by extension 'ignore_ament_install'
[1.403s] Level 1:colcon.colcon_core.package_identification:_identify(src/owl_moveit_config/ament_cmake_index/share/ament_index/resource_index) by extensions ['colcon_pkg']
[1.403s] Level 1:colcon.colcon_core.package_identification:_identify(src/owl_moveit_config/ament_cmake_index/share/ament_index/resource_index) by extension 'colcon_pkg'
[1.403s] Level 1:colcon.colcon_core.package_identification:_identify(src/owl_moveit_config/ament_cmake_index/share/ament_index/resource_index) by extensions ['colcon_meta']
[1.403s] Level 1:colcon.colcon_core.package_identification:_identify(src/owl_moveit_config/ament_cmake_index/share/ament_index/resource_index) by extension 'colcon_meta'
[1.403s] Level 1:colcon.colcon_core.package_identification:_identify(src/owl_moveit_config/ament_cmake_index/share/ament_index/resource_index) by extensions ['ros']
[1.403s] Level 1:colcon.colcon_core.package_identification:_identify(src/owl_moveit_config/ament_cmake_index/share/ament_index/resource_index) by extension 'ros'
[1.403s] Level 1:colcon.colcon_core.package_identification:_identify(src/owl_moveit_config/ament_cmake_index/share/ament_index/resource_index) by extensions ['cmake', 'python']
[1.403s] Level 1:colcon.colcon_core.package_identification:_identify(src/owl_moveit_config/ament_cmake_index/share/ament_index/resource_index) by extension 'cmake'
[1.403s] Level 1:colcon.colcon_core.package_identification:_identify(src/owl_moveit_config/ament_cmake_index/share/ament_index/resource_index) by extension 'python'
[1.403s] Level 1:colcon.colcon_core.package_identification:_identify(src/owl_moveit_config/ament_cmake_index/share/ament_index/resource_index) by extensions ['python_setup_py']
[1.403s] Level 1:colcon.colcon_core.package_identification:_identify(src/owl_moveit_config/ament_cmake_index/share/ament_index/resource_index) by extension 'python_setup_py'
[1.404s] Level 1:colcon.colcon_core.package_identification:_identify(src/owl_moveit_config/ament_cmake_index/share/ament_index/resource_index/package_run_dependencies) by extensions ['ignore', 'ignore_ament_install']
[1.404s] Level 1:colcon.colcon_core.package_identification:_identify(src/owl_moveit_config/ament_cmake_index/share/ament_index/resource_index/package_run_dependencies) by extension 'ignore'
[1.404s] Level 1:colcon.colcon_core.package_identification:_identify(src/owl_moveit_config/ament_cmake_index/share/ament_index/resource_index/package_run_dependencies) by extension 'ignore_ament_install'
[1.404s] Level 1:colcon.colcon_core.package_identification:_identify(src/owl_moveit_config/ament_cmake_index/share/ament_index/resource_index/package_run_dependencies) by extensions ['colcon_pkg']
[1.404s] Level 1:colcon.colcon_core.package_identification:_identify(src/owl_moveit_config/ament_cmake_index/share/ament_index/resource_index/package_run_dependencies) by extension 'colcon_pkg'
[1.404s] Level 1:colcon.colcon_core.package_identification:_identify(src/owl_moveit_config/ament_cmake_index/share/ament_index/resource_index/package_run_dependencies) by extensions ['colcon_meta']
[1.404s] Level 1:colcon.colcon_core.package_identification:_identify(src/owl_moveit_config/ament_cmake_index/share/ament_index/resource_index/package_run_dependencies) by extension 'colcon_meta'
[1.404s] Level 1:colcon.colcon_core.package_identification:_identify(src/owl_moveit_config/ament_cmake_index/share/ament_index/resource_index/package_run_dependencies) by extensions ['ros']
[1.404s] Level 1:colcon.colcon_core.package_identification:_identify(src/owl_moveit_config/ament_cmake_index/share/ament_index/resource_index/package_run_dependencies) by extension 'ros'
[1.404s] Level 1:colcon.colcon_core.package_identification:_identify(src/owl_moveit_config/ament_cmake_index/share/ament_index/resource_index/package_run_dependencies) by extensions ['cmake', 'python']
[1.404s] Level 1:colcon.colcon_core.package_identification:_identify(src/owl_moveit_config/ament_cmake_index/share/ament_index/resource_index/package_run_dependencies) by extension 'cmake'
[1.404s] Level 1:colcon.colcon_core.package_identification:_identify(src/owl_moveit_config/ament_cmake_index/share/ament_index/resource_index/package_run_dependencies) by extension 'python'
[1.404s] Level 1:colcon.colcon_core.package_identification:_identify(src/owl_moveit_config/ament_cmake_index/share/ament_index/resource_index/package_run_dependencies) by extensions ['python_setup_py']
[1.404s] Level 1:colcon.colcon_core.package_identification:_identify(src/owl_moveit_config/ament_cmake_index/share/ament_index/resource_index/package_run_dependencies) by extension 'python_setup_py'
[1.405s] Level 1:colcon.colcon_core.package_identification:_identify(src/owl_moveit_config/ament_cmake_index/share/ament_index/resource_index/packages) by extensions ['ignore', 'ignore_ament_install']
[1.405s] Level 1:colcon.colcon_core.package_identification:_identify(src/owl_moveit_config/ament_cmake_index/share/ament_index/resource_index/packages) by extension 'ignore'
[1.405s] Level 1:colcon.colcon_core.package_identification:_identify(src/owl_moveit_config/ament_cmake_index/share/ament_index/resource_index/packages) by extension 'ignore_ament_install'
[1.405s] Level 1:colcon.colcon_core.package_identification:_identify(src/owl_moveit_config/ament_cmake_index/share/ament_index/resource_index/packages) by extensions ['colcon_pkg']
[1.405s] Level 1:colcon.colcon_core.package_identification:_identify(src/owl_moveit_config/ament_cmake_index/share/ament_index/resource_index/packages) by extension 'colcon_pkg'
[1.405s] Level 1:colcon.colcon_core.package_identification:_identify(src/owl_moveit_config/ament_cmake_index/share/ament_index/resource_index/packages) by extensions ['colcon_meta']
[1.405s] Level 1:colcon.colcon_core.package_identification:_identify(src/owl_moveit_config/ament_cmake_index/share/ament_index/resource_index/packages) by extension 'colcon_meta'
[1.405s] Level 1:colcon.colcon_core.package_identification:_identify(src/owl_moveit_config/ament_cmake_index/share/ament_index/resource_index/packages) by extensions ['ros']
[1.405s] Level 1:colcon.colcon_core.package_identification:_identify(src/owl_moveit_config/ament_cmake_index/share/ament_index/resource_index/packages) by extension 'ros'
[1.405s] Level 1:colcon.colcon_core.package_identification:_identify(src/owl_moveit_config/ament_cmake_index/share/ament_index/resource_index/packages) by extensions ['cmake', 'python']
[1.405s] Level 1:colcon.colcon_core.package_identification:_identify(src/owl_moveit_config/ament_cmake_index/share/ament_index/resource_index/packages) by extension 'cmake'
[1.405s] Level 1:colcon.colcon_core.package_identification:_identify(src/owl_moveit_config/ament_cmake_index/share/ament_index/resource_index/packages) by extension 'python'
[1.406s] Level 1:colcon.colcon_core.package_identification:_identify(src/owl_moveit_config/ament_cmake_index/share/ament_index/resource_index/packages) by extensions ['python_setup_py']
[1.406s] Level 1:colcon.colcon_core.package_identification:_identify(src/owl_moveit_config/ament_cmake_index/share/ament_index/resource_index/packages) by extension 'python_setup_py'
[1.406s] Level 1:colcon.colcon_core.package_identification:_identify(src/owl_moveit_config/ament_cmake_index/share/ament_index/resource_index/parent_prefix_path) by extensions ['ignore', 'ignore_ament_install']
[1.406s] Level 1:colcon.colcon_core.package_identification:_identify(src/owl_moveit_config/ament_cmake_index/share/ament_index/resource_index/parent_prefix_path) by extension 'ignore'
[1.406s] Level 1:colcon.colcon_core.package_identification:_identify(src/owl_moveit_config/ament_cmake_index/share/ament_index/resource_index/parent_prefix_path) by extension 'ignore_ament_install'
[1.406s] Level 1:colcon.colcon_core.package_identification:_identify(src/owl_moveit_config/ament_cmake_index/share/ament_index/resource_index/parent_prefix_path) by extensions ['colcon_pkg']
[1.406s] Level 1:colcon.colcon_core.package_identification:_identify(src/owl_moveit_config/ament_cmake_index/share/ament_index/resource_index/parent_prefix_path) by extension 'colcon_pkg'
[1.406s] Level 1:colcon.colcon_core.package_identification:_identify(src/owl_moveit_config/ament_cmake_index/share/ament_index/resource_index/parent_prefix_path) by extensions ['colcon_meta']
[1.406s] Level 1:colcon.colcon_core.package_identification:_identify(src/owl_moveit_config/ament_cmake_index/share/ament_index/resource_index/parent_prefix_path) by extension 'colcon_meta'
[1.406s] Level 1:colcon.colcon_core.package_identification:_identify(src/owl_moveit_config/ament_cmake_index/share/ament_index/resource_index/parent_prefix_path) by extensions ['ros']
[1.406s] Level 1:colcon.colcon_core.package_identification:_identify(src/owl_moveit_config/ament_cmake_index/share/ament_index/resource_index/parent_prefix_path) by extension 'ros'
[1.407s] Level 1:colcon.colcon_core.package_identification:_identify(src/owl_moveit_config/ament_cmake_index/share/ament_index/resource_index/parent_prefix_path) by extensions ['cmake', 'python']
[1.407s] Level 1:colcon.colcon_core.package_identification:_identify(src/owl_moveit_config/ament_cmake_index/share/ament_index/resource_index/parent_prefix_path) by extension 'cmake'
[1.407s] Level 1:colcon.colcon_core.package_identification:_identify(src/owl_moveit_config/ament_cmake_index/share/ament_index/resource_index/parent_prefix_path) by extension 'python'
[1.407s] Level 1:colcon.colcon_core.package_identification:_identify(src/owl_moveit_config/ament_cmake_index/share/ament_index/resource_index/parent_prefix_path) by extensions ['python_setup_py']
[1.407s] Level 1:colcon.colcon_core.package_identification:_identify(src/owl_moveit_config/ament_cmake_index/share/ament_index/resource_index/parent_prefix_path) by extension 'python_setup_py'
[1.407s] Level 1:colcon.colcon_core.package_identification:_identify(src/owl_moveit_config/ament_cmake_package_templates) by extensions ['ignore', 'ignore_ament_install']
[1.407s] Level 1:colcon.colcon_core.package_identification:_identify(src/owl_moveit_config/ament_cmake_package_templates) by extension 'ignore'
[1.408s] Level 1:colcon.colcon_core.package_identification:_identify(src/owl_moveit_config/ament_cmake_package_templates) by extension 'ignore_ament_install'
[1.408s] Level 1:colcon.colcon_core.package_identification:_identify(src/owl_moveit_config/ament_cmake_package_templates) by extensions ['colcon_pkg']
[1.408s] Level 1:colcon.colcon_core.package_identification:_identify(src/owl_moveit_config/ament_cmake_package_templates) by extension 'colcon_pkg'
[1.408s] Level 1:colcon.colcon_core.package_identification:_identify(src/owl_moveit_config/ament_cmake_package_templates) by extensions ['colcon_meta']
[1.408s] Level 1:colcon.colcon_core.package_identification:_identify(src/owl_moveit_config/ament_cmake_package_templates) by extension 'colcon_meta'
[1.408s] Level 1:colcon.colcon_core.package_identification:_identify(src/owl_moveit_config/ament_cmake_package_templates) by extensions ['ros']
[1.408s] Level 1:colcon.colcon_core.package_identification:_identify(src/owl_moveit_config/ament_cmake_package_templates) by extension 'ros'
[1.408s] Level 1:colcon.colcon_core.package_identification:_identify(src/owl_moveit_config/ament_cmake_package_templates) by extensions ['cmake', 'python']
[1.408s] Level 1:colcon.colcon_core.package_identification:_identify(src/owl_moveit_config/ament_cmake_package_templates) by extension 'cmake'
[1.408s] Level 1:colcon.colcon_core.package_identification:_identify(src/owl_moveit_config/ament_cmake_package_templates) by extension 'python'
[1.408s] Level 1:colcon.colcon_core.package_identification:_identify(src/owl_moveit_config/ament_cmake_package_templates) by extensions ['python_setup_py']
[1.408s] Level 1:colcon.colcon_core.package_identification:_identify(src/owl_moveit_config/ament_cmake_package_templates) by extension 'python_setup_py'
[1.409s] Level 1:colcon.colcon_core.package_identification:_identify(src/owl_moveit_config/ament_cmake_symlink_install) by extensions ['ignore', 'ignore_ament_install']
[1.409s] Level 1:colcon.colcon_core.package_identification:_identify(src/owl_moveit_config/ament_cmake_symlink_install) by extension 'ignore'
[1.409s] Level 1:colcon.colcon_core.package_identification:_identify(src/owl_moveit_config/ament_cmake_symlink_install) by extension 'ignore_ament_install'
[1.409s] Level 1:colcon.colcon_core.package_identification:_identify(src/owl_moveit_config/ament_cmake_symlink_install) by extensions ['colcon_pkg']
[1.409s] Level 1:colcon.colcon_core.package_identification:_identify(src/owl_moveit_config/ament_cmake_symlink_install) by extension 'colcon_pkg'
[1.409s] Level 1:colcon.colcon_core.package_identification:_identify(src/owl_moveit_config/ament_cmake_symlink_install) by extensions ['colcon_meta']
[1.409s] Level 1:colcon.colcon_core.package_identification:_identify(src/owl_moveit_config/ament_cmake_symlink_install) by extension 'colcon_meta'
[1.409s] Level 1:colcon.colcon_core.package_identification:_identify(src/owl_moveit_config/ament_cmake_symlink_install) by extensions ['ros']
[1.409s] Level 1:colcon.colcon_core.package_identification:_identify(src/owl_moveit_config/ament_cmake_symlink_install) by extension 'ros'
[1.409s] Level 1:colcon.colcon_core.package_identification:_identify(src/owl_moveit_config/ament_cmake_symlink_install) by extensions ['cmake', 'python']
[1.409s] Level 1:colcon.colcon_core.package_identification:_identify(src/owl_moveit_config/ament_cmake_symlink_install) by extension 'cmake'
[1.409s] Level 1:colcon.colcon_core.package_identification:_identify(src/owl_moveit_config/ament_cmake_symlink_install) by extension 'python'
[1.409s] Level 1:colcon.colcon_core.package_identification:_identify(src/owl_moveit_config/ament_cmake_symlink_install) by extensions ['python_setup_py']
[1.409s] Level 1:colcon.colcon_core.package_identification:_identify(src/owl_moveit_config/ament_cmake_symlink_install) by extension 'python_setup_py'
[1.409s] Level 1:colcon.colcon_core.package_identification:_identify(src/owl_moveit_config/ament_cmake_uninstall_target) by extensions ['ignore', 'ignore_ament_install']
[1.409s] Level 1:colcon.colcon_core.package_identification:_identify(src/owl_moveit_config/ament_cmake_uninstall_target) by extension 'ignore'
[1.409s] Level 1:colcon.colcon_core.package_identification:_identify(src/owl_moveit_config/ament_cmake_uninstall_target) by extension 'ignore_ament_install'
[1.409s] Level 1:colcon.colcon_core.package_identification:_identify(src/owl_moveit_config/ament_cmake_uninstall_target) by extensions ['colcon_pkg']
[1.409s] Level 1:colcon.colcon_core.package_identification:_identify(src/owl_moveit_config/ament_cmake_uninstall_target) by extension 'colcon_pkg'
[1.409s] Level 1:colcon.colcon_core.package_identification:_identify(src/owl_moveit_config/ament_cmake_uninstall_target) by extensions ['colcon_meta']
[1.409s] Level 1:colcon.colcon_core.package_identification:_identify(src/owl_moveit_config/ament_cmake_uninstall_target) by extension 'colcon_meta'
[1.409s] Level 1:colcon.colcon_core.package_identification:_identify(src/owl_moveit_config/ament_cmake_uninstall_target) by extensions ['ros']
[1.410s] Level 1:colcon.colcon_core.package_identification:_identify(src/owl_moveit_config/ament_cmake_uninstall_target) by extension 'ros'
[1.410s] Level 1:colcon.colcon_core.package_identification:_identify(src/owl_moveit_config/ament_cmake_uninstall_target) by extensions ['cmake', 'python']
[1.410s] Level 1:colcon.colcon_core.package_identification:_identify(src/owl_moveit_config/ament_cmake_uninstall_target) by extension 'cmake'
[1.410s] Level 1:colcon.colcon_core.package_identification:_identify(src/owl_moveit_config/ament_cmake_uninstall_target) by extension 'python'
[1.410s] Level 1:colcon.colcon_core.package_identification:_identify(src/owl_moveit_config/ament_cmake_uninstall_target) by extensions ['python_setup_py']
[1.410s] Level 1:colcon.colcon_core.package_identification:_identify(src/owl_moveit_config/ament_cmake_uninstall_target) by extension 'python_setup_py'
[1.410s] Level 1:colcon.colcon_core.package_discovery:discover_packages(recursive) using defaults
[1.410s] Level 1:colcon.colcon_core.package_discovery:discover_packages(ignore) discover
[1.410s] Level 1:colcon.colcon_core.package_discovery:discover_packages(ignore) using defaults
[1.410s] Level 1:colcon.colcon_core.package_discovery:discover_packages(path) discover
[1.410s] Level 1:colcon.colcon_core.package_discovery:discover_packages(path) using defaults
[1.468s] Level 1:colcon.colcon_core.package_discovery:discover_packages(prefix_path) check parameters
[1.468s] Level 1:colcon.colcon_core.package_discovery:discover_packages(prefix_path) discover
[1.475s] WARNING:colcon.colcon_ros.prefix_path.ament:The path '/home/aaditya/OWL_Sorting/ros2_ws/install/owl_gazebo' in the environment variable AMENT_PREFIX_PATH doesn't exist
[1.475s] WARNING:colcon.colcon_ros.prefix_path.ament:The path '/home/aaditya/OWL_Sorting/ros2_ws/install/owl_description' in the environment variable AMENT_PREFIX_PATH doesn't exist
[1.481s] WARNING:colcon.colcon_ros.prefix_path.catkin:The path '/home/aaditya/OWL_Sorting/ros2_ws/install/owl_moveit_config' in the environment variable CMAKE_PREFIX_PATH doesn't exist
[1.483s] DEBUG:colcon.colcon_installed_package_information.package_discovery:Found 0 installed packages in /home/aaditya/OWL_Sorting/ros2_ws/install
[1.486s] DEBUG:colcon.colcon_installed_package_information.package_discovery:Found 1 installed packages in /home/aaditya/Intro-to-robotics/ass3/ros2_ws_2/install
[1.487s] DEBUG:colcon.colcon_installed_package_information.package_discovery:Found 1 installed packages in /home/aaditya/Intro-to-robotics/ass1/ros2_ws/install
[1.489s] DEBUG:colcon.colcon_installed_package_information.package_discovery:Found 1 installed packages in /home/aaditya/ros2_ws/install
[1.494s] DEBUG:colcon.colcon_installed_package_information.package_discovery:Found 323 installed packages in /opt/ros/humble
[1.496s] Level 1:colcon.colcon_core.package_discovery:discover_packages(prefix_path) using defaults
[1.753s] Level 5:colcon.colcon_core.verb:set package 'owl_description' build argument 'cmake_args' from command line to 'None'
[1.753s] Level 5:colcon.colcon_core.verb:set package 'owl_description' build argument 'cmake_target' from command line to 'None'
[1.753s] Level 5:colcon.colcon_core.verb:set package 'owl_description' build argument 'cmake_target_skip_unavailable' from command line to 'False'
[1.753s] Level 5:colcon.colcon_core.verb:set package 'owl_description' build argument 'cmake_clean_cache' from command line to 'False'
[1.754s] Level 5:colcon.colcon_core.verb:set package 'owl_description' build argument 'cmake_clean_first' from command line to 'False'
[1.754s] Level 5:colcon.colcon_core.verb:set package 'owl_description' build argument 'cmake_force_configure' from command line to 'False'
[1.754s] Level 5:colcon.colcon_core.verb:set package 'owl_description' build argument 'ament_cmake_args' from command line to 'None'
[1.754s] Level 5:colcon.colcon_core.verb:set package 'owl_description' build argument 'catkin_cmake_args' from command line to 'None'
[1.754s] Level 5:colcon.colcon_core.verb:set package 'owl_description' build argument 'catkin_skip_building_tests' from command line to 'False'
[1.754s] DEBUG:colcon.colcon_core.verb:Building package 'owl_description' with the following arguments: {'ament_cmake_args': None, 'build_base': '/home/aaditya/OWL_Sorting/ros2_ws/build/owl_description', 'catkin_cmake_args': None, 'catkin_skip_building_tests': False, 'cmake_args': None, 'cmake_clean_cache': False, 'cmake_clean_first': False, 'cmake_force_configure': False, 'cmake_target': None, 'cmake_target_skip_unavailable': False, 'install_base': '/home/aaditya/OWL_Sorting/ros2_ws/install/owl_description', 'merge_install': False, 'path': '/home/aaditya/OWL_Sorting/ros2_ws/src/owl_description', 'symlink_install': True, 'test_result_base': None}
[1.754s] Level 5:colcon.colcon_core.verb:set package 'owl_gazebo' build argument 'cmake_args' from command line to 'None'
[1.754s] Level 5:colcon.colcon_core.verb:set package 'owl_gazebo' build argument 'cmake_target' from command line to 'None'
[1.754s] Level 5:colcon.colcon_core.verb:set package 'owl_gazebo' build argument 'cmake_target_skip_unavailable' from command line to 'False'
[1.754s] Level 5:colcon.colcon_core.verb:set package 'owl_gazebo' build argument 'cmake_clean_cache' from command line to 'False'
[1.754s] Level 5:colcon.colcon_core.verb:set package 'owl_gazebo' build argument 'cmake_clean_first' from command line to 'False'
[1.755s] Level 5:colcon.colcon_core.verb:set package 'owl_gazebo' build argument 'cmake_force_configure' from command line to 'False'
[1.755s] Level 5:colcon.colcon_core.verb:set package 'owl_gazebo' build argument 'ament_cmake_args' from command line to 'None'
[1.755s] Level 5:colcon.colcon_core.verb:set package 'owl_gazebo' build argument 'catkin_cmake_args' from command line to 'None'
[1.755s] Level 5:colcon.colcon_core.verb:set package 'owl_gazebo' build argument 'catkin_skip_building_tests' from command line to 'False'
[1.755s] DEBUG:colcon.colcon_core.verb:Building package 'owl_gazebo' with the following arguments: {'ament_cmake_args': None, 'build_base': '/home/aaditya/OWL_Sorting/ros2_ws/build/owl_gazebo', 'catkin_cmake_args': None, 'catkin_skip_building_tests': False, 'cmake_args': None, 'cmake_clean_cache': False, 'cmake_clean_first': False, 'cmake_force_configure': False, 'cmake_target': None, 'cmake_target_skip_unavailable': False, 'install_base': '/home/aaditya/OWL_Sorting/ros2_ws/install/owl_gazebo', 'merge_install': False, 'path': '/home/aaditya/OWL_Sorting/ros2_ws/src/owl_gazebo', 'symlink_install': True, 'test_result_base': None}
[1.755s] INFO:colcon.colcon_core.executor:Executing jobs using 'parallel' executor
[1.757s] DEBUG:colcon.colcon_parallel_executor.executor.parallel:run_until_complete
[1.758s] INFO:colcon.colcon_ros.task.ament_python.build:Building ROS package in '/home/aaditya/OWL_Sorting/ros2_ws/src/owl_description' with build type 'ament_python'
[1.758s] Level 1:colcon.colcon_core.shell:create_environment_hook('owl_description', 'ament_prefix_path')
[1.772s] INFO:colcon.colcon_core.plugin_system:Skipping extension 'colcon_core.shell.bat': Not used on non-Windows systems
[1.773s] INFO:colcon.colcon_core.shell:Creating environment hook '/home/aaditya/OWL_Sorting/ros2_ws/install/owl_description/share/owl_description/hook/ament_prefix_path.ps1'
[1.775s] INFO:colcon.colcon_core.shell:Creating environment descriptor '/home/aaditya/OWL_Sorting/ros2_ws/install/owl_description/share/owl_description/hook/ament_prefix_path.dsv'
[1.777s] INFO:colcon.colcon_core.shell:Creating environment hook '/home/aaditya/OWL_Sorting/ros2_ws/install/owl_description/share/owl_description/hook/ament_prefix_path.sh'
[1.778s] INFO:colcon.colcon_core.shell:Skip shell extension 'powershell' for command environment: Not usable outside of PowerShell
[1.779s] DEBUG:colcon.colcon_core.shell:Skip shell extension 'dsv' for command environment
[2.201s] INFO:colcon.colcon_core.task.python.build:Building Python package in '/home/aaditya/OWL_Sorting/ros2_ws/src/owl_description'
[2.201s] INFO:colcon.colcon_core.shell:Skip shell extension 'powershell' for command environment: Not usable outside of PowerShell
[2.201s] DEBUG:colcon.colcon_core.shell:Skip shell extension 'dsv' for command environment
[3.013s] DEBUG:colcon.colcon_core.event_handler.log_command:Invoking command in '/home/aaditya/OWL_Sorting/ros2_ws/build/owl_description': PYTHONPATH=/home/aaditya/OWL_Sorting/ros2_ws/build/owl_description/prefix_override:/usr/lib/python3/dist-packages/colcon_core/task/python/colcon_distutils_commands:/home/aaditya/OWL_Sorting/ros2_ws/install/owl_description/lib/python3.10/site-packages:${PYTHONPATH} /usr/bin/python3 -W ignore:setup.py install is deprecated setup.py develop --editable --build-directory /home/aaditya/OWL_Sorting/ros2_ws/build/owl_description/build --no-deps symlink_data
[3.562s] Level 1:colcon.colcon_core.shell:create_environment_hook('owl_description', 'pythonpath_develop')
[3.562s] INFO:colcon.colcon_core.shell:Creating environment hook '/home/aaditya/OWL_Sorting/ros2_ws/build/owl_description/share/owl_description/hook/pythonpath_develop.ps1'
[3.563s] DEBUG:colcon.colcon_core.event_handler.log_command:Invoked command in '/home/aaditya/OWL_Sorting/ros2_ws/build/owl_description' returned '0': PYTHONPATH=/home/aaditya/OWL_Sorting/ros2_ws/build/owl_description/prefix_override:/usr/lib/python3/dist-packages/colcon_core/task/python/colcon_distutils_commands:/home/aaditya/OWL_Sorting/ros2_ws/install/owl_description/lib/python3.10/site-packages:${PYTHONPATH} /usr/bin/python3 -W ignore:setup.py install is deprecated setup.py develop --editable --build-directory /home/aaditya/OWL_Sorting/ros2_ws/build/owl_description/build --no-deps symlink_data
[3.564s] INFO:colcon.colcon_core.shell:Creating environment descriptor '/home/aaditya/OWL_Sorting/ros2_ws/build/owl_description/share/owl_description/hook/pythonpath_develop.dsv'
[3.565s] INFO:colcon.colcon_core.shell:Creating environment hook '/home/aaditya/OWL_Sorting/ros2_ws/build/owl_description/share/owl_description/hook/pythonpath_develop.sh'
[3.578s] Level 1:colcon.colcon_core.environment:checking '/home/aaditya/OWL_Sorting/ros2_ws/install/owl_description' for CMake module files
[3.579s] Level 1:colcon.colcon_core.environment:checking '/home/aaditya/OWL_Sorting/ros2_ws/install/owl_description' for CMake config files
[3.580s] Level 1:colcon.colcon_core.environment:checking '/home/aaditya/OWL_Sorting/ros2_ws/install/owl_description/lib'
[3.580s] Level 1:colcon.colcon_core.environment:checking '/home/aaditya/OWL_Sorting/ros2_ws/install/owl_description/bin'
[3.580s] Level 1:colcon.colcon_core.environment:checking '/home/aaditya/OWL_Sorting/ros2_ws/install/owl_description/lib/pkgconfig/owl_description.pc'
[3.581s] Level 1:colcon.colcon_core.environment:checking '/home/aaditya/OWL_Sorting/ros2_ws/install/owl_description/lib/python3.10/site-packages'
[3.581s] Level 1:colcon.colcon_core.shell:create_environment_hook('owl_description', 'pythonpath')
[3.581s] INFO:colcon.colcon_core.shell:Creating environment hook '/home/aaditya/OWL_Sorting/ros2_ws/install/owl_description/share/owl_description/hook/pythonpath.ps1'
[3.582s] INFO:colcon.colcon_core.shell:Creating environment descriptor '/home/aaditya/OWL_Sorting/ros2_ws/install/owl_description/share/owl_description/hook/pythonpath.dsv'
[3.583s] INFO:colcon.colcon_core.shell:Creating environment hook '/home/aaditya/OWL_Sorting/ros2_ws/install/owl_description/share/owl_description/hook/pythonpath.sh'
[3.583s] Level 1:colcon.colcon_core.environment:checking '/home/aaditya/OWL_Sorting/ros2_ws/install/owl_description/bin'
[3.584s] Level 1:colcon.colcon_core.environment:create_environment_scripts_only(owl_description)
[3.584s] INFO:colcon.colcon_core.shell:Creating package script '/home/aaditya/OWL_Sorting/ros2_ws/install/owl_description/share/owl_description/package.ps1'
[3.585s] INFO:colcon.colcon_core.shell:Creating package descriptor '/home/aaditya/OWL_Sorting/ros2_ws/install/owl_description/share/owl_description/package.dsv'
[3.586s] INFO:colcon.colcon_core.shell:Creating package script '/home/aaditya/OWL_Sorting/ros2_ws/install/owl_description/share/owl_description/package.sh'
[3.588s] INFO:colcon.colcon_core.shell:Creating package script '/home/aaditya/OWL_Sorting/ros2_ws/install/owl_description/share/owl_description/package.bash'
[3.590s] INFO:colcon.colcon_core.shell:Creating package script '/home/aaditya/OWL_Sorting/ros2_ws/install/owl_description/share/owl_description/package.zsh'
[3.593s] Level 1:colcon.colcon_core.environment:create_file_with_runtime_dependencies(/home/aaditya/OWL_Sorting/ros2_ws/install/owl_description/share/colcon-core/packages/owl_description)
[3.595s] INFO:colcon.colcon_ros.task.ament_python.build:Building ROS package in '/home/aaditya/OWL_Sorting/ros2_ws/src/owl_gazebo' with build type 'ament_python'
[3.595s] Level 1:colcon.colcon_core.shell:create_environment_hook('owl_gazebo', 'ament_prefix_path')
[3.596s] INFO:colcon.colcon_core.shell:Creating environment hook '/home/aaditya/OWL_Sorting/ros2_ws/install/owl_gazebo/share/owl_gazebo/hook/ament_prefix_path.ps1'
[3.598s] INFO:colcon.colcon_core.shell:Creating environment descriptor '/home/aaditya/OWL_Sorting/ros2_ws/install/owl_gazebo/share/owl_gazebo/hook/ament_prefix_path.dsv'
[3.598s] INFO:colcon.colcon_core.shell:Creating environment hook '/home/aaditya/OWL_Sorting/ros2_ws/install/owl_gazebo/share/owl_gazebo/hook/ament_prefix_path.sh'
[3.599s] INFO:colcon.colcon_core.shell:Skip shell extension 'powershell' for command environment: Not usable outside of PowerShell
[3.599s] DEBUG:colcon.colcon_core.shell:Skip shell extension 'dsv' for command environment
[4.087s] INFO:colcon.colcon_core.task.python.build:Building Python package in '/home/aaditya/OWL_Sorting/ros2_ws/src/owl_gazebo'
[4.088s] INFO:colcon.colcon_core.shell:Skip shell extension 'powershell' for command environment: Not usable outside of PowerShell
[4.088s] DEBUG:colcon.colcon_core.shell:Skip shell extension 'dsv' for command environment
[4.863s] DEBUG:colcon.colcon_core.event_handler.log_command:Invoking command in '/home/aaditya/OWL_Sorting/ros2_ws/build/owl_gazebo': AMENT_PREFIX_PATH=/home/aaditya/OWL_Sorting/ros2_ws/install/owl_description:/home/aaditya/OWL_Sorting/ros2_ws/install/owl_gazebo:/home/aaditya/Intro-to-robotics/ass1/ros2_ws/install/simmulator:/home/aaditya/ros2_ws/install/my_robot_description:/home/aaditya/Intro-to-robotics/ass3/ros2_ws_2/install/owl:/opt/ros/humble PYTHONPATH=/home/aaditya/OWL_Sorting/ros2_ws/build/owl_gazebo/prefix_override:/usr/lib/python3/dist-packages/colcon_core/task/python/colcon_distutils_commands:/home/aaditya/OWL_Sorting/ros2_ws/install/owl_gazebo/lib/python3.10/site-packages:/home/aaditya/OWL_Sorting/ros2_ws/build/owl_description:/home/aaditya/OWL_Sorting/ros2_ws/install/owl_description/lib/python3.10/site-packages:/home/vardan/OWL_Sorting/ros2_ws/build/owl_gazebo:/home/aaditya/OWL_Sorting/ros2_ws/install/owl_gazebo/lib/python3.10/site-packages:/home/vardan/OWL_Sorting/ros2_ws/build/owl_description:/home/aaditya/Intro-to-robotics/ass1/ros2_ws/build/simmulator:/home/aaditya/Intro-to-robotics/ass1/ros2_ws/install/simmulator/lib/python3.10/site-packages:/home/aaditya/Intro-to-robotics/ass3/ros2_ws_2/build/owl:/home/aaditya/Intro-to-robotics/ass3/ros2_ws_2/install/owl/lib/python3.10/site-packages:/opt/ros/humble/lib/python3.10/site-packages:/opt/ros/humble/local/lib/python3.10/dist-packages /usr/bin/python3 -W ignore:setup.py install is deprecated setup.py develop --editable --build-directory /home/aaditya/OWL_Sorting/ros2_ws/build/owl_gazebo/build --no-deps symlink_data
[5.486s] Level 1:colcon.colcon_core.shell:create_environment_hook('owl_gazebo', 'pythonpath_develop')
[5.486s] INFO:colcon.colcon_core.shell:Creating environment hook '/home/aaditya/OWL_Sorting/ros2_ws/build/owl_gazebo/share/owl_gazebo/hook/pythonpath_develop.ps1'
[5.487s] DEBUG:colcon.colcon_core.event_handler.log_command:Invoked command in '/home/aaditya/OWL_Sorting/ros2_ws/build/owl_gazebo' returned '0': AMENT_PREFIX_PATH=/home/aaditya/OWL_Sorting/ros2_ws/install/owl_description:/home/aaditya/OWL_Sorting/ros2_ws/install/owl_gazebo:/home/aaditya/Intro-to-robotics/ass1/ros2_ws/install/simmulator:/home/aaditya/ros2_ws/install/my_robot_description:/home/aaditya/Intro-to-robotics/ass3/ros2_ws_2/install/owl:/opt/ros/humble PYTHONPATH=/home/aaditya/OWL_Sorting/ros2_ws/build/owl_gazebo/prefix_override:/usr/lib/python3/dist-packages/colcon_core/task/python/colcon_distutils_commands:/home/aaditya/OWL_Sorting/ros2_ws/install/owl_gazebo/lib/python3.10/site-packages:/home/aaditya/OWL_Sorting/ros2_ws/build/owl_description:/home/aaditya/OWL_Sorting/ros2_ws/install/owl_description/lib/python3.10/site-packages:/home/vardan/OWL_Sorting/ros2_ws/build/owl_gazebo:/home/aaditya/OWL_Sorting/ros2_ws/install/owl_gazebo/lib/python3.10/site-packages:/home/vardan/OWL_Sorting/ros2_ws/build/owl_description:/home/aaditya/Intro-to-robotics/ass1/ros2_ws/build/simmulator:/home/aaditya/Intro-to-robotics/ass1/ros2_ws/install/simmulator/lib/python3.10/site-packages:/home/aaditya/Intro-to-robotics/ass3/ros2_ws_2/build/owl:/home/aaditya/Intro-to-robotics/ass3/ros2_ws_2/install/owl/lib/python3.10/site-packages:/opt/ros/humble/lib/python3.10/site-packages:/opt/ros/humble/local/lib/python3.10/dist-packages /usr/bin/python3 -W ignore:setup.py install is deprecated setup.py develop --editable --build-directory /home/aaditya/OWL_Sorting/ros2_ws/build/owl_gazebo/build --no-deps symlink_data
[5.488s] INFO:colcon.colcon_core.shell:Creating environment descriptor '/home/aaditya/OWL_Sorting/ros2_ws/build/owl_gazebo/share/owl_gazebo/hook/pythonpath_develop.dsv'
[5.489s] INFO:colcon.colcon_core.shell:Creating environment hook '/home/aaditya/OWL_Sorting/ros2_ws/build/owl_gazebo/share/owl_gazebo/hook/pythonpath_develop.sh'
[5.490s] Level 1:colcon.colcon_core.environment:checking '/home/aaditya/OWL_Sorting/ros2_ws/install/owl_gazebo' for CMake module files
[5.490s] Level 1:colcon.colcon_core.environment:checking '/home/aaditya/OWL_Sorting/ros2_ws/install/owl_gazebo' for CMake config files
[5.491s] Level 1:colcon.colcon_core.environment:checking '/home/aaditya/OWL_Sorting/ros2_ws/install/owl_gazebo/lib'
[5.491s] Level 1:colcon.colcon_core.environment:checking '/home/aaditya/OWL_Sorting/ros2_ws/install/owl_gazebo/bin'
[5.491s] Level 1:colcon.colcon_core.environment:checking '/home/aaditya/OWL_Sorting/ros2_ws/install/owl_gazebo/lib/pkgconfig/owl_gazebo.pc'
[5.491s] Level 1:colcon.colcon_core.environment:checking '/home/aaditya/OWL_Sorting/ros2_ws/install/owl_gazebo/lib/python3.10/site-packages'
[5.492s] Level 1:colcon.colcon_core.shell:create_environment_hook('owl_gazebo', 'pythonpath')
[5.492s] INFO:colcon.colcon_core.shell:Creating environment hook '/home/aaditya/OWL_Sorting/ros2_ws/install/owl_gazebo/share/owl_gazebo/hook/pythonpath.ps1'
[5.493s] INFO:colcon.colcon_core.shell:Creating environment descriptor '/home/aaditya/OWL_Sorting/ros2_ws/install/owl_gazebo/share/owl_gazebo/hook/pythonpath.dsv'
[5.493s] INFO:colcon.colcon_core.shell:Creating environment hook '/home/aaditya/OWL_Sorting/ros2_ws/install/owl_gazebo/share/owl_gazebo/hook/pythonpath.sh'
[5.494s] Level 1:colcon.colcon_core.environment:checking '/home/aaditya/OWL_Sorting/ros2_ws/install/owl_gazebo/bin'
[5.494s] Level 1:colcon.colcon_core.environment:create_environment_scripts_only(owl_gazebo)
[5.495s] INFO:colcon.colcon_core.shell:Creating package script '/home/aaditya/OWL_Sorting/ros2_ws/install/owl_gazebo/share/owl_gazebo/package.ps1'
[5.496s] INFO:colcon.colcon_core.shell:Creating package descriptor '/home/aaditya/OWL_Sorting/ros2_ws/install/owl_gazebo/share/owl_gazebo/package.dsv'
[5.496s] INFO:colcon.colcon_core.shell:Creating package script '/home/aaditya/OWL_Sorting/ros2_ws/install/owl_gazebo/share/owl_gazebo/package.sh'
[5.497s] INFO:colcon.colcon_core.shell:Creating package script '/home/aaditya/OWL_Sorting/ros2_ws/install/owl_gazebo/share/owl_gazebo/package.bash'
[5.497s] INFO:colcon.colcon_core.shell:Creating package script '/home/aaditya/OWL_Sorting/ros2_ws/install/owl_gazebo/share/owl_gazebo/package.zsh'
[5.498s] Level 1:colcon.colcon_core.environment:create_file_with_runtime_dependencies(/home/aaditya/OWL_Sorting/ros2_ws/install/owl_gazebo/share/colcon-core/packages/owl_gazebo)
[5.498s] DEBUG:colcon.colcon_parallel_executor.executor.parallel:closing loop
[5.499s] DEBUG:colcon.colcon_parallel_executor.executor.parallel:loop closed
[5.499s] DEBUG:colcon.colcon_parallel_executor.executor.parallel:run_until_complete finished with '0'
[5.499s] DEBUG:colcon.colcon_core.event_reactor:joining thread
[6.118s] INFO:colcon.colcon_core.plugin_system:Skipping extension 'colcon_notification.desktop_notification.notify_send': Could not find 'notify-send'
[6.119s] INFO:colcon.colcon_core.plugin_system:Skipping extension 'colcon_notification.desktop_notification.terminal_notifier': Not used on non-Darwin systems
[6.119s] INFO:colcon.colcon_core.plugin_system:Skipping extension 'colcon_notification.desktop_notification.win32': Not used on non-Windows systems
[6.119s] INFO:colcon.colcon_notification.desktop_notification:Sending desktop notification using 'notify2'
[6.130s] DEBUG:colcon.colcon_notification.desktop_notification.notify2:Failed to initialize notify2: org.freedesktop.DBus.Error.ServiceUnknown: The name org.freedesktop.Notifications was not provided by any .service files
[6.130s] DEBUG:colcon.colcon_core.event_reactor:joined thread
[6.130s] INFO:colcon.colcon_core.shell:Creating prefix script '/home/aaditya/OWL_Sorting/ros2_ws/install/local_setup.ps1'
[6.132s] INFO:colcon.colcon_core.shell:Creating prefix util module '/home/aaditya/OWL_Sorting/ros2_ws/install/_local_setup_util_ps1.py'
[6.135s] INFO:colcon.colcon_core.shell:Creating prefix chain script '/home/aaditya/OWL_Sorting/ros2_ws/install/setup.ps1'
[6.138s] INFO:colcon.colcon_core.shell:Creating prefix script '/home/aaditya/OWL_Sorting/ros2_ws/install/local_setup.sh'
[6.140s] INFO:colcon.colcon_core.shell:Creating prefix util module '/home/aaditya/OWL_Sorting/ros2_ws/install/_local_setup_util_sh.py'
[6.141s] INFO:colcon.colcon_core.shell:Creating prefix chain script '/home/aaditya/OWL_Sorting/ros2_ws/install/setup.sh'
[6.143s] INFO:colcon.colcon_core.shell:Creating prefix script '/home/aaditya/OWL_Sorting/ros2_ws/install/local_setup.bash'
[6.144s] INFO:colcon.colcon_core.shell:Creating prefix chain script '/home/aaditya/OWL_Sorting/ros2_ws/install/setup.bash'
[6.146s] INFO:colcon.colcon_core.shell:Creating prefix script '/home/aaditya/OWL_Sorting/ros2_ws/install/local_setup.zsh'
[6.148s] INFO:colcon.colcon_core.shell:Creating prefix chain script '/home/aaditya/OWL_Sorting/ros2_ws/install/setup.zsh'
