[0.293s] DEBUG:colcon:Command line arguments: ['/usr/bin/colcon', 'build', '--symlink-install']
[0.293s] DEBUG:colcon:Parsed command line arguments: Namespace(log_base=None, log_level=None, verb_name='build', build_base='build', install_base='install', merge_install=False, symlink_install=True, test_result_base=None, continue_on_error=False, executor='parallel', parallel_workers=8, event_handlers=None, ignore_user_meta=False, metas=['./colcon.meta'], base_paths=['.'], packages_ignore=None, packages_ignore_regex=None, paths=None, packages_up_to=None, packages_up_to_regex=None, packages_above=None, packages_above_and_dependencies=None, packages_above_depth=None, packages_select_by_dep=None, packages_skip_by_dep=None, packages_skip_up_to=None, packages_select_build_failed=False, packages_skip_build_finished=False, packages_select_test_failures=False, packages_skip_test_passed=False, packages_select=None, packages_skip=None, packages_select_regex=None, packages_skip_regex=None, packages_start=None, packages_end=None, allow_overriding=[], cmake_args=None, cmake_target=None, cmake_target_skip_unavailable=False, cmake_clean_cache=False, cmake_clean_first=False, cmake_force_configure=False, ament_cmake_args=None, catkin_cmake_args=None, catkin_skip_building_tests=False, verb_parser=<colcon_defaults.argument_parser.defaults.DefaultArgumentsDecorator object at 0x7f221e9303d0>, verb_extension=<colcon_core.verb.build.BuildVerb object at 0x7f221eb20820>, main=<bound method BuildVerb.main of <colcon_core.verb.build.BuildVerb object at 0x7f221eb20820>>)
[0.457s] Level 1:colcon.colcon_core.package_discovery:discover_packages(colcon_meta) check parameters
[0.457s] Level 1:colcon.colcon_core.package_discovery:discover_packages(recursive) check parameters
[0.457s] Level 1:colcon.colcon_core.package_discovery:discover_packages(ignore) check parameters
[0.457s] Level 1:colcon.colcon_core.package_discovery:discover_packages(path) check parameters
[0.457s] Level 1:colcon.colcon_core.package_discovery:discover_packages(colcon_meta) discover
[0.457s] Level 1:colcon.colcon_core.package_discovery:discover_packages(recursive) discover
[0.457s] INFO:colcon.colcon_core.package_discovery:Crawling recursively for packages in '/home/aaditya/OWL_Sorting/ros2_ws'
[0.457s] Level 1:colcon.colcon_core.package_identification:_identify(.) by extensions ['ignore', 'ignore_ament_install']
[0.457s] Level 1:colcon.colcon_core.package_identification:_identify(.) by extension 'ignore'
[0.457s] Level 1:colcon.colcon_core.package_identification:_identify(.) by extension 'ignore_ament_install'
[0.457s] Level 1:colcon.colcon_core.package_identification:_identify(.) by extensions ['colcon_pkg']
[0.457s] Level 1:colcon.colcon_core.package_identification:_identify(.) by extension 'colcon_pkg'
[0.458s] Level 1:colcon.colcon_core.package_identification:_identify(.) by extensions ['colcon_meta']
[0.458s] Level 1:colcon.colcon_core.package_identification:_identify(.) by extension 'colcon_meta'
[0.458s] Level 1:colcon.colcon_core.package_identification:_identify(.) by extensions ['ros']
[0.458s] Level 1:colcon.colcon_core.package_identification:_identify(.) by extension 'ros'
[0.471s] Level 1:colcon.colcon_core.package_identification:_identify(.) by extensions ['cmake', 'python']
[0.471s] Level 1:colcon.colcon_core.package_identification:_identify(.) by extension 'cmake'
[0.472s] Level 1:colcon.colcon_core.package_identification:_identify(.) by extension 'python'
[0.472s] Level 1:colcon.colcon_core.package_identification:_identify(.) by extensions ['python_setup_py']
[0.472s] Level 1:colcon.colcon_core.package_identification:_identify(.) by extension 'python_setup_py'
[0.472s] Level 1:colcon.colcon_core.package_identification:_identify(build) by extensions ['ignore', 'ignore_ament_install']
[0.472s] Level 1:colcon.colcon_core.package_identification:_identify(build) by extension 'ignore'
[0.472s] Level 1:colcon.colcon_core.package_identification:_identify(build) ignored
[0.472s] Level 1:colcon.colcon_core.package_identification:_identify(install) by extensions ['ignore', 'ignore_ament_install']
[0.472s] Level 1:colcon.colcon_core.package_identification:_identify(install) by extension 'ignore'
[0.472s] Level 1:colcon.colcon_core.package_identification:_identify(install) ignored
[0.472s] Level 1:colcon.colcon_core.package_identification:_identify(log) by extensions ['ignore', 'ignore_ament_install']
[0.472s] Level 1:colcon.colcon_core.package_identification:_identify(log) by extension 'ignore'
[0.472s] Level 1:colcon.colcon_core.package_identification:_identify(log) ignored
[0.472s] Level 1:colcon.colcon_core.package_identification:_identify(src) by extensions ['ignore', 'ignore_ament_install']
[0.472s] Level 1:colcon.colcon_core.package_identification:_identify(src) by extension 'ignore'
[0.472s] Level 1:colcon.colcon_core.package_identification:_identify(src) by extension 'ignore_ament_install'
[0.472s] Level 1:colcon.colcon_core.package_identification:_identify(src) by extensions ['colcon_pkg']
[0.472s] Level 1:colcon.colcon_core.package_identification:_identify(src) by extension 'colcon_pkg'
[0.473s] Level 1:colcon.colcon_core.package_identification:_identify(src) by extensions ['colcon_meta']
[0.473s] Level 1:colcon.colcon_core.package_identification:_identify(src) by extension 'colcon_meta'
[0.473s] Level 1:colcon.colcon_core.package_identification:_identify(src) by extensions ['ros']
[0.473s] Level 1:colcon.colcon_core.package_identification:_identify(src) by extension 'ros'
[0.473s] Level 1:colcon.colcon_core.package_identification:_identify(src) by extensions ['cmake', 'python']
[0.473s] Level 1:colcon.colcon_core.package_identification:_identify(src) by extension 'cmake'
[0.473s] Level 1:colcon.colcon_core.package_identification:_identify(src) by extension 'python'
[0.473s] Level 1:colcon.colcon_core.package_identification:_identify(src) by extensions ['python_setup_py']
[0.473s] Level 1:colcon.colcon_core.package_identification:_identify(src) by extension 'python_setup_py'
[0.473s] Level 1:colcon.colcon_core.package_identification:_identify(src/owl_description) by extensions ['ignore', 'ignore_ament_install']
[0.473s] Level 1:colcon.colcon_core.package_identification:_identify(src/owl_description) by extension 'ignore'
[0.473s] Level 1:colcon.colcon_core.package_identification:_identify(src/owl_description) by extension 'ignore_ament_install'
[0.473s] Level 1:colcon.colcon_core.package_identification:_identify(src/owl_description) by extensions ['colcon_pkg']
[0.473s] Level 1:colcon.colcon_core.package_identification:_identify(src/owl_description) by extension 'colcon_pkg'
[0.473s] Level 1:colcon.colcon_core.package_identification:_identify(src/owl_description) by extensions ['colcon_meta']
[0.473s] Level 1:colcon.colcon_core.package_identification:_identify(src/owl_description) by extension 'colcon_meta'
[0.473s] Level 1:colcon.colcon_core.package_identification:_identify(src/owl_description) by extensions ['ros']
[0.473s] Level 1:colcon.colcon_core.package_identification:_identify(src/owl_description) by extension 'ros'
[0.477s] DEBUG:colcon.colcon_core.package_identification:Package 'src/owl_description' with type 'ros.ament_python' and name 'owl_description'
[0.477s] Level 1:colcon.colcon_core.package_identification:_identify(src/owl_gazebo) by extensions ['ignore', 'ignore_ament_install']
[0.477s] Level 1:colcon.colcon_core.package_identification:_identify(src/owl_gazebo) by extension 'ignore'
[0.477s] Level 1:colcon.colcon_core.package_identification:_identify(src/owl_gazebo) by extension 'ignore_ament_install'
[0.477s] Level 1:colcon.colcon_core.package_identification:_identify(src/owl_gazebo) by extensions ['colcon_pkg']
[0.477s] Level 1:colcon.colcon_core.package_identification:_identify(src/owl_gazebo) by extension 'colcon_pkg'
[0.477s] Level 1:colcon.colcon_core.package_identification:_identify(src/owl_gazebo) by extensions ['colcon_meta']
[0.477s] Level 1:colcon.colcon_core.package_identification:_identify(src/owl_gazebo) by extension 'colcon_meta'
[0.477s] Level 1:colcon.colcon_core.package_identification:_identify(src/owl_gazebo) by extensions ['ros']
[0.477s] Level 1:colcon.colcon_core.package_identification:_identify(src/owl_gazebo) by extension 'ros'
[0.478s] DEBUG:colcon.colcon_core.package_identification:Package 'src/owl_gazebo' with type 'ros.ament_python' and name 'owl_gazebo'
[0.478s] Level 1:colcon.colcon_core.package_identification:_identify(src/owl_moveit_config) by extensions ['ignore', 'ignore_ament_install']
[0.479s] Level 1:colcon.colcon_core.package_identification:_identify(src/owl_moveit_config) by extension 'ignore'
[0.479s] Level 1:colcon.colcon_core.package_identification:_identify(src/owl_moveit_config) by extension 'ignore_ament_install'
[0.479s] Level 1:colcon.colcon_core.package_identification:_identify(src/owl_moveit_config) by extensions ['colcon_pkg']
[0.479s] Level 1:colcon.colcon_core.package_identification:_identify(src/owl_moveit_config) by extension 'colcon_pkg'
[0.479s] Level 1:colcon.colcon_core.package_identification:_identify(src/owl_moveit_config) by extensions ['colcon_meta']
[0.479s] Level 1:colcon.colcon_core.package_identification:_identify(src/owl_moveit_config) by extension 'colcon_meta'
[0.479s] Level 1:colcon.colcon_core.package_identification:_identify(src/owl_moveit_config) by extensions ['ros']
[0.479s] Level 1:colcon.colcon_core.package_identification:_identify(src/owl_moveit_config) by extension 'ros'
[0.480s] DEBUG:colcon.colcon_core.package_identification:Package 'src/owl_moveit_config' with type 'ros.ament_cmake' and name 'owl_moveit_config'
[0.480s] Level 1:colcon.colcon_core.package_discovery:discover_packages(recursive) using defaults
[0.480s] Level 1:colcon.colcon_core.package_discovery:discover_packages(ignore) discover
[0.480s] Level 1:colcon.colcon_core.package_discovery:discover_packages(ignore) using defaults
[0.480s] Level 1:colcon.colcon_core.package_discovery:discover_packages(path) discover
[0.480s] Level 1:colcon.colcon_core.package_discovery:discover_packages(path) using defaults
[0.510s] Level 1:colcon.colcon_core.package_discovery:discover_packages(prefix_path) check parameters
[0.510s] Level 1:colcon.colcon_core.package_discovery:discover_packages(prefix_path) discover
[0.511s] WARNING:colcon.colcon_ros.prefix_path.ament:The path '/home/aaditya/OWL_Sorting/ros2_ws/install/owl_gazebo' in the environment variable AMENT_PREFIX_PATH doesn't exist
[0.511s] WARNING:colcon.colcon_ros.prefix_path.ament:The path '/home/aaditya/OWL_Sorting/ros2_ws/install/owl_description' in the environment variable AMENT_PREFIX_PATH doesn't exist
[0.512s] WARNING:colcon.colcon_ros.prefix_path.catkin:The path '/home/aaditya/OWL_Sorting/ros2_ws/install/owl_moveit_config' in the environment variable CMAKE_PREFIX_PATH doesn't exist
[0.513s] DEBUG:colcon.colcon_installed_package_information.package_discovery:Found 0 installed packages in /home/aaditya/OWL_Sorting/ros2_ws/install
[0.513s] DEBUG:colcon.colcon_installed_package_information.package_discovery:Found 1 installed packages in /home/aaditya/Intro-to-robotics/ass3/ros2_ws_2/install
[0.514s] DEBUG:colcon.colcon_installed_package_information.package_discovery:Found 1 installed packages in /home/aaditya/Intro-to-robotics/ass1/ros2_ws/install
[0.514s] DEBUG:colcon.colcon_installed_package_information.package_discovery:Found 1 installed packages in /home/aaditya/ros2_ws/install
[0.516s] DEBUG:colcon.colcon_installed_package_information.package_discovery:Found 323 installed packages in /opt/ros/humble
[0.518s] Level 1:colcon.colcon_core.package_discovery:discover_packages(prefix_path) using defaults
[0.582s] Level 5:colcon.colcon_core.verb:set package 'owl_description' build argument 'cmake_args' from command line to 'None'
[0.582s] Level 5:colcon.colcon_core.verb:set package 'owl_description' build argument 'cmake_target' from command line to 'None'
[0.582s] Level 5:colcon.colcon_core.verb:set package 'owl_description' build argument 'cmake_target_skip_unavailable' from command line to 'False'
[0.582s] Level 5:colcon.colcon_core.verb:set package 'owl_description' build argument 'cmake_clean_cache' from command line to 'False'
[0.582s] Level 5:colcon.colcon_core.verb:set package 'owl_description' build argument 'cmake_clean_first' from command line to 'False'
[0.582s] Level 5:colcon.colcon_core.verb:set package 'owl_description' build argument 'cmake_force_configure' from command line to 'False'
[0.583s] Level 5:colcon.colcon_core.verb:set package 'owl_description' build argument 'ament_cmake_args' from command line to 'None'
[0.583s] Level 5:colcon.colcon_core.verb:set package 'owl_description' build argument 'catkin_cmake_args' from command line to 'None'
[0.583s] Level 5:colcon.colcon_core.verb:set package 'owl_description' build argument 'catkin_skip_building_tests' from command line to 'False'
[0.583s] DEBUG:colcon.colcon_core.verb:Building package 'owl_description' with the following arguments: {'ament_cmake_args': None, 'build_base': '/home/aaditya/OWL_Sorting/ros2_ws/build/owl_description', 'catkin_cmake_args': None, 'catkin_skip_building_tests': False, 'cmake_args': None, 'cmake_clean_cache': False, 'cmake_clean_first': False, 'cmake_force_configure': False, 'cmake_target': None, 'cmake_target_skip_unavailable': False, 'install_base': '/home/aaditya/OWL_Sorting/ros2_ws/install/owl_description', 'merge_install': False, 'path': '/home/aaditya/OWL_Sorting/ros2_ws/src/owl_description', 'symlink_install': True, 'test_result_base': None}
[0.583s] Level 5:colcon.colcon_core.verb:set package 'owl_moveit_config' build argument 'cmake_args' from command line to 'None'
[0.583s] Level 5:colcon.colcon_core.verb:set package 'owl_moveit_config' build argument 'cmake_target' from command line to 'None'
[0.584s] Level 5:colcon.colcon_core.verb:set package 'owl_moveit_config' build argument 'cmake_target_skip_unavailable' from command line to 'False'
[0.584s] Level 5:colcon.colcon_core.verb:set package 'owl_moveit_config' build argument 'cmake_clean_cache' from command line to 'False'
[0.584s] Level 5:colcon.colcon_core.verb:set package 'owl_moveit_config' build argument 'cmake_clean_first' from command line to 'False'
[0.584s] Level 5:colcon.colcon_core.verb:set package 'owl_moveit_config' build argument 'cmake_force_configure' from command line to 'False'
[0.584s] Level 5:colcon.colcon_core.verb:set package 'owl_moveit_config' build argument 'ament_cmake_args' from command line to 'None'
[0.584s] Level 5:colcon.colcon_core.verb:set package 'owl_moveit_config' build argument 'catkin_cmake_args' from command line to 'None'
[0.584s] Level 5:colcon.colcon_core.verb:set package 'owl_moveit_config' build argument 'catkin_skip_building_tests' from command line to 'False'
[0.584s] DEBUG:colcon.colcon_core.verb:Building package 'owl_moveit_config' with the following arguments: {'ament_cmake_args': None, 'build_base': '/home/aaditya/OWL_Sorting/ros2_ws/build/owl_moveit_config', 'catkin_cmake_args': None, 'catkin_skip_building_tests': False, 'cmake_args': None, 'cmake_clean_cache': False, 'cmake_clean_first': False, 'cmake_force_configure': False, 'cmake_target': None, 'cmake_target_skip_unavailable': False, 'install_base': '/home/aaditya/OWL_Sorting/ros2_ws/install/owl_moveit_config', 'merge_install': False, 'path': '/home/aaditya/OWL_Sorting/ros2_ws/src/owl_moveit_config', 'symlink_install': True, 'test_result_base': None}
[0.584s] Level 5:colcon.colcon_core.verb:set package 'owl_gazebo' build argument 'cmake_args' from command line to 'None'
[0.584s] Level 5:colcon.colcon_core.verb:set package 'owl_gazebo' build argument 'cmake_target' from command line to 'None'
[0.585s] Level 5:colcon.colcon_core.verb:set package 'owl_gazebo' build argument 'cmake_target_skip_unavailable' from command line to 'False'
[0.585s] Level 5:colcon.colcon_core.verb:set package 'owl_gazebo' build argument 'cmake_clean_cache' from command line to 'False'
[0.585s] Level 5:colcon.colcon_core.verb:set package 'owl_gazebo' build argument 'cmake_clean_first' from command line to 'False'
[0.585s] Level 5:colcon.colcon_core.verb:set package 'owl_gazebo' build argument 'cmake_force_configure' from command line to 'False'
[0.585s] Level 5:colcon.colcon_core.verb:set package 'owl_gazebo' build argument 'ament_cmake_args' from command line to 'None'
[0.585s] Level 5:colcon.colcon_core.verb:set package 'owl_gazebo' build argument 'catkin_cmake_args' from command line to 'None'
[0.585s] Level 5:colcon.colcon_core.verb:set package 'owl_gazebo' build argument 'catkin_skip_building_tests' from command line to 'False'
[0.585s] DEBUG:colcon.colcon_core.verb:Building package 'owl_gazebo' with the following arguments: {'ament_cmake_args': None, 'build_base': '/home/aaditya/OWL_Sorting/ros2_ws/build/owl_gazebo', 'catkin_cmake_args': None, 'catkin_skip_building_tests': False, 'cmake_args': None, 'cmake_clean_cache': False, 'cmake_clean_first': False, 'cmake_force_configure': False, 'cmake_target': None, 'cmake_target_skip_unavailable': False, 'install_base': '/home/aaditya/OWL_Sorting/ros2_ws/install/owl_gazebo', 'merge_install': False, 'path': '/home/aaditya/OWL_Sorting/ros2_ws/src/owl_gazebo', 'symlink_install': True, 'test_result_base': None}
[0.585s] INFO:colcon.colcon_core.executor:Executing jobs using 'parallel' executor
[0.587s] DEBUG:colcon.colcon_parallel_executor.executor.parallel:run_until_complete
[0.587s] INFO:colcon.colcon_ros.task.ament_python.build:Building ROS package in '/home/aaditya/OWL_Sorting/ros2_ws/src/owl_description' with build type 'ament_python'
[0.588s] Level 1:colcon.colcon_core.shell:create_environment_hook('owl_description', 'ament_prefix_path')
[0.590s] INFO:colcon.colcon_core.plugin_system:Skipping extension 'colcon_core.shell.bat': Not used on non-Windows systems
[0.590s] INFO:colcon.colcon_core.shell:Creating environment hook '/home/aaditya/OWL_Sorting/ros2_ws/install/owl_description/share/owl_description/hook/ament_prefix_path.ps1'
[0.592s] INFO:colcon.colcon_core.shell:Creating environment descriptor '/home/aaditya/OWL_Sorting/ros2_ws/install/owl_description/share/owl_description/hook/ament_prefix_path.dsv'
[0.592s] INFO:colcon.colcon_core.shell:Creating environment hook '/home/aaditya/OWL_Sorting/ros2_ws/install/owl_description/share/owl_description/hook/ament_prefix_path.sh'
[0.593s] INFO:colcon.colcon_core.shell:Skip shell extension 'powershell' for command environment: Not usable outside of PowerShell
[0.593s] DEBUG:colcon.colcon_core.shell:Skip shell extension 'dsv' for command environment
[0.899s] INFO:colcon.colcon_core.task.python.build:Building Python package in '/home/aaditya/OWL_Sorting/ros2_ws/src/owl_description'
[0.899s] INFO:colcon.colcon_core.shell:Skip shell extension 'powershell' for command environment: Not usable outside of PowerShell
[0.899s] DEBUG:colcon.colcon_core.shell:Skip shell extension 'dsv' for command environment
[1.299s] DEBUG:colcon.colcon_core.event_handler.log_command:Invoking command in '/home/aaditya/OWL_Sorting/ros2_ws/build/owl_description': PYTHONPATH=/home/aaditya/OWL_Sorting/ros2_ws/build/owl_description/prefix_override:/usr/lib/python3/dist-packages/colcon_core/task/python/colcon_distutils_commands:/home/aaditya/OWL_Sorting/ros2_ws/install/owl_description/lib/python3.10/site-packages:${PYTHONPATH} /usr/bin/python3 -W ignore:setup.py install is deprecated setup.py develop --editable --build-directory /home/aaditya/OWL_Sorting/ros2_ws/build/owl_description/build --no-deps symlink_data
[1.806s] Level 1:colcon.colcon_core.shell:create_environment_hook('owl_description', 'pythonpath_develop')
[1.806s] DEBUG:colcon.colcon_core.event_handler.log_command:Invoked command in '/home/aaditya/OWL_Sorting/ros2_ws/build/owl_description' returned '0': PYTHONPATH=/home/aaditya/OWL_Sorting/ros2_ws/build/owl_description/prefix_override:/usr/lib/python3/dist-packages/colcon_core/task/python/colcon_distutils_commands:/home/aaditya/OWL_Sorting/ros2_ws/install/owl_description/lib/python3.10/site-packages:${PYTHONPATH} /usr/bin/python3 -W ignore:setup.py install is deprecated setup.py develop --editable --build-directory /home/aaditya/OWL_Sorting/ros2_ws/build/owl_description/build --no-deps symlink_data
[1.806s] INFO:colcon.colcon_core.shell:Creating environment hook '/home/aaditya/OWL_Sorting/ros2_ws/build/owl_description/share/owl_description/hook/pythonpath_develop.ps1'
[1.808s] INFO:colcon.colcon_core.shell:Creating environment descriptor '/home/aaditya/OWL_Sorting/ros2_ws/build/owl_description/share/owl_description/hook/pythonpath_develop.dsv'
[1.808s] INFO:colcon.colcon_core.shell:Creating environment hook '/home/aaditya/OWL_Sorting/ros2_ws/build/owl_description/share/owl_description/hook/pythonpath_develop.sh'
[1.811s] Level 1:colcon.colcon_core.environment:checking '/home/aaditya/OWL_Sorting/ros2_ws/install/owl_description' for CMake module files
[1.811s] Level 1:colcon.colcon_core.environment:checking '/home/aaditya/OWL_Sorting/ros2_ws/install/owl_description' for CMake config files
[1.812s] Level 1:colcon.colcon_core.environment:checking '/home/aaditya/OWL_Sorting/ros2_ws/install/owl_description/lib'
[1.812s] Level 1:colcon.colcon_core.environment:checking '/home/aaditya/OWL_Sorting/ros2_ws/install/owl_description/bin'
[1.812s] Level 1:colcon.colcon_core.environment:checking '/home/aaditya/OWL_Sorting/ros2_ws/install/owl_description/lib/pkgconfig/owl_description.pc'
[1.812s] Level 1:colcon.colcon_core.environment:checking '/home/aaditya/OWL_Sorting/ros2_ws/install/owl_description/lib/python3.10/site-packages'
[1.812s] Level 1:colcon.colcon_core.shell:create_environment_hook('owl_description', 'pythonpath')
[1.812s] INFO:colcon.colcon_core.shell:Creating environment hook '/home/aaditya/OWL_Sorting/ros2_ws/install/owl_description/share/owl_description/hook/pythonpath.ps1'
[1.813s] INFO:colcon.colcon_core.shell:Creating environment descriptor '/home/aaditya/OWL_Sorting/ros2_ws/install/owl_description/share/owl_description/hook/pythonpath.dsv'
[1.813s] INFO:colcon.colcon_core.shell:Creating environment hook '/home/aaditya/OWL_Sorting/ros2_ws/install/owl_description/share/owl_description/hook/pythonpath.sh'
[1.813s] Level 1:colcon.colcon_core.environment:checking '/home/aaditya/OWL_Sorting/ros2_ws/install/owl_description/bin'
[1.813s] Level 1:colcon.colcon_core.environment:create_environment_scripts_only(owl_description)
[1.814s] INFO:colcon.colcon_core.shell:Creating package script '/home/aaditya/OWL_Sorting/ros2_ws/install/owl_description/share/owl_description/package.ps1'
[1.815s] INFO:colcon.colcon_core.shell:Creating package descriptor '/home/aaditya/OWL_Sorting/ros2_ws/install/owl_description/share/owl_description/package.dsv'
[1.815s] INFO:colcon.colcon_core.shell:Creating package script '/home/aaditya/OWL_Sorting/ros2_ws/install/owl_description/share/owl_description/package.sh'
[1.816s] INFO:colcon.colcon_core.shell:Creating package script '/home/aaditya/OWL_Sorting/ros2_ws/install/owl_description/share/owl_description/package.bash'
[1.817s] INFO:colcon.colcon_core.shell:Creating package script '/home/aaditya/OWL_Sorting/ros2_ws/install/owl_description/share/owl_description/package.zsh'
[1.818s] Level 1:colcon.colcon_core.environment:create_file_with_runtime_dependencies(/home/aaditya/OWL_Sorting/ros2_ws/install/owl_description/share/colcon-core/packages/owl_description)
[1.819s] INFO:colcon.colcon_ros.task.ament_cmake.build:Building ROS package in '/home/aaditya/OWL_Sorting/ros2_ws/src/owl_moveit_config' with build type 'ament_cmake'
[1.820s] INFO:colcon.colcon_cmake.task.cmake.build:Building CMake package in '/home/aaditya/OWL_Sorting/ros2_ws/src/owl_moveit_config'
[1.821s] INFO:colcon.colcon_core.shell:Skip shell extension 'powershell' for command environment: Not usable outside of PowerShell
[1.821s] DEBUG:colcon.colcon_core.shell:Skip shell extension 'dsv' for command environment
[1.980s] DEBUG:colcon.colcon_core.event_handler.log_command:Invoking command in '/home/aaditya/OWL_Sorting/ros2_ws/build/owl_moveit_config': AMENT_PREFIX_PATH=/home/aaditya/OWL_Sorting/ros2_ws/install/owl_description:/home/aaditya/OWL_Sorting/ros2_ws/install/owl_gazebo:/home/aaditya/Intro-to-robotics/ass1/ros2_ws/install/simmulator:/home/aaditya/ros2_ws/install/my_robot_description:/home/aaditya/Intro-to-robotics/ass3/ros2_ws_2/install/owl:/opt/ros/humble CMAKE_PREFIX_PATH=${CMAKE_PREFIX_PATH}:/home/aaditya/OWL_Sorting/ros2_ws/install/owl_gazebo:/home/aaditya/OWL_Sorting/ros2_ws/install/owl_description:/home/aaditya/Intro-to-robotics/ass1/ros2_ws/install/simmulator:/home/aaditya/Intro-to-robotics/ass3/ros2_ws_2/install/owl:/opt/ros/humble PYTHONPATH=/home/aaditya/OWL_Sorting/ros2_ws/build/owl_description:/home/aaditya/OWL_Sorting/ros2_ws/install/owl_description/lib/python3.10/site-packages:/home/vardan/OWL_Sorting/ros2_ws/build/owl_gazebo:/home/aaditya/OWL_Sorting/ros2_ws/install/owl_gazebo/lib/python3.10/site-packages:/home/vardan/OWL_Sorting/ros2_ws/build/owl_description:/home/aaditya/Intro-to-robotics/ass1/ros2_ws/build/simmulator:/home/aaditya/Intro-to-robotics/ass1/ros2_ws/install/simmulator/lib/python3.10/site-packages:/home/aaditya/Intro-to-robotics/ass3/ros2_ws_2/build/owl:/home/aaditya/Intro-to-robotics/ass3/ros2_ws_2/install/owl/lib/python3.10/site-packages:/opt/ros/humble/lib/python3.10/site-packages:/opt/ros/humble/local/lib/python3.10/dist-packages /usr/bin/cmake /home/aaditya/OWL_Sorting/ros2_ws/src/owl_moveit_config -DAMENT_CMAKE_SYMLINK_INSTALL=1 -DCMAKE_INSTALL_PREFIX=/home/aaditya/OWL_Sorting/ros2_ws/install/owl_moveit_config
[3.554s] DEBUG:colcon.colcon_core.event_handler.log_command:Invoked command in '/home/aaditya/OWL_Sorting/ros2_ws/build/owl_moveit_config' returned '0': AMENT_PREFIX_PATH=/home/aaditya/OWL_Sorting/ros2_ws/install/owl_description:/home/aaditya/OWL_Sorting/ros2_ws/install/owl_gazebo:/home/aaditya/Intro-to-robotics/ass1/ros2_ws/install/simmulator:/home/aaditya/ros2_ws/install/my_robot_description:/home/aaditya/Intro-to-robotics/ass3/ros2_ws_2/install/owl:/opt/ros/humble CMAKE_PREFIX_PATH=${CMAKE_PREFIX_PATH}:/home/aaditya/OWL_Sorting/ros2_ws/install/owl_gazebo:/home/aaditya/OWL_Sorting/ros2_ws/install/owl_description:/home/aaditya/Intro-to-robotics/ass1/ros2_ws/install/simmulator:/home/aaditya/Intro-to-robotics/ass3/ros2_ws_2/install/owl:/opt/ros/humble PYTHONPATH=/home/aaditya/OWL_Sorting/ros2_ws/build/owl_description:/home/aaditya/OWL_Sorting/ros2_ws/install/owl_description/lib/python3.10/site-packages:/home/vardan/OWL_Sorting/ros2_ws/build/owl_gazebo:/home/aaditya/OWL_Sorting/ros2_ws/install/owl_gazebo/lib/python3.10/site-packages:/home/vardan/OWL_Sorting/ros2_ws/build/owl_description:/home/aaditya/Intro-to-robotics/ass1/ros2_ws/build/simmulator:/home/aaditya/Intro-to-robotics/ass1/ros2_ws/install/simmulator/lib/python3.10/site-packages:/home/aaditya/Intro-to-robotics/ass3/ros2_ws_2/build/owl:/home/aaditya/Intro-to-robotics/ass3/ros2_ws_2/install/owl/lib/python3.10/site-packages:/opt/ros/humble/lib/python3.10/site-packages:/opt/ros/humble/local/lib/python3.10/dist-packages /usr/bin/cmake /home/aaditya/OWL_Sorting/ros2_ws/src/owl_moveit_config -DAMENT_CMAKE_SYMLINK_INSTALL=1 -DCMAKE_INSTALL_PREFIX=/home/aaditya/OWL_Sorting/ros2_ws/install/owl_moveit_config
[3.555s] DEBUG:colcon.colcon_core.event_handler.log_command:Invoking command in '/home/aaditya/OWL_Sorting/ros2_ws/build/owl_moveit_config': AMENT_PREFIX_PATH=/home/aaditya/OWL_Sorting/ros2_ws/install/owl_description:/home/aaditya/OWL_Sorting/ros2_ws/install/owl_gazebo:/home/aaditya/Intro-to-robotics/ass1/ros2_ws/install/simmulator:/home/aaditya/ros2_ws/install/my_robot_description:/home/aaditya/Intro-to-robotics/ass3/ros2_ws_2/install/owl:/opt/ros/humble CMAKE_PREFIX_PATH=${CMAKE_PREFIX_PATH}:/home/aaditya/OWL_Sorting/ros2_ws/install/owl_gazebo:/home/aaditya/OWL_Sorting/ros2_ws/install/owl_description:/home/aaditya/Intro-to-robotics/ass1/ros2_ws/install/simmulator:/home/aaditya/Intro-to-robotics/ass3/ros2_ws_2/install/owl:/opt/ros/humble PYTHONPATH=/home/aaditya/OWL_Sorting/ros2_ws/build/owl_description:/home/aaditya/OWL_Sorting/ros2_ws/install/owl_description/lib/python3.10/site-packages:/home/vardan/OWL_Sorting/ros2_ws/build/owl_gazebo:/home/aaditya/OWL_Sorting/ros2_ws/install/owl_gazebo/lib/python3.10/site-packages:/home/vardan/OWL_Sorting/ros2_ws/build/owl_description:/home/aaditya/Intro-to-robotics/ass1/ros2_ws/build/simmulator:/home/aaditya/Intro-to-robotics/ass1/ros2_ws/install/simmulator/lib/python3.10/site-packages:/home/aaditya/Intro-to-robotics/ass3/ros2_ws_2/build/owl:/home/aaditya/Intro-to-robotics/ass3/ros2_ws_2/install/owl/lib/python3.10/site-packages:/opt/ros/humble/lib/python3.10/site-packages:/opt/ros/humble/local/lib/python3.10/dist-packages /usr/bin/cmake --build /home/aaditya/OWL_Sorting/ros2_ws/build/owl_moveit_config -- -j8 -l8
[3.590s] DEBUG:colcon.colcon_core.event_handler.log_command:Invoked command in '/home/aaditya/OWL_Sorting/ros2_ws/build/owl_moveit_config' returned '0': AMENT_PREFIX_PATH=/home/aaditya/OWL_Sorting/ros2_ws/install/owl_description:/home/aaditya/OWL_Sorting/ros2_ws/install/owl_gazebo:/home/aaditya/Intro-to-robotics/ass1/ros2_ws/install/simmulator:/home/aaditya/ros2_ws/install/my_robot_description:/home/aaditya/Intro-to-robotics/ass3/ros2_ws_2/install/owl:/opt/ros/humble CMAKE_PREFIX_PATH=${CMAKE_PREFIX_PATH}:/home/aaditya/OWL_Sorting/ros2_ws/install/owl_gazebo:/home/aaditya/OWL_Sorting/ros2_ws/install/owl_description:/home/aaditya/Intro-to-robotics/ass1/ros2_ws/install/simmulator:/home/aaditya/Intro-to-robotics/ass3/ros2_ws_2/install/owl:/opt/ros/humble PYTHONPATH=/home/aaditya/OWL_Sorting/ros2_ws/build/owl_description:/home/aaditya/OWL_Sorting/ros2_ws/install/owl_description/lib/python3.10/site-packages:/home/vardan/OWL_Sorting/ros2_ws/build/owl_gazebo:/home/aaditya/OWL_Sorting/ros2_ws/install/owl_gazebo/lib/python3.10/site-packages:/home/vardan/OWL_Sorting/ros2_ws/build/owl_description:/home/aaditya/Intro-to-robotics/ass1/ros2_ws/build/simmulator:/home/aaditya/Intro-to-robotics/ass1/ros2_ws/install/simmulator/lib/python3.10/site-packages:/home/aaditya/Intro-to-robotics/ass3/ros2_ws_2/build/owl:/home/aaditya/Intro-to-robotics/ass3/ros2_ws_2/install/owl/lib/python3.10/site-packages:/opt/ros/humble/lib/python3.10/site-packages:/opt/ros/humble/local/lib/python3.10/dist-packages /usr/bin/cmake --build /home/aaditya/OWL_Sorting/ros2_ws/build/owl_moveit_config -- -j8 -l8
[3.628s] DEBUG:colcon.colcon_core.event_handler.log_command:Invoking command in '/home/aaditya/OWL_Sorting/ros2_ws/build/owl_moveit_config': AMENT_PREFIX_PATH=/home/aaditya/OWL_Sorting/ros2_ws/install/owl_description:/home/aaditya/OWL_Sorting/ros2_ws/install/owl_gazebo:/home/aaditya/Intro-to-robotics/ass1/ros2_ws/install/simmulator:/home/aaditya/ros2_ws/install/my_robot_description:/home/aaditya/Intro-to-robotics/ass3/ros2_ws_2/install/owl:/opt/ros/humble CMAKE_PREFIX_PATH=${CMAKE_PREFIX_PATH}:/home/aaditya/OWL_Sorting/ros2_ws/install/owl_gazebo:/home/aaditya/OWL_Sorting/ros2_ws/install/owl_description:/home/aaditya/Intro-to-robotics/ass1/ros2_ws/install/simmulator:/home/aaditya/Intro-to-robotics/ass3/ros2_ws_2/install/owl:/opt/ros/humble PYTHONPATH=/home/aaditya/OWL_Sorting/ros2_ws/build/owl_description:/home/aaditya/OWL_Sorting/ros2_ws/install/owl_description/lib/python3.10/site-packages:/home/vardan/OWL_Sorting/ros2_ws/build/owl_gazebo:/home/aaditya/OWL_Sorting/ros2_ws/install/owl_gazebo/lib/python3.10/site-packages:/home/vardan/OWL_Sorting/ros2_ws/build/owl_description:/home/aaditya/Intro-to-robotics/ass1/ros2_ws/build/simmulator:/home/aaditya/Intro-to-robotics/ass1/ros2_ws/install/simmulator/lib/python3.10/site-packages:/home/aaditya/Intro-to-robotics/ass3/ros2_ws_2/build/owl:/home/aaditya/Intro-to-robotics/ass3/ros2_ws_2/install/owl/lib/python3.10/site-packages:/opt/ros/humble/lib/python3.10/site-packages:/opt/ros/humble/local/lib/python3.10/dist-packages /usr/bin/cmake --install /home/aaditya/OWL_Sorting/ros2_ws/build/owl_moveit_config
[3.966s] Level 1:colcon.colcon_core.environment:create_environment_scripts_only(owl_moveit_config)
[3.967s] DEBUG:colcon.colcon_core.event_handler.log_command:Invoked command in '/home/aaditya/OWL_Sorting/ros2_ws/build/owl_moveit_config' returned '0': AMENT_PREFIX_PATH=/home/aaditya/OWL_Sorting/ros2_ws/install/owl_description:/home/aaditya/OWL_Sorting/ros2_ws/install/owl_gazebo:/home/aaditya/Intro-to-robotics/ass1/ros2_ws/install/simmulator:/home/aaditya/ros2_ws/install/my_robot_description:/home/aaditya/Intro-to-robotics/ass3/ros2_ws_2/install/owl:/opt/ros/humble CMAKE_PREFIX_PATH=${CMAKE_PREFIX_PATH}:/home/aaditya/OWL_Sorting/ros2_ws/install/owl_gazebo:/home/aaditya/OWL_Sorting/ros2_ws/install/owl_description:/home/aaditya/Intro-to-robotics/ass1/ros2_ws/install/simmulator:/home/aaditya/Intro-to-robotics/ass3/ros2_ws_2/install/owl:/opt/ros/humble PYTHONPATH=/home/aaditya/OWL_Sorting/ros2_ws/build/owl_description:/home/aaditya/OWL_Sorting/ros2_ws/install/owl_description/lib/python3.10/site-packages:/home/vardan/OWL_Sorting/ros2_ws/build/owl_gazebo:/home/aaditya/OWL_Sorting/ros2_ws/install/owl_gazebo/lib/python3.10/site-packages:/home/vardan/OWL_Sorting/ros2_ws/build/owl_description:/home/aaditya/Intro-to-robotics/ass1/ros2_ws/build/simmulator:/home/aaditya/Intro-to-robotics/ass1/ros2_ws/install/simmulator/lib/python3.10/site-packages:/home/aaditya/Intro-to-robotics/ass3/ros2_ws_2/build/owl:/home/aaditya/Intro-to-robotics/ass3/ros2_ws_2/install/owl/lib/python3.10/site-packages:/opt/ros/humble/lib/python3.10/site-packages:/opt/ros/humble/local/lib/python3.10/dist-packages /usr/bin/cmake --install /home/aaditya/OWL_Sorting/ros2_ws/build/owl_moveit_config
[3.967s] Level 1:colcon.colcon_core.environment:checking '/home/aaditya/OWL_Sorting/ros2_ws/install/owl_moveit_config' for CMake module files
[3.968s] Level 1:colcon.colcon_core.environment:checking '/home/aaditya/OWL_Sorting/ros2_ws/install/owl_moveit_config' for CMake config files
[3.968s] Level 1:colcon.colcon_core.shell:create_environment_hook('owl_moveit_config', 'cmake_prefix_path')
[3.968s] INFO:colcon.colcon_core.shell:Creating environment hook '/home/aaditya/OWL_Sorting/ros2_ws/install/owl_moveit_config/share/owl_moveit_config/hook/cmake_prefix_path.ps1'
[3.969s] INFO:colcon.colcon_core.shell:Creating environment descriptor '/home/aaditya/OWL_Sorting/ros2_ws/install/owl_moveit_config/share/owl_moveit_config/hook/cmake_prefix_path.dsv'
[3.970s] INFO:colcon.colcon_core.shell:Creating environment hook '/home/aaditya/OWL_Sorting/ros2_ws/install/owl_moveit_config/share/owl_moveit_config/hook/cmake_prefix_path.sh'
[3.970s] Level 1:colcon.colcon_core.environment:checking '/home/aaditya/OWL_Sorting/ros2_ws/install/owl_moveit_config/bin'
[3.971s] Level 1:colcon.colcon_core.environment:checking '/home/aaditya/OWL_Sorting/ros2_ws/install/owl_moveit_config/lib/pkgconfig/owl_moveit_config.pc'
[3.971s] Level 1:colcon.colcon_core.environment:checking '/home/aaditya/OWL_Sorting/ros2_ws/install/owl_moveit_config/lib/python3.10/site-packages'
[3.971s] Level 1:colcon.colcon_core.environment:checking '/home/aaditya/OWL_Sorting/ros2_ws/install/owl_moveit_config/bin'
[3.972s] INFO:colcon.colcon_core.shell:Creating package script '/home/aaditya/OWL_Sorting/ros2_ws/install/owl_moveit_config/share/owl_moveit_config/package.ps1'
[3.972s] INFO:colcon.colcon_core.shell:Creating package descriptor '/home/aaditya/OWL_Sorting/ros2_ws/install/owl_moveit_config/share/owl_moveit_config/package.dsv'
[3.973s] INFO:colcon.colcon_core.shell:Creating package script '/home/aaditya/OWL_Sorting/ros2_ws/install/owl_moveit_config/share/owl_moveit_config/package.sh'
[3.973s] INFO:colcon.colcon_core.shell:Creating package script '/home/aaditya/OWL_Sorting/ros2_ws/install/owl_moveit_config/share/owl_moveit_config/package.bash'
[3.974s] INFO:colcon.colcon_core.shell:Creating package script '/home/aaditya/OWL_Sorting/ros2_ws/install/owl_moveit_config/share/owl_moveit_config/package.zsh'
[3.974s] Level 1:colcon.colcon_core.environment:create_file_with_runtime_dependencies(/home/aaditya/OWL_Sorting/ros2_ws/install/owl_moveit_config/share/colcon-core/packages/owl_moveit_config)
[3.997s] Level 1:colcon.colcon_core.environment:create_environment_scripts_only(owl_moveit_config)
[3.998s] Level 1:colcon.colcon_core.environment:checking '/home/aaditya/OWL_Sorting/ros2_ws/install/owl_moveit_config' for CMake module files
[3.998s] Level 1:colcon.colcon_core.environment:checking '/home/aaditya/OWL_Sorting/ros2_ws/install/owl_moveit_config' for CMake config files
[3.998s] Level 1:colcon.colcon_core.shell:create_environment_hook('owl_moveit_config', 'cmake_prefix_path')
[3.998s] INFO:colcon.colcon_core.shell:Creating environment hook '/home/aaditya/OWL_Sorting/ros2_ws/install/owl_moveit_config/share/owl_moveit_config/hook/cmake_prefix_path.ps1'
[3.999s] INFO:colcon.colcon_core.shell:Creating environment descriptor '/home/aaditya/OWL_Sorting/ros2_ws/install/owl_moveit_config/share/owl_moveit_config/hook/cmake_prefix_path.dsv'
[3.999s] INFO:colcon.colcon_core.shell:Creating environment hook '/home/aaditya/OWL_Sorting/ros2_ws/install/owl_moveit_config/share/owl_moveit_config/hook/cmake_prefix_path.sh'
[4.000s] Level 1:colcon.colcon_core.environment:checking '/home/aaditya/OWL_Sorting/ros2_ws/install/owl_moveit_config/bin'
[4.000s] Level 1:colcon.colcon_core.environment:checking '/home/aaditya/OWL_Sorting/ros2_ws/install/owl_moveit_config/lib/pkgconfig/owl_moveit_config.pc'
[4.000s] Level 1:colcon.colcon_core.environment:checking '/home/aaditya/OWL_Sorting/ros2_ws/install/owl_moveit_config/lib/python3.10/site-packages'
[4.000s] Level 1:colcon.colcon_core.environment:checking '/home/aaditya/OWL_Sorting/ros2_ws/install/owl_moveit_config/bin'
[4.001s] INFO:colcon.colcon_core.shell:Creating package script '/home/aaditya/OWL_Sorting/ros2_ws/install/owl_moveit_config/share/owl_moveit_config/package.ps1'
[4.002s] INFO:colcon.colcon_core.shell:Creating package descriptor '/home/aaditya/OWL_Sorting/ros2_ws/install/owl_moveit_config/share/owl_moveit_config/package.dsv'
[4.002s] INFO:colcon.colcon_core.shell:Creating package script '/home/aaditya/OWL_Sorting/ros2_ws/install/owl_moveit_config/share/owl_moveit_config/package.sh'
[4.003s] INFO:colcon.colcon_core.shell:Creating package script '/home/aaditya/OWL_Sorting/ros2_ws/install/owl_moveit_config/share/owl_moveit_config/package.bash'
[4.003s] INFO:colcon.colcon_core.shell:Creating package script '/home/aaditya/OWL_Sorting/ros2_ws/install/owl_moveit_config/share/owl_moveit_config/package.zsh'
[4.003s] Level 1:colcon.colcon_core.environment:create_file_with_runtime_dependencies(/home/aaditya/OWL_Sorting/ros2_ws/install/owl_moveit_config/share/colcon-core/packages/owl_moveit_config)
[4.004s] INFO:colcon.colcon_ros.task.ament_python.build:Building ROS package in '/home/aaditya/OWL_Sorting/ros2_ws/src/owl_gazebo' with build type 'ament_python'
[4.004s] Level 1:colcon.colcon_core.shell:create_environment_hook('owl_gazebo', 'ament_prefix_path')
[4.005s] INFO:colcon.colcon_core.shell:Creating environment hook '/home/aaditya/OWL_Sorting/ros2_ws/install/owl_gazebo/share/owl_gazebo/hook/ament_prefix_path.ps1'
[4.006s] INFO:colcon.colcon_core.shell:Creating environment descriptor '/home/aaditya/OWL_Sorting/ros2_ws/install/owl_gazebo/share/owl_gazebo/hook/ament_prefix_path.dsv'
[4.007s] INFO:colcon.colcon_core.shell:Creating environment hook '/home/aaditya/OWL_Sorting/ros2_ws/install/owl_gazebo/share/owl_gazebo/hook/ament_prefix_path.sh'
[4.007s] INFO:colcon.colcon_core.shell:Skip shell extension 'powershell' for command environment: Not usable outside of PowerShell
[4.007s] DEBUG:colcon.colcon_core.shell:Skip shell extension 'dsv' for command environment
[4.798s] INFO:colcon.colcon_core.task.python.build:Building Python package in '/home/aaditya/OWL_Sorting/ros2_ws/src/owl_gazebo'
[4.799s] INFO:colcon.colcon_core.shell:Skip shell extension 'powershell' for command environment: Not usable outside of PowerShell
[4.799s] DEBUG:colcon.colcon_core.shell:Skip shell extension 'dsv' for command environment
[5.494s] DEBUG:colcon.colcon_core.event_handler.log_command:Invoking command in '/home/aaditya/OWL_Sorting/ros2_ws/build/owl_gazebo': AMENT_PREFIX_PATH=/home/aaditya/OWL_Sorting/ros2_ws/install/owl_moveit_config:/home/aaditya/OWL_Sorting/ros2_ws/install/owl_description:/home/aaditya/OWL_Sorting/ros2_ws/install/owl_gazebo:/home/aaditya/Intro-to-robotics/ass1/ros2_ws/install/simmulator:/home/aaditya/ros2_ws/install/my_robot_description:/home/aaditya/Intro-to-robotics/ass3/ros2_ws_2/install/owl:/opt/ros/humble PYTHONPATH=/home/aaditya/OWL_Sorting/ros2_ws/build/owl_gazebo/prefix_override:/usr/lib/python3/dist-packages/colcon_core/task/python/colcon_distutils_commands:/home/aaditya/OWL_Sorting/ros2_ws/install/owl_gazebo/lib/python3.10/site-packages:/home/aaditya/OWL_Sorting/ros2_ws/build/owl_description:/home/aaditya/OWL_Sorting/ros2_ws/install/owl_description/lib/python3.10/site-packages:/home/vardan/OWL_Sorting/ros2_ws/build/owl_gazebo:/home/aaditya/OWL_Sorting/ros2_ws/install/owl_gazebo/lib/python3.10/site-packages:/home/vardan/OWL_Sorting/ros2_ws/build/owl_description:/home/aaditya/Intro-to-robotics/ass1/ros2_ws/build/simmulator:/home/aaditya/Intro-to-robotics/ass1/ros2_ws/install/simmulator/lib/python3.10/site-packages:/home/aaditya/Intro-to-robotics/ass3/ros2_ws_2/build/owl:/home/aaditya/Intro-to-robotics/ass3/ros2_ws_2/install/owl/lib/python3.10/site-packages:/opt/ros/humble/lib/python3.10/site-packages:/opt/ros/humble/local/lib/python3.10/dist-packages /usr/bin/python3 -W ignore:setup.py install is deprecated setup.py develop --editable --build-directory /home/aaditya/OWL_Sorting/ros2_ws/build/owl_gazebo/build --no-deps symlink_data
[6.061s] Level 1:colcon.colcon_core.shell:create_environment_hook('owl_gazebo', 'pythonpath_develop')
[6.061s] DEBUG:colcon.colcon_core.event_handler.log_command:Invoked command in '/home/aaditya/OWL_Sorting/ros2_ws/build/owl_gazebo' returned '0': AMENT_PREFIX_PATH=/home/aaditya/OWL_Sorting/ros2_ws/install/owl_moveit_config:/home/aaditya/OWL_Sorting/ros2_ws/install/owl_description:/home/aaditya/OWL_Sorting/ros2_ws/install/owl_gazebo:/home/aaditya/Intro-to-robotics/ass1/ros2_ws/install/simmulator:/home/aaditya/ros2_ws/install/my_robot_description:/home/aaditya/Intro-to-robotics/ass3/ros2_ws_2/install/owl:/opt/ros/humble PYTHONPATH=/home/aaditya/OWL_Sorting/ros2_ws/build/owl_gazebo/prefix_override:/usr/lib/python3/dist-packages/colcon_core/task/python/colcon_distutils_commands:/home/aaditya/OWL_Sorting/ros2_ws/install/owl_gazebo/lib/python3.10/site-packages:/home/aaditya/OWL_Sorting/ros2_ws/build/owl_description:/home/aaditya/OWL_Sorting/ros2_ws/install/owl_description/lib/python3.10/site-packages:/home/vardan/OWL_Sorting/ros2_ws/build/owl_gazebo:/home/aaditya/OWL_Sorting/ros2_ws/install/owl_gazebo/lib/python3.10/site-packages:/home/vardan/OWL_Sorting/ros2_ws/build/owl_description:/home/aaditya/Intro-to-robotics/ass1/ros2_ws/build/simmulator:/home/aaditya/Intro-to-robotics/ass1/ros2_ws/install/simmulator/lib/python3.10/site-packages:/home/aaditya/Intro-to-robotics/ass3/ros2_ws_2/build/owl:/home/aaditya/Intro-to-robotics/ass3/ros2_ws_2/install/owl/lib/python3.10/site-packages:/opt/ros/humble/lib/python3.10/site-packages:/opt/ros/humble/local/lib/python3.10/dist-packages /usr/bin/python3 -W ignore:setup.py install is deprecated setup.py develop --editable --build-directory /home/aaditya/OWL_Sorting/ros2_ws/build/owl_gazebo/build --no-deps symlink_data
[6.062s] INFO:colcon.colcon_core.shell:Creating environment hook '/home/aaditya/OWL_Sorting/ros2_ws/build/owl_gazebo/share/owl_gazebo/hook/pythonpath_develop.ps1'
[6.064s] INFO:colcon.colcon_core.shell:Creating environment descriptor '/home/aaditya/OWL_Sorting/ros2_ws/build/owl_gazebo/share/owl_gazebo/hook/pythonpath_develop.dsv'
[6.064s] INFO:colcon.colcon_core.shell:Creating environment hook '/home/aaditya/OWL_Sorting/ros2_ws/build/owl_gazebo/share/owl_gazebo/hook/pythonpath_develop.sh'
[6.065s] Level 1:colcon.colcon_core.environment:checking '/home/aaditya/OWL_Sorting/ros2_ws/install/owl_gazebo' for CMake module files
[6.066s] Level 1:colcon.colcon_core.environment:checking '/home/aaditya/OWL_Sorting/ros2_ws/install/owl_gazebo' for CMake config files
[6.066s] Level 1:colcon.colcon_core.environment:checking '/home/aaditya/OWL_Sorting/ros2_ws/install/owl_gazebo/lib'
[6.067s] Level 1:colcon.colcon_core.environment:checking '/home/aaditya/OWL_Sorting/ros2_ws/install/owl_gazebo/bin'
[6.067s] Level 1:colcon.colcon_core.environment:checking '/home/aaditya/OWL_Sorting/ros2_ws/install/owl_gazebo/lib/pkgconfig/owl_gazebo.pc'
[6.067s] Level 1:colcon.colcon_core.environment:checking '/home/aaditya/OWL_Sorting/ros2_ws/install/owl_gazebo/lib/python3.10/site-packages'
[6.067s] Level 1:colcon.colcon_core.shell:create_environment_hook('owl_gazebo', 'pythonpath')
[6.067s] INFO:colcon.colcon_core.shell:Creating environment hook '/home/aaditya/OWL_Sorting/ros2_ws/install/owl_gazebo/share/owl_gazebo/hook/pythonpath.ps1'
[6.068s] INFO:colcon.colcon_core.shell:Creating environment descriptor '/home/aaditya/OWL_Sorting/ros2_ws/install/owl_gazebo/share/owl_gazebo/hook/pythonpath.dsv'
[6.069s] INFO:colcon.colcon_core.shell:Creating environment hook '/home/aaditya/OWL_Sorting/ros2_ws/install/owl_gazebo/share/owl_gazebo/hook/pythonpath.sh'
[6.069s] Level 1:colcon.colcon_core.environment:checking '/home/aaditya/OWL_Sorting/ros2_ws/install/owl_gazebo/bin'
[6.069s] Level 1:colcon.colcon_core.environment:create_environment_scripts_only(owl_gazebo)
[6.070s] INFO:colcon.colcon_core.shell:Creating package script '/home/aaditya/OWL_Sorting/ros2_ws/install/owl_gazebo/share/owl_gazebo/package.ps1'
[6.070s] INFO:colcon.colcon_core.shell:Creating package descriptor '/home/aaditya/OWL_Sorting/ros2_ws/install/owl_gazebo/share/owl_gazebo/package.dsv'
[6.071s] INFO:colcon.colcon_core.shell:Creating package script '/home/aaditya/OWL_Sorting/ros2_ws/install/owl_gazebo/share/owl_gazebo/package.sh'
[6.071s] INFO:colcon.colcon_core.shell:Creating package script '/home/aaditya/OWL_Sorting/ros2_ws/install/owl_gazebo/share/owl_gazebo/package.bash'
[6.071s] INFO:colcon.colcon_core.shell:Creating package script '/home/aaditya/OWL_Sorting/ros2_ws/install/owl_gazebo/share/owl_gazebo/package.zsh'
[6.072s] Level 1:colcon.colcon_core.environment:create_file_with_runtime_dependencies(/home/aaditya/OWL_Sorting/ros2_ws/install/owl_gazebo/share/colcon-core/packages/owl_gazebo)
[6.074s] DEBUG:colcon.colcon_parallel_executor.executor.parallel:closing loop
[6.074s] DEBUG:colcon.colcon_parallel_executor.executor.parallel:loop closed
[6.075s] DEBUG:colcon.colcon_parallel_executor.executor.parallel:run_until_complete finished with '0'
[6.075s] DEBUG:colcon.colcon_core.event_reactor:joining thread
[6.121s] INFO:colcon.colcon_core.plugin_system:Skipping extension 'colcon_notification.desktop_notification.notify_send': Could not find 'notify-send'
[6.121s] INFO:colcon.colcon_core.plugin_system:Skipping extension 'colcon_notification.desktop_notification.terminal_notifier': Not used on non-Darwin systems
[6.121s] INFO:colcon.colcon_core.plugin_system:Skipping extension 'colcon_notification.desktop_notification.win32': Not used on non-Windows systems
[6.121s] INFO:colcon.colcon_notification.desktop_notification:Sending desktop notification using 'notify2'
[6.123s] DEBUG:colcon.colcon_notification.desktop_notification.notify2:Failed to initialize notify2: org.freedesktop.DBus.Error.ServiceUnknown: The name org.freedesktop.Notifications was not provided by any .service files
[6.123s] DEBUG:colcon.colcon_core.event_reactor:joined thread
[6.123s] INFO:colcon.colcon_core.shell:Creating prefix script '/home/aaditya/OWL_Sorting/ros2_ws/install/local_setup.ps1'
[6.125s] INFO:colcon.colcon_core.shell:Creating prefix util module '/home/aaditya/OWL_Sorting/ros2_ws/install/_local_setup_util_ps1.py'
[6.128s] INFO:colcon.colcon_core.shell:Creating prefix chain script '/home/aaditya/OWL_Sorting/ros2_ws/install/setup.ps1'
[6.130s] INFO:colcon.colcon_core.shell:Creating prefix script '/home/aaditya/OWL_Sorting/ros2_ws/install/local_setup.sh'
[6.131s] INFO:colcon.colcon_core.shell:Creating prefix util module '/home/aaditya/OWL_Sorting/ros2_ws/install/_local_setup_util_sh.py'
[6.134s] INFO:colcon.colcon_core.shell:Creating prefix chain script '/home/aaditya/OWL_Sorting/ros2_ws/install/setup.sh'
[6.136s] INFO:colcon.colcon_core.shell:Creating prefix script '/home/aaditya/OWL_Sorting/ros2_ws/install/local_setup.bash'
[6.137s] INFO:colcon.colcon_core.shell:Creating prefix chain script '/home/aaditya/OWL_Sorting/ros2_ws/install/setup.bash'
[6.138s] INFO:colcon.colcon_core.shell:Creating prefix script '/home/aaditya/OWL_Sorting/ros2_ws/install/local_setup.zsh'
[6.139s] INFO:colcon.colcon_core.shell:Creating prefix chain script '/home/aaditya/OWL_Sorting/ros2_ws/install/setup.zsh'
